{"C:\\laragon\\www\\fyp\\backend\\controllers\\adminControllers.js": {"path":"C:\\laragon\\www\\fyp\\backend\\controllers\\adminControllers.js","statementMap":{"0":{"start":{"line":3,"column":14},"end":{"line":3,"column":39}},"1":{"start":{"line":4,"column":15},"end":{"line":4,"column":34}},"2":{"start":{"line":5,"column":15},"end":{"line":5,"column":32}},"3":{"start":{"line":7,"column":36},"end":{"line":7,"column":67}},"4":{"start":{"line":12,"column":0},"end":{"line":192,"column":2}},"5":{"start":{"line":13,"column":2},"end":{"line":191,"column":3}},"6":{"start":{"line":14,"column":29},"end":{"line":14,"column":38}},"7":{"start":{"line":17,"column":4},"end":{"line":42,"column":5}},"8":{"start":{"line":18,"column":16},"end":{"line":32,"column":7}},"9":{"start":{"line":33,"column":21},"end":{"line":33,"column":23}},"10":{"start":{"line":34,"column":6},"end":{"line":37,"column":7}},"11":{"start":{"line":35,"column":8},"end":{"line":35,"column":56}},"12":{"start":{"line":36,"column":8},"end":{"line":36,"column":50}},"13":{"start":{"line":38,"column":6},"end":{"line":38,"column":43}},"14":{"start":{"line":40,"column":21},"end":{"line":40,"column":48}},"15":{"start":{"line":41,"column":6},"end":{"line":41,"column":39}},"16":{"start":{"line":45,"column":4},"end":{"line":174,"column":5}},"17":{"start":{"line":47,"column":21},"end":{"line":47,"column":23}},"18":{"start":{"line":49,"column":6},"end":{"line":170,"column":7}},"19":{"start":{"line":50,"column":8},"end":{"line":64,"column":10}},"20":{"start":{"line":65,"column":8},"end":{"line":65,"column":26}},"21":{"start":{"line":66,"column":8},"end":{"line":69,"column":9}},"22":{"start":{"line":67,"column":10},"end":{"line":67,"column":135}},"23":{"start":{"line":68,"column":10},"end":{"line":68,"column":97}},"24":{"start":{"line":70,"column":8},"end":{"line":70,"column":45}},"25":{"start":{"line":72,"column":13},"end":{"line":170,"column":7}},"26":{"start":{"line":73,"column":8},"end":{"line":88,"column":10}},"27":{"start":{"line":89,"column":8},"end":{"line":89,"column":26}},"28":{"start":{"line":90,"column":8},"end":{"line":93,"column":9}},"29":{"start":{"line":91,"column":10},"end":{"line":91,"column":108}},"30":{"start":{"line":92,"column":10},"end":{"line":92,"column":82}},"31":{"start":{"line":94,"column":8},"end":{"line":94,"column":45}},"32":{"start":{"line":96,"column":13},"end":{"line":170,"column":7}},"33":{"start":{"line":97,"column":8},"end":{"line":116,"column":10}},"34":{"start":{"line":117,"column":8},"end":{"line":117,"column":26}},"35":{"start":{"line":118,"column":8},"end":{"line":121,"column":9}},"36":{"start":{"line":119,"column":10},"end":{"line":119,"column":84}},"37":{"start":{"line":120,"column":10},"end":{"line":120,"column":67}},"38":{"start":{"line":122,"column":8},"end":{"line":122,"column":45}},"39":{"start":{"line":124,"column":13},"end":{"line":170,"column":7}},"40":{"start":{"line":125,"column":8},"end":{"line":136,"column":10}},"41":{"start":{"line":137,"column":8},"end":{"line":140,"column":9}},"42":{"start":{"line":138,"column":10},"end":{"line":138,"column":58}},"43":{"start":{"line":139,"column":10},"end":{"line":139,"column":52}},"44":{"start":{"line":141,"column":8},"end":{"line":141,"column":45}},"45":{"start":{"line":143,"column":13},"end":{"line":170,"column":7}},"46":{"start":{"line":144,"column":8},"end":{"line":155,"column":10}},"47":{"start":{"line":156,"column":8},"end":{"line":159,"column":9}},"48":{"start":{"line":157,"column":10},"end":{"line":157,"column":58}},"49":{"start":{"line":158,"column":10},"end":{"line":158,"column":52}},"50":{"start":{"line":160,"column":8},"end":{"line":160,"column":45}},"51":{"start":{"line":163,"column":8},"end":{"line":163,"column":121}},"52":{"start":{"line":164,"column":8},"end":{"line":164,"column":26}},"53":{"start":{"line":165,"column":8},"end":{"line":168,"column":9}},"54":{"start":{"line":166,"column":10},"end":{"line":166,"column":54}},"55":{"start":{"line":167,"column":10},"end":{"line":167,"column":52}},"56":{"start":{"line":169,"column":8},"end":{"line":169,"column":43}},"57":{"start":{"line":172,"column":21},"end":{"line":172,"column":48}},"58":{"start":{"line":173,"column":6},"end":{"line":173,"column":39}},"59":{"start":{"line":177,"column":14},"end":{"line":177,"column":121}},"60":{"start":{"line":178,"column":19},"end":{"line":178,"column":21}},"61":{"start":{"line":179,"column":4},"end":{"line":182,"column":5}},"62":{"start":{"line":180,"column":6},"end":{"line":180,"column":50}},"63":{"start":{"line":181,"column":6},"end":{"line":181,"column":48}},"64":{"start":{"line":183,"column":4},"end":{"line":183,"column":39}},"65":{"start":{"line":185,"column":19},"end":{"line":185,"column":46}},"66":{"start":{"line":186,"column":4},"end":{"line":186,"column":37}},"67":{"start":{"line":189,"column":4},"end":{"line":189,"column":43}},"68":{"start":{"line":190,"column":4},"end":{"line":190,"column":88}},"69":{"start":{"line":198,"column":0},"end":{"line":358,"column":2}},"70":{"start":{"line":199,"column":15},"end":{"line":199,"column":39}},"71":{"start":{"line":200,"column":2},"end":{"line":357,"column":3}},"72":{"start":{"line":201,"column":4},"end":{"line":201,"column":34}},"73":{"start":{"line":203,"column":21},"end":{"line":203,"column":31}},"74":{"start":{"line":204,"column":21},"end":{"line":204,"column":30}},"75":{"start":{"line":205,"column":21},"end":{"line":205,"column":29}},"76":{"start":{"line":207,"column":30},"end":{"line":207,"column":64}},"77":{"start":{"line":208,"column":4},"end":{"line":208,"column":89}},"78":{"start":{"line":208,"column":50},"end":{"line":208,"column":89}},"79":{"start":{"line":210,"column":23},"end":{"line":210,"column":86}},"80":{"start":{"line":210,"column":56},"end":{"line":210,"column":85}},"81":{"start":{"line":212,"column":33},"end":{"line":214,"column":79}},"82":{"start":{"line":215,"column":33},"end":{"line":216,"column":105}},"83":{"start":{"line":217,"column":33},"end":{"line":217,"column":82}},"84":{"start":{"line":218,"column":34},"end":{"line":218,"column":87}},"85":{"start":{"line":220,"column":4},"end":{"line":223,"column":5}},"86":{"start":{"line":221,"column":6},"end":{"line":221,"column":28}},"87":{"start":{"line":222,"column":6},"end":{"line":222,"column":77}},"88":{"start":{"line":225,"column":4},"end":{"line":234,"column":5}},"89":{"start":{"line":226,"column":24},"end":{"line":226,"column":66}},"90":{"start":{"line":226,"column":44},"end":{"line":226,"column":54}},"91":{"start":{"line":227,"column":24},"end":{"line":227,"column":64}},"92":{"start":{"line":227,"column":48},"end":{"line":227,"column":58}},"93":{"start":{"line":228,"column":24},"end":{"line":228,"column":99}},"94":{"start":{"line":230,"column":6},"end":{"line":233,"column":7}},"95":{"start":{"line":231,"column":8},"end":{"line":231,"column":30}},"96":{"start":{"line":232,"column":8},"end":{"line":232,"column":68}},"97":{"start":{"line":236,"column":4},"end":{"line":260,"column":5}},"98":{"start":{"line":237,"column":28},"end":{"line":237,"column":30}},"99":{"start":{"line":238,"column":6},"end":{"line":238,"column":101}},"100":{"start":{"line":238,"column":50},"end":{"line":238,"column":101}},"101":{"start":{"line":239,"column":6},"end":{"line":239,"column":108}},"102":{"start":{"line":239,"column":50},"end":{"line":239,"column":108}},"103":{"start":{"line":240,"column":6},"end":{"line":240,"column":111}},"104":{"start":{"line":240,"column":50},"end":{"line":240,"column":111}},"105":{"start":{"line":241,"column":6},"end":{"line":241,"column":104}},"106":{"start":{"line":241,"column":50},"end":{"line":241,"column":104}},"107":{"start":{"line":243,"column":6},"end":{"line":247,"column":7}},"108":{"start":{"line":244,"column":26},"end":{"line":244,"column":84}},"109":{"start":{"line":244,"column":62},"end":{"line":244,"column":72}},"110":{"start":{"line":245,"column":26},"end":{"line":245,"column":63}},"111":{"start":{"line":246,"column":8},"end":{"line":246,"column":96}},"112":{"start":{"line":249,"column":11},"end":{"line":260,"column":5}},"113":{"start":{"line":250,"column":24},"end":{"line":250,"column":26}},"114":{"start":{"line":251,"column":6},"end":{"line":251,"column":81}},"115":{"start":{"line":251,"column":44},"end":{"line":251,"column":81}},"116":{"start":{"line":252,"column":6},"end":{"line":252,"column":84}},"117":{"start":{"line":252,"column":44},"end":{"line":252,"column":84}},"118":{"start":{"line":253,"column":6},"end":{"line":253,"column":94}},"119":{"start":{"line":253,"column":44},"end":{"line":253,"column":94}},"120":{"start":{"line":255,"column":6},"end":{"line":259,"column":7}},"121":{"start":{"line":256,"column":26},"end":{"line":256,"column":80}},"122":{"start":{"line":256,"column":58},"end":{"line":256,"column":68}},"123":{"start":{"line":257,"column":26},"end":{"line":257,"column":59}},"124":{"start":{"line":258,"column":8},"end":{"line":258,"column":99}},"125":{"start":{"line":262,"column":4},"end":{"line":262,"column":24}},"126":{"start":{"line":266,"column":4},"end":{"line":345,"column":5}},"127":{"start":{"line":267,"column":21},"end":{"line":282,"column":7}},"128":{"start":{"line":283,"column":6},"end":{"line":283,"column":26}},"129":{"start":{"line":285,"column":11},"end":{"line":345,"column":5}},"130":{"start":{"line":286,"column":21},"end":{"line":302,"column":7}},"131":{"start":{"line":303,"column":6},"end":{"line":303,"column":26}},"132":{"start":{"line":305,"column":11},"end":{"line":345,"column":5}},"133":{"start":{"line":306,"column":6},"end":{"line":311,"column":7}},"134":{"start":{"line":307,"column":8},"end":{"line":310,"column":10}},"135":{"start":{"line":312,"column":21},"end":{"line":319,"column":7}},"136":{"start":{"line":320,"column":6},"end":{"line":320,"column":26}},"137":{"start":{"line":322,"column":11},"end":{"line":345,"column":5}},"138":{"start":{"line":323,"column":6},"end":{"line":328,"column":7}},"139":{"start":{"line":324,"column":8},"end":{"line":327,"column":10}},"140":{"start":{"line":329,"column":21},"end":{"line":336,"column":7}},"141":{"start":{"line":337,"column":6},"end":{"line":337,"column":26}},"142":{"start":{"line":340,"column":21},"end":{"line":343,"column":7}},"143":{"start":{"line":344,"column":6},"end":{"line":344,"column":26}},"144":{"start":{"line":347,"column":4},"end":{"line":347,"column":41}},"145":{"start":{"line":350,"column":4},"end":{"line":350,"column":26}},"146":{"start":{"line":351,"column":4},"end":{"line":351,"column":44}},"147":{"start":{"line":352,"column":4},"end":{"line":353,"column":99}},"148":{"start":{"line":353,"column":6},"end":{"line":353,"column":99}},"149":{"start":{"line":354,"column":4},"end":{"line":354,"column":88}},"150":{"start":{"line":356,"column":4},"end":{"line":356,"column":19}},"151":{"start":{"line":364,"column":0},"end":{"line":379,"column":2}},"152":{"start":{"line":365,"column":2},"end":{"line":378,"column":3}},"153":{"start":{"line":366,"column":19},"end":{"line":366,"column":29}},"154":{"start":{"line":368,"column":21},"end":{"line":368,"column":80}},"155":{"start":{"line":370,"column":4},"end":{"line":371,"column":66}},"156":{"start":{"line":371,"column":6},"end":{"line":371,"column":66}},"157":{"start":{"line":373,"column":4},"end":{"line":373,"column":63}},"158":{"start":{"line":376,"column":4},"end":{"line":376,"column":44}},"159":{"start":{"line":377,"column":4},"end":{"line":377,"column":88}},"160":{"start":{"line":385,"column":0},"end":{"line":460,"column":2}},"161":{"start":{"line":386,"column":2},"end":{"line":459,"column":3}},"162":{"start":{"line":387,"column":21},"end":{"line":387,"column":30}},"163":{"start":{"line":388,"column":22},"end":{"line":388,"column":30}},"164":{"start":{"line":390,"column":4},"end":{"line":391,"column":70}},"165":{"start":{"line":391,"column":6},"end":{"line":391,"column":70}},"166":{"start":{"line":393,"column":20},"end":{"line":393,"column":22}},"167":{"start":{"line":394,"column":20},"end":{"line":394,"column":22}},"168":{"start":{"line":396,"column":4},"end":{"line":448,"column":5}},"169":{"start":{"line":396,"column":17},"end":{"line":396,"column":18}},"170":{"start":{"line":397,"column":16},"end":{"line":397,"column":24}},"171":{"start":{"line":398,"column":6},"end":{"line":447,"column":7}},"172":{"start":{"line":399,"column":29},"end":{"line":399,"column":81}},"173":{"start":{"line":400,"column":29},"end":{"line":400,"column":64}},"174":{"start":{"line":401,"column":29},"end":{"line":401,"column":67}},"175":{"start":{"line":402,"column":29},"end":{"line":402,"column":71}},"176":{"start":{"line":404,"column":25},"end":{"line":409,"column":9}},"177":{"start":{"line":411,"column":23},"end":{"line":411,"column":38}},"178":{"start":{"line":413,"column":8},"end":{"line":435,"column":9}},"179":{"start":{"line":414,"column":10},"end":{"line":419,"column":12}},"180":{"start":{"line":420,"column":15},"end":{"line":435,"column":9}},"181":{"start":{"line":421,"column":10},"end":{"line":424,"column":12}},"182":{"start":{"line":425,"column":15},"end":{"line":435,"column":9}},"183":{"start":{"line":426,"column":10},"end":{"line":429,"column":13}},"184":{"start":{"line":430,"column":15},"end":{"line":435,"column":9}},"185":{"start":{"line":431,"column":10},"end":{"line":434,"column":13}},"186":{"start":{"line":437,"column":8},"end":{"line":437,"column":76}},"187":{"start":{"line":439,"column":8},"end":{"line":439,"column":67}},"188":{"start":{"line":442,"column":8},"end":{"line":446,"column":11}},"189":{"start":{"line":450,"column":4},"end":{"line":454,"column":7}},"190":{"start":{"line":457,"column":4},"end":{"line":457,"column":45}},"191":{"start":{"line":458,"column":4},"end":{"line":458,"column":88}},"192":{"start":{"line":466,"column":0},"end":{"line":544,"column":2}},"193":{"start":{"line":467,"column":2},"end":{"line":543,"column":3}},"194":{"start":{"line":468,"column":25},"end":{"line":470,"column":5}},"195":{"start":{"line":472,"column":19},"end":{"line":472,"column":92}},"196":{"start":{"line":473,"column":4},"end":{"line":475,"column":7}},"197":{"start":{"line":474,"column":6},"end":{"line":474,"column":83}},"198":{"start":{"line":474,"column":62},"end":{"line":474,"column":83}},"199":{"start":{"line":477,"column":27},"end":{"line":479,"column":5}},"200":{"start":{"line":481,"column":30},"end":{"line":494,"column":5}},"201":{"start":{"line":495,"column":4},"end":{"line":498,"column":7}},"202":{"start":{"line":496,"column":6},"end":{"line":497,"column":42}},"203":{"start":{"line":497,"column":8},"end":{"line":497,"column":42}},"204":{"start":{"line":500,"column":4},"end":{"line":501,"column":67}},"205":{"start":{"line":502,"column":4},"end":{"line":503,"column":108}},"206":{"start":{"line":505,"column":26},"end":{"line":515,"column":6}},"207":{"start":{"line":517,"column":16},"end":{"line":517,"column":18}},"208":{"start":{"line":518,"column":4},"end":{"line":524,"column":7}},"209":{"start":{"line":519,"column":18},"end":{"line":519,"column":65}},"210":{"start":{"line":520,"column":6},"end":{"line":520,"column":83}},"211":{"start":{"line":520,"column":21},"end":{"line":520,"column":83}},"212":{"start":{"line":521,"column":6},"end":{"line":521,"column":68}},"213":{"start":{"line":521,"column":39},"end":{"line":521,"column":68}},"214":{"start":{"line":522,"column":6},"end":{"line":522,"column":68}},"215":{"start":{"line":522,"column":39},"end":{"line":522,"column":68}},"216":{"start":{"line":523,"column":6},"end":{"line":523,"column":68}},"217":{"start":{"line":523,"column":39},"end":{"line":523,"column":68}},"218":{"start":{"line":526,"column":24},"end":{"line":531,"column":5}},"219":{"start":{"line":533,"column":4},"end":{"line":538,"column":7}},"220":{"start":{"line":541,"column":4},"end":{"line":541,"column":42}},"221":{"start":{"line":542,"column":4},"end":{"line":542,"column":88}},"222":{"start":{"line":550,"column":0},"end":{"line":661,"column":2}},"223":{"start":{"line":551,"column":15},"end":{"line":551,"column":39}},"224":{"start":{"line":552,"column":2},"end":{"line":660,"column":3}},"225":{"start":{"line":553,"column":4},"end":{"line":553,"column":34}},"226":{"start":{"line":562,"column":8},"end":{"line":562,"column":16}},"227":{"start":{"line":564,"column":4},"end":{"line":567,"column":5}},"228":{"start":{"line":565,"column":6},"end":{"line":565,"column":28}},"229":{"start":{"line":566,"column":6},"end":{"line":566,"column":86}},"230":{"start":{"line":569,"column":4},"end":{"line":572,"column":5}},"231":{"start":{"line":570,"column":6},"end":{"line":570,"column":28}},"232":{"start":{"line":571,"column":6},"end":{"line":571,"column":127}},"233":{"start":{"line":574,"column":23},"end":{"line":574,"column":93}},"234":{"start":{"line":575,"column":4},"end":{"line":578,"column":5}},"235":{"start":{"line":576,"column":6},"end":{"line":576,"column":28}},"236":{"start":{"line":577,"column":6},"end":{"line":577,"column":89}},"237":{"start":{"line":580,"column":28},"end":{"line":580,"column":80}},"238":{"start":{"line":581,"column":28},"end":{"line":581,"column":63}},"239":{"start":{"line":582,"column":28},"end":{"line":582,"column":66}},"240":{"start":{"line":583,"column":28},"end":{"line":583,"column":70}},"241":{"start":{"line":585,"column":25},"end":{"line":589,"column":5}},"242":{"start":{"line":590,"column":19},"end":{"line":590,"column":38}},"243":{"start":{"line":592,"column":4},"end":{"line":599,"column":5}},"244":{"start":{"line":593,"column":6},"end":{"line":598,"column":8}},"245":{"start":{"line":601,"column":4},"end":{"line":606,"column":5}},"246":{"start":{"line":602,"column":6},"end":{"line":605,"column":8}},"247":{"start":{"line":608,"column":4},"end":{"line":613,"column":5}},"248":{"start":{"line":609,"column":6},"end":{"line":612,"column":8}},"249":{"start":{"line":615,"column":4},"end":{"line":620,"column":5}},"250":{"start":{"line":616,"column":6},"end":{"line":619,"column":8}},"251":{"start":{"line":622,"column":4},"end":{"line":622,"column":24}},"252":{"start":{"line":623,"column":4},"end":{"line":623,"column":78}},"253":{"start":{"line":625,"column":4},"end":{"line":650,"column":7}},"254":{"start":{"line":653,"column":4},"end":{"line":653,"column":26}},"255":{"start":{"line":654,"column":4},"end":{"line":654,"column":48}},"256":{"start":{"line":655,"column":4},"end":{"line":656,"column":89}},"257":{"start":{"line":656,"column":6},"end":{"line":656,"column":89}},"258":{"start":{"line":657,"column":4},"end":{"line":657,"column":81}},"259":{"start":{"line":659,"column":4},"end":{"line":659,"column":19}},"260":{"start":{"line":667,"column":0},"end":{"line":695,"column":2}},"261":{"start":{"line":668,"column":2},"end":{"line":694,"column":3}},"262":{"start":{"line":669,"column":23},"end":{"line":669,"column":32}},"263":{"start":{"line":671,"column":14},"end":{"line":680,"column":5}},"264":{"start":{"line":681,"column":19},"end":{"line":681,"column":21}},"265":{"start":{"line":682,"column":4},"end":{"line":685,"column":5}},"266":{"start":{"line":683,"column":6},"end":{"line":683,"column":113}},"267":{"start":{"line":684,"column":6},"end":{"line":684,"column":78}},"268":{"start":{"line":686,"column":4},"end":{"line":686,"column":61}},"269":{"start":{"line":688,"column":19},"end":{"line":688,"column":46}},"270":{"start":{"line":689,"column":4},"end":{"line":689,"column":40}},"271":{"start":{"line":692,"column":4},"end":{"line":692,"column":46}},"272":{"start":{"line":693,"column":4},"end":{"line":693,"column":88}},"273":{"start":{"line":700,"column":0},"end":{"line":713,"column":2}},"274":{"start":{"line":701,"column":2},"end":{"line":712,"column":3}},"275":{"start":{"line":702,"column":19},"end":{"line":707,"column":5}},"276":{"start":{"line":708,"column":4},"end":{"line":708,"column":44}},"277":{"start":{"line":710,"column":4},"end":{"line":710,"column":50}},"278":{"start":{"line":711,"column":4},"end":{"line":711,"column":88}},"279":{"start":{"line":715,"column":0},"end":{"line":743,"column":2}},"280":{"start":{"line":716,"column":2},"end":{"line":742,"column":3}},"281":{"start":{"line":717,"column":27},"end":{"line":719,"column":5}},"282":{"start":{"line":721,"column":32},"end":{"line":728,"column":5}},"283":{"start":{"line":730,"column":4},"end":{"line":733,"column":7}},"284":{"start":{"line":731,"column":6},"end":{"line":732,"column":44}},"285":{"start":{"line":732,"column":8},"end":{"line":732,"column":44}},"286":{"start":{"line":735,"column":18},"end":{"line":735,"column":79}},"287":{"start":{"line":735,"column":70},"end":{"line":735,"column":75}},"288":{"start":{"line":737,"column":4},"end":{"line":737,"column":52}},"289":{"start":{"line":740,"column":4},"end":{"line":740,"column":49}},"290":{"start":{"line":741,"column":4},"end":{"line":741,"column":88}}},"fnMap":{"0":{"name":"(anonymous_0)","decl":{"start":{"line":12,"column":20},"end":{"line":12,"column":21}},"loc":{"start":{"line":12,"column":40},"end":{"line":192,"column":1}},"line":12},"1":{"name":"(anonymous_1)","decl":{"start":{"line":198,"column":21},"end":{"line":198,"column":22}},"loc":{"start":{"line":198,"column":41},"end":{"line":358,"column":1}},"line":198},"2":{"name":"(anonymous_2)","decl":{"start":{"line":210,"column":51},"end":{"line":210,"column":52}},"loc":{"start":{"line":210,"column":56},"end":{"line":210,"column":85}},"line":210},"3":{"name":"(anonymous_3)","decl":{"start":{"line":226,"column":39},"end":{"line":226,"column":40}},"loc":{"start":{"line":226,"column":44},"end":{"line":226,"column":54}},"line":226},"4":{"name":"(anonymous_4)","decl":{"start":{"line":227,"column":43},"end":{"line":227,"column":44}},"loc":{"start":{"line":227,"column":48},"end":{"line":227,"column":58}},"line":227},"5":{"name":"(anonymous_5)","decl":{"start":{"line":244,"column":57},"end":{"line":244,"column":58}},"loc":{"start":{"line":244,"column":62},"end":{"line":244,"column":72}},"line":244},"6":{"name":"(anonymous_6)","decl":{"start":{"line":256,"column":53},"end":{"line":256,"column":54}},"loc":{"start":{"line":256,"column":58},"end":{"line":256,"column":68}},"line":256},"7":{"name":"(anonymous_7)","decl":{"start":{"line":364,"column":21},"end":{"line":364,"column":22}},"loc":{"start":{"line":364,"column":41},"end":{"line":379,"column":1}},"line":364},"8":{"name":"(anonymous_8)","decl":{"start":{"line":385,"column":22},"end":{"line":385,"column":23}},"loc":{"start":{"line":385,"column":42},"end":{"line":460,"column":1}},"line":385},"9":{"name":"(anonymous_9)","decl":{"start":{"line":466,"column":19},"end":{"line":466,"column":20}},"loc":{"start":{"line":466,"column":39},"end":{"line":544,"column":1}},"line":466},"10":{"name":"(anonymous_10)","decl":{"start":{"line":473,"column":23},"end":{"line":473,"column":24}},"loc":{"start":{"line":473,"column":44},"end":{"line":475,"column":5}},"line":473},"11":{"name":"(anonymous_11)","decl":{"start":{"line":495,"column":25},"end":{"line":495,"column":26}},"loc":{"start":{"line":495,"column":48},"end":{"line":498,"column":5}},"line":495},"12":{"name":"(anonymous_12)","decl":{"start":{"line":518,"column":24},"end":{"line":518,"column":25}},"loc":{"start":{"line":518,"column":69},"end":{"line":524,"column":5}},"line":518},"13":{"name":"(anonymous_13)","decl":{"start":{"line":550,"column":25},"end":{"line":550,"column":26}},"loc":{"start":{"line":550,"column":45},"end":{"line":661,"column":1}},"line":550},"14":{"name":"(anonymous_14)","decl":{"start":{"line":667,"column":23},"end":{"line":667,"column":24}},"loc":{"start":{"line":667,"column":43},"end":{"line":695,"column":1}},"line":667},"15":{"name":"(anonymous_15)","decl":{"start":{"line":700,"column":27},"end":{"line":700,"column":28}},"loc":{"start":{"line":700,"column":47},"end":{"line":713,"column":1}},"line":700},"16":{"name":"(anonymous_16)","decl":{"start":{"line":715,"column":26},"end":{"line":715,"column":27}},"loc":{"start":{"line":715,"column":46},"end":{"line":743,"column":1}},"line":715},"17":{"name":"(anonymous_17)","decl":{"start":{"line":730,"column":25},"end":{"line":730,"column":26}},"loc":{"start":{"line":730,"column":48},"end":{"line":733,"column":5}},"line":730},"18":{"name":"(anonymous_18)","decl":{"start":{"line":735,"column":60},"end":{"line":735,"column":61}},"loc":{"start":{"line":735,"column":70},"end":{"line":735,"column":75}},"line":735}},"branchMap":{"0":{"loc":{"start":{"line":17,"column":4},"end":{"line":42,"column":5}},"type":"if","locations":[{"start":{"line":17,"column":4},"end":{"line":42,"column":5}},{"start":{},"end":{}}],"line":17},"1":{"loc":{"start":{"line":34,"column":6},"end":{"line":37,"column":7}},"type":"if","locations":[{"start":{"line":34,"column":6},"end":{"line":37,"column":7}},{"start":{},"end":{}}],"line":34},"2":{"loc":{"start":{"line":45,"column":4},"end":{"line":174,"column":5}},"type":"if","locations":[{"start":{"line":45,"column":4},"end":{"line":174,"column":5}},{"start":{},"end":{}}],"line":45},"3":{"loc":{"start":{"line":49,"column":6},"end":{"line":170,"column":7}},"type":"if","locations":[{"start":{"line":49,"column":6},"end":{"line":170,"column":7}},{"start":{"line":72,"column":13},"end":{"line":170,"column":7}}],"line":49},"4":{"loc":{"start":{"line":66,"column":8},"end":{"line":69,"column":9}},"type":"if","locations":[{"start":{"line":66,"column":8},"end":{"line":69,"column":9}},{"start":{},"end":{}}],"line":66},"5":{"loc":{"start":{"line":72,"column":13},"end":{"line":170,"column":7}},"type":"if","locations":[{"start":{"line":72,"column":13},"end":{"line":170,"column":7}},{"start":{"line":96,"column":13},"end":{"line":170,"column":7}}],"line":72},"6":{"loc":{"start":{"line":90,"column":8},"end":{"line":93,"column":9}},"type":"if","locations":[{"start":{"line":90,"column":8},"end":{"line":93,"column":9}},{"start":{},"end":{}}],"line":90},"7":{"loc":{"start":{"line":96,"column":13},"end":{"line":170,"column":7}},"type":"if","locations":[{"start":{"line":96,"column":13},"end":{"line":170,"column":7}},{"start":{"line":124,"column":13},"end":{"line":170,"column":7}}],"line":96},"8":{"loc":{"start":{"line":118,"column":8},"end":{"line":121,"column":9}},"type":"if","locations":[{"start":{"line":118,"column":8},"end":{"line":121,"column":9}},{"start":{},"end":{}}],"line":118},"9":{"loc":{"start":{"line":124,"column":13},"end":{"line":170,"column":7}},"type":"if","locations":[{"start":{"line":124,"column":13},"end":{"line":170,"column":7}},{"start":{"line":143,"column":13},"end":{"line":170,"column":7}}],"line":124},"10":{"loc":{"start":{"line":137,"column":8},"end":{"line":140,"column":9}},"type":"if","locations":[{"start":{"line":137,"column":8},"end":{"line":140,"column":9}},{"start":{},"end":{}}],"line":137},"11":{"loc":{"start":{"line":143,"column":13},"end":{"line":170,"column":7}},"type":"if","locations":[{"start":{"line":143,"column":13},"end":{"line":170,"column":7}},{"start":{"line":162,"column":13},"end":{"line":170,"column":7}}],"line":143},"12":{"loc":{"start":{"line":156,"column":8},"end":{"line":159,"column":9}},"type":"if","locations":[{"start":{"line":156,"column":8},"end":{"line":159,"column":9}},{"start":{},"end":{}}],"line":156},"13":{"loc":{"start":{"line":165,"column":8},"end":{"line":168,"column":9}},"type":"if","locations":[{"start":{"line":165,"column":8},"end":{"line":168,"column":9}},{"start":{},"end":{}}],"line":165},"14":{"loc":{"start":{"line":179,"column":4},"end":{"line":182,"column":5}},"type":"if","locations":[{"start":{"line":179,"column":4},"end":{"line":182,"column":5}},{"start":{},"end":{}}],"line":179},"15":{"loc":{"start":{"line":208,"column":4},"end":{"line":208,"column":89}},"type":"if","locations":[{"start":{"line":208,"column":4},"end":{"line":208,"column":89}},{"start":{},"end":{}}],"line":208},"16":{"loc":{"start":{"line":208,"column":8},"end":{"line":208,"column":48}},"type":"binary-expr","locations":[{"start":{"line":208,"column":8},"end":{"line":208,"column":22}},{"start":{"line":208,"column":26},"end":{"line":208,"column":48}}],"line":208},"17":{"loc":{"start":{"line":212,"column":33},"end":{"line":214,"column":79}},"type":"binary-expr","locations":[{"start":{"line":212,"column":33},"end":{"line":212,"column":60}},{"start":{"line":213,"column":7},"end":{"line":213,"column":34}},{"start":{"line":213,"column":38},"end":{"line":213,"column":72}},{"start":{"line":214,"column":7},"end":{"line":214,"column":44}},{"start":{"line":214,"column":48},"end":{"line":214,"column":78}}],"line":212},"18":{"loc":{"start":{"line":215,"column":33},"end":{"line":216,"column":105}},"type":"binary-expr","locations":[{"start":{"line":215,"column":33},"end":{"line":215,"column":63}},{"start":{"line":216,"column":7},"end":{"line":216,"column":34}},{"start":{"line":216,"column":38},"end":{"line":216,"column":68}},{"start":{"line":216,"column":72},"end":{"line":216,"column":104}}],"line":215},"19":{"loc":{"start":{"line":217,"column":33},"end":{"line":217,"column":82}},"type":"binary-expr","locations":[{"start":{"line":217,"column":33},"end":{"line":217,"column":51}},{"start":{"line":217,"column":55},"end":{"line":217,"column":82}}],"line":217},"20":{"loc":{"start":{"line":218,"column":34},"end":{"line":218,"column":87}},"type":"binary-expr","locations":[{"start":{"line":218,"column":34},"end":{"line":218,"column":56}},{"start":{"line":218,"column":60},"end":{"line":218,"column":87}}],"line":218},"21":{"loc":{"start":{"line":220,"column":4},"end":{"line":223,"column":5}},"type":"if","locations":[{"start":{"line":220,"column":4},"end":{"line":223,"column":5}},{"start":{},"end":{}}],"line":220},"22":{"loc":{"start":{"line":220,"column":8},"end":{"line":220,"column":100}},"type":"binary-expr","locations":[{"start":{"line":220,"column":8},"end":{"line":220,"column":31}},{"start":{"line":220,"column":35},"end":{"line":220,"column":53}},{"start":{"line":220,"column":57},"end":{"line":220,"column":78}},{"start":{"line":220,"column":82},"end":{"line":220,"column":100}}],"line":220},"23":{"loc":{"start":{"line":225,"column":4},"end":{"line":234,"column":5}},"type":"if","locations":[{"start":{"line":225,"column":4},"end":{"line":234,"column":5}},{"start":{},"end":{}}],"line":225},"24":{"loc":{"start":{"line":230,"column":6},"end":{"line":233,"column":7}},"type":"if","locations":[{"start":{"line":230,"column":6},"end":{"line":233,"column":7}},{"start":{},"end":{}}],"line":230},"25":{"loc":{"start":{"line":236,"column":4},"end":{"line":260,"column":5}},"type":"if","locations":[{"start":{"line":236,"column":4},"end":{"line":260,"column":5}},{"start":{"line":249,"column":11},"end":{"line":260,"column":5}}],"line":236},"26":{"loc":{"start":{"line":238,"column":6},"end":{"line":238,"column":101}},"type":"if","locations":[{"start":{"line":238,"column":6},"end":{"line":238,"column":101}},{"start":{},"end":{}}],"line":238},"27":{"loc":{"start":{"line":239,"column":6},"end":{"line":239,"column":108}},"type":"if","locations":[{"start":{"line":239,"column":6},"end":{"line":239,"column":108}},{"start":{},"end":{}}],"line":239},"28":{"loc":{"start":{"line":240,"column":6},"end":{"line":240,"column":111}},"type":"if","locations":[{"start":{"line":240,"column":6},"end":{"line":240,"column":111}},{"start":{},"end":{}}],"line":240},"29":{"loc":{"start":{"line":241,"column":6},"end":{"line":241,"column":104}},"type":"if","locations":[{"start":{"line":241,"column":6},"end":{"line":241,"column":104}},{"start":{},"end":{}}],"line":241},"30":{"loc":{"start":{"line":243,"column":6},"end":{"line":247,"column":7}},"type":"if","locations":[{"start":{"line":243,"column":6},"end":{"line":247,"column":7}},{"start":{},"end":{}}],"line":243},"31":{"loc":{"start":{"line":249,"column":11},"end":{"line":260,"column":5}},"type":"if","locations":[{"start":{"line":249,"column":11},"end":{"line":260,"column":5}},{"start":{},"end":{}}],"line":249},"32":{"loc":{"start":{"line":251,"column":6},"end":{"line":251,"column":81}},"type":"if","locations":[{"start":{"line":251,"column":6},"end":{"line":251,"column":81}},{"start":{},"end":{}}],"line":251},"33":{"loc":{"start":{"line":252,"column":6},"end":{"line":252,"column":84}},"type":"if","locations":[{"start":{"line":252,"column":6},"end":{"line":252,"column":84}},{"start":{},"end":{}}],"line":252},"34":{"loc":{"start":{"line":253,"column":6},"end":{"line":253,"column":94}},"type":"if","locations":[{"start":{"line":253,"column":6},"end":{"line":253,"column":94}},{"start":{},"end":{}}],"line":253},"35":{"loc":{"start":{"line":253,"column":67},"end":{"line":253,"column":93}},"type":"binary-expr","locations":[{"start":{"line":253,"column":67},"end":{"line":253,"column":85}},{"start":{"line":253,"column":89},"end":{"line":253,"column":93}}],"line":253},"36":{"loc":{"start":{"line":255,"column":6},"end":{"line":259,"column":7}},"type":"if","locations":[{"start":{"line":255,"column":6},"end":{"line":259,"column":7}},{"start":{},"end":{}}],"line":255},"37":{"loc":{"start":{"line":266,"column":4},"end":{"line":345,"column":5}},"type":"if","locations":[{"start":{"line":266,"column":4},"end":{"line":345,"column":5}},{"start":{"line":285,"column":11},"end":{"line":345,"column":5}}],"line":266},"38":{"loc":{"start":{"line":285,"column":11},"end":{"line":345,"column":5}},"type":"if","locations":[{"start":{"line":285,"column":11},"end":{"line":345,"column":5}},{"start":{"line":305,"column":11},"end":{"line":345,"column":5}}],"line":285},"39":{"loc":{"start":{"line":305,"column":11},"end":{"line":345,"column":5}},"type":"if","locations":[{"start":{"line":305,"column":11},"end":{"line":345,"column":5}},{"start":{"line":322,"column":11},"end":{"line":345,"column":5}}],"line":305},"40":{"loc":{"start":{"line":306,"column":6},"end":{"line":311,"column":7}},"type":"if","locations":[{"start":{"line":306,"column":6},"end":{"line":311,"column":7}},{"start":{},"end":{}}],"line":306},"41":{"loc":{"start":{"line":309,"column":11},"end":{"line":309,"column":32}},"type":"binary-expr","locations":[{"start":{"line":309,"column":11},"end":{"line":309,"column":24}},{"start":{"line":309,"column":28},"end":{"line":309,"column":32}}],"line":309},"42":{"loc":{"start":{"line":322,"column":11},"end":{"line":345,"column":5}},"type":"if","locations":[{"start":{"line":322,"column":11},"end":{"line":345,"column":5}},{"start":{"line":339,"column":11},"end":{"line":345,"column":5}}],"line":322},"43":{"loc":{"start":{"line":323,"column":6},"end":{"line":328,"column":7}},"type":"if","locations":[{"start":{"line":323,"column":6},"end":{"line":328,"column":7}},{"start":{},"end":{}}],"line":323},"44":{"loc":{"start":{"line":326,"column":11},"end":{"line":326,"column":32}},"type":"binary-expr","locations":[{"start":{"line":326,"column":11},"end":{"line":326,"column":24}},{"start":{"line":326,"column":28},"end":{"line":326,"column":32}}],"line":326},"45":{"loc":{"start":{"line":352,"column":4},"end":{"line":353,"column":99}},"type":"if","locations":[{"start":{"line":352,"column":4},"end":{"line":353,"column":99}},{"start":{},"end":{}}],"line":352},"46":{"loc":{"start":{"line":370,"column":4},"end":{"line":371,"column":66}},"type":"if","locations":[{"start":{"line":370,"column":4},"end":{"line":371,"column":66}},{"start":{},"end":{}}],"line":370},"47":{"loc":{"start":{"line":390,"column":4},"end":{"line":391,"column":70}},"type":"if","locations":[{"start":{"line":390,"column":4},"end":{"line":391,"column":70}},{"start":{},"end":{}}],"line":390},"48":{"loc":{"start":{"line":390,"column":8},"end":{"line":390,"column":51}},"type":"binary-expr","locations":[{"start":{"line":390,"column":8},"end":{"line":390,"column":29}},{"start":{"line":390,"column":33},"end":{"line":390,"column":51}}],"line":390},"49":{"loc":{"start":{"line":413,"column":8},"end":{"line":435,"column":9}},"type":"if","locations":[{"start":{"line":413,"column":8},"end":{"line":435,"column":9}},{"start":{"line":420,"column":15},"end":{"line":435,"column":9}}],"line":413},"50":{"loc":{"start":{"line":418,"column":21},"end":{"line":418,"column":43}},"type":"binary-expr","locations":[{"start":{"line":418,"column":21},"end":{"line":418,"column":35}},{"start":{"line":418,"column":39},"end":{"line":418,"column":43}}],"line":418},"51":{"loc":{"start":{"line":418,"column":45},"end":{"line":418,"column":60}},"type":"binary-expr","locations":[{"start":{"line":418,"column":45},"end":{"line":418,"column":52}},{"start":{"line":418,"column":56},"end":{"line":418,"column":60}}],"line":418},"52":{"loc":{"start":{"line":418,"column":62},"end":{"line":418,"column":87}},"type":"binary-expr","locations":[{"start":{"line":418,"column":62},"end":{"line":418,"column":79}},{"start":{"line":418,"column":83},"end":{"line":418,"column":87}}],"line":418},"53":{"loc":{"start":{"line":418,"column":89},"end":{"line":418,"column":107}},"type":"binary-expr","locations":[{"start":{"line":418,"column":89},"end":{"line":418,"column":99}},{"start":{"line":418,"column":103},"end":{"line":418,"column":107}}],"line":418},"54":{"loc":{"start":{"line":420,"column":15},"end":{"line":435,"column":9}},"type":"if","locations":[{"start":{"line":420,"column":15},"end":{"line":435,"column":9}},{"start":{"line":425,"column":15},"end":{"line":435,"column":9}}],"line":420},"55":{"loc":{"start":{"line":423,"column":21},"end":{"line":423,"column":36}},"type":"binary-expr","locations":[{"start":{"line":423,"column":21},"end":{"line":423,"column":28}},{"start":{"line":423,"column":32},"end":{"line":423,"column":36}}],"line":423},"56":{"loc":{"start":{"line":423,"column":38},"end":{"line":423,"column":56}},"type":"binary-expr","locations":[{"start":{"line":423,"column":38},"end":{"line":423,"column":48}},{"start":{"line":423,"column":52},"end":{"line":423,"column":56}}],"line":423},"57":{"loc":{"start":{"line":423,"column":58},"end":{"line":423,"column":78}},"type":"binary-expr","locations":[{"start":{"line":423,"column":58},"end":{"line":423,"column":70}},{"start":{"line":423,"column":74},"end":{"line":423,"column":78}}],"line":423},"58":{"loc":{"start":{"line":425,"column":15},"end":{"line":435,"column":9}},"type":"if","locations":[{"start":{"line":425,"column":15},"end":{"line":435,"column":9}},{"start":{"line":430,"column":15},"end":{"line":435,"column":9}}],"line":425},"59":{"loc":{"start":{"line":428,"column":21},"end":{"line":428,"column":36}},"type":"binary-expr","locations":[{"start":{"line":428,"column":21},"end":{"line":428,"column":28}},{"start":{"line":428,"column":32},"end":{"line":428,"column":36}}],"line":428},"60":{"loc":{"start":{"line":430,"column":15},"end":{"line":435,"column":9}},"type":"if","locations":[{"start":{"line":430,"column":15},"end":{"line":435,"column":9}},{"start":{},"end":{}}],"line":430},"61":{"loc":{"start":{"line":433,"column":21},"end":{"line":433,"column":36}},"type":"binary-expr","locations":[{"start":{"line":433,"column":21},"end":{"line":433,"column":28}},{"start":{"line":433,"column":32},"end":{"line":433,"column":36}}],"line":433},"62":{"loc":{"start":{"line":445,"column":18},"end":{"line":445,"column":102}},"type":"cond-expr","locations":[{"start":{"line":445,"column":48},"end":{"line":445,"column":71}},{"start":{"line":445,"column":74},"end":{"line":445,"column":102}}],"line":445},"63":{"loc":{"start":{"line":474,"column":6},"end":{"line":474,"column":83}},"type":"if","locations":[{"start":{"line":474,"column":6},"end":{"line":474,"column":83}},{"start":{},"end":{}}],"line":474},"64":{"loc":{"start":{"line":496,"column":6},"end":{"line":497,"column":42}},"type":"if","locations":[{"start":{"line":496,"column":6},"end":{"line":497,"column":42}},{"start":{},"end":{}}],"line":496},"65":{"loc":{"start":{"line":520,"column":6},"end":{"line":520,"column":83}},"type":"if","locations":[{"start":{"line":520,"column":6},"end":{"line":520,"column":83}},{"start":{},"end":{}}],"line":520},"66":{"loc":{"start":{"line":521,"column":6},"end":{"line":521,"column":68}},"type":"if","locations":[{"start":{"line":521,"column":6},"end":{"line":521,"column":68}},{"start":{},"end":{}}],"line":521},"67":{"loc":{"start":{"line":522,"column":6},"end":{"line":522,"column":68}},"type":"if","locations":[{"start":{"line":522,"column":6},"end":{"line":522,"column":68}},{"start":{},"end":{}}],"line":522},"68":{"loc":{"start":{"line":523,"column":6},"end":{"line":523,"column":68}},"type":"if","locations":[{"start":{"line":523,"column":6},"end":{"line":523,"column":68}},{"start":{},"end":{}}],"line":523},"69":{"loc":{"start":{"line":537,"column":17},"end":{"line":537,"column":87}},"type":"binary-expr","locations":[{"start":{"line":537,"column":17},"end":{"line":537,"column":29}},{"start":{"line":537,"column":33},"end":{"line":537,"column":87}}],"line":537},"70":{"loc":{"start":{"line":564,"column":4},"end":{"line":567,"column":5}},"type":"if","locations":[{"start":{"line":564,"column":4},"end":{"line":567,"column":5}},{"start":{},"end":{}}],"line":564},"71":{"loc":{"start":{"line":564,"column":8},"end":{"line":564,"column":32}},"type":"binary-expr","locations":[{"start":{"line":564,"column":8},"end":{"line":564,"column":13}},{"start":{"line":564,"column":17},"end":{"line":564,"column":23}},{"start":{"line":564,"column":27},"end":{"line":564,"column":32}}],"line":564},"72":{"loc":{"start":{"line":569,"column":4},"end":{"line":572,"column":5}},"type":"if","locations":[{"start":{"line":569,"column":4},"end":{"line":572,"column":5}},{"start":{},"end":{}}],"line":569},"73":{"loc":{"start":{"line":575,"column":4},"end":{"line":578,"column":5}},"type":"if","locations":[{"start":{"line":575,"column":4},"end":{"line":578,"column":5}},{"start":{},"end":{}}],"line":575},"74":{"loc":{"start":{"line":592,"column":4},"end":{"line":599,"column":5}},"type":"if","locations":[{"start":{"line":592,"column":4},"end":{"line":599,"column":5}},{"start":{},"end":{}}],"line":592},"75":{"loc":{"start":{"line":597,"column":17},"end":{"line":597,"column":37}},"type":"binary-expr","locations":[{"start":{"line":597,"column":17},"end":{"line":597,"column":29}},{"start":{"line":597,"column":33},"end":{"line":597,"column":37}}],"line":597},"76":{"loc":{"start":{"line":597,"column":39},"end":{"line":597,"column":52}},"type":"binary-expr","locations":[{"start":{"line":597,"column":39},"end":{"line":597,"column":44}},{"start":{"line":597,"column":48},"end":{"line":597,"column":52}}],"line":597},"77":{"loc":{"start":{"line":597,"column":54},"end":{"line":597,"column":77}},"type":"binary-expr","locations":[{"start":{"line":597,"column":54},"end":{"line":597,"column":69}},{"start":{"line":597,"column":73},"end":{"line":597,"column":77}}],"line":597},"78":{"loc":{"start":{"line":597,"column":79},"end":{"line":597,"column":95}},"type":"binary-expr","locations":[{"start":{"line":597,"column":79},"end":{"line":597,"column":87}},{"start":{"line":597,"column":91},"end":{"line":597,"column":95}}],"line":597},"79":{"loc":{"start":{"line":601,"column":4},"end":{"line":606,"column":5}},"type":"if","locations":[{"start":{"line":601,"column":4},"end":{"line":606,"column":5}},{"start":{},"end":{}}],"line":601},"80":{"loc":{"start":{"line":604,"column":17},"end":{"line":604,"column":30}},"type":"binary-expr","locations":[{"start":{"line":604,"column":17},"end":{"line":604,"column":22}},{"start":{"line":604,"column":26},"end":{"line":604,"column":30}}],"line":604},"81":{"loc":{"start":{"line":604,"column":32},"end":{"line":604,"column":48}},"type":"binary-expr","locations":[{"start":{"line":604,"column":32},"end":{"line":604,"column":40}},{"start":{"line":604,"column":44},"end":{"line":604,"column":48}}],"line":604},"82":{"loc":{"start":{"line":604,"column":50},"end":{"line":604,"column":68}},"type":"binary-expr","locations":[{"start":{"line":604,"column":50},"end":{"line":604,"column":60}},{"start":{"line":604,"column":64},"end":{"line":604,"column":68}}],"line":604},"83":{"loc":{"start":{"line":608,"column":4},"end":{"line":613,"column":5}},"type":"if","locations":[{"start":{"line":608,"column":4},"end":{"line":613,"column":5}},{"start":{},"end":{}}],"line":608},"84":{"loc":{"start":{"line":611,"column":17},"end":{"line":611,"column":30}},"type":"binary-expr","locations":[{"start":{"line":611,"column":17},"end":{"line":611,"column":22}},{"start":{"line":611,"column":26},"end":{"line":611,"column":30}}],"line":611},"85":{"loc":{"start":{"line":615,"column":4},"end":{"line":620,"column":5}},"type":"if","locations":[{"start":{"line":615,"column":4},"end":{"line":620,"column":5}},{"start":{},"end":{}}],"line":615},"86":{"loc":{"start":{"line":618,"column":17},"end":{"line":618,"column":30}},"type":"binary-expr","locations":[{"start":{"line":618,"column":17},"end":{"line":618,"column":22}},{"start":{"line":618,"column":26},"end":{"line":618,"column":30}}],"line":618},"87":{"loc":{"start":{"line":634,"column":16},"end":{"line":634,"column":29}},"type":"binary-expr","locations":[{"start":{"line":634,"column":16},"end":{"line":634,"column":21}},{"start":{"line":634,"column":25},"end":{"line":634,"column":29}}],"line":634},"88":{"loc":{"start":{"line":635,"column":12},"end":{"line":639,"column":9}},"type":"binary-expr","locations":[{"start":{"line":635,"column":12},"end":{"line":635,"column":39}},{"start":{"line":635,"column":43},"end":{"line":639,"column":9}}],"line":635},"89":{"loc":{"start":{"line":636,"column":27},"end":{"line":636,"column":50}},"type":"binary-expr","locations":[{"start":{"line":636,"column":27},"end":{"line":636,"column":39}},{"start":{"line":636,"column":46},"end":{"line":636,"column":50}}],"line":636},"90":{"loc":{"start":{"line":637,"column":27},"end":{"line":637,"column":50}},"type":"binary-expr","locations":[{"start":{"line":637,"column":27},"end":{"line":637,"column":42}},{"start":{"line":637,"column":46},"end":{"line":637,"column":50}}],"line":637},"91":{"loc":{"start":{"line":638,"column":27},"end":{"line":638,"column":50}},"type":"binary-expr","locations":[{"start":{"line":638,"column":27},"end":{"line":638,"column":35}},{"start":{"line":638,"column":46},"end":{"line":638,"column":50}}],"line":638},"92":{"loc":{"start":{"line":640,"column":12},"end":{"line":644,"column":9}},"type":"binary-expr","locations":[{"start":{"line":640,"column":12},"end":{"line":640,"column":42}},{"start":{"line":640,"column":46},"end":{"line":644,"column":9}}],"line":640},"93":{"loc":{"start":{"line":641,"column":22},"end":{"line":641,"column":40}},"type":"binary-expr","locations":[{"start":{"line":641,"column":22},"end":{"line":641,"column":30}},{"start":{"line":641,"column":36},"end":{"line":641,"column":40}}],"line":641},"94":{"loc":{"start":{"line":642,"column":22},"end":{"line":642,"column":40}},"type":"binary-expr","locations":[{"start":{"line":642,"column":22},"end":{"line":642,"column":32}},{"start":{"line":642,"column":36},"end":{"line":642,"column":40}}],"line":642},"95":{"loc":{"start":{"line":645,"column":12},"end":{"line":647,"column":9}},"type":"binary-expr","locations":[{"start":{"line":645,"column":12},"end":{"line":645,"column":30}},{"start":{"line":645,"column":34},"end":{"line":645,"column":56}},{"start":{"line":645,"column":60},"end":{"line":647,"column":9}}],"line":645},"96":{"loc":{"start":{"line":646,"column":17},"end":{"line":646,"column":30}},"type":"binary-expr","locations":[{"start":{"line":646,"column":17},"end":{"line":646,"column":22}},{"start":{"line":646,"column":26},"end":{"line":646,"column":30}}],"line":646},"97":{"loc":{"start":{"line":655,"column":4},"end":{"line":656,"column":89}},"type":"if","locations":[{"start":{"line":655,"column":4},"end":{"line":656,"column":89}},{"start":{},"end":{}}],"line":655},"98":{"loc":{"start":{"line":682,"column":4},"end":{"line":685,"column":5}},"type":"if","locations":[{"start":{"line":682,"column":4},"end":{"line":685,"column":5}},{"start":{},"end":{}}],"line":682},"99":{"loc":{"start":{"line":731,"column":6},"end":{"line":732,"column":44}},"type":"if","locations":[{"start":{"line":731,"column":6},"end":{"line":732,"column":44}},{"start":{},"end":{}}],"line":731}},"s":{"0":1,"1":1,"2":1,"3":1,"4":1,"5":7,"6":7,"7":7,"8":2,"9":2,"10":2,"11":1,"12":1,"13":2,"14":2,"15":2,"16":5,"17":3,"18":3,"19":1,"20":1,"21":1,"22":0,"23":0,"24":1,"25":2,"26":1,"27":1,"28":1,"29":0,"30":0,"31":1,"32":1,"33":1,"34":1,"35":1,"36":0,"37":0,"38":1,"39":0,"40":0,"41":0,"42":0,"43":0,"44":0,"45":0,"46":0,"47":0,"48":0,"49":0,"50":0,"51":0,"52":0,"53":0,"54":0,"55":0,"56":0,"57":3,"58":3,"59":2,"60":2,"61":2,"62":0,"63":0,"64":2,"65":2,"66":1,"67":1,"68":1,"69":1,"70":5,"71":5,"72":5,"73":5,"74":5,"75":5,"76":5,"77":5,"78":0,"79":5,"80":6,"81":5,"82":5,"83":5,"84":5,"85":5,"86":1,"87":1,"88":4,"89":4,"90":4,"91":4,"92":4,"93":4,"94":3,"95":1,"96":1,"97":2,"98":1,"99":1,"100":1,"101":1,"102":0,"103":1,"104":0,"105":1,"106":0,"107":1,"108":1,"109":1,"110":1,"111":1,"112":1,"113":0,"114":0,"115":0,"116":0,"117":0,"118":0,"119":0,"120":0,"121":0,"122":0,"123":0,"124":0,"125":2,"126":2,"127":1,"128":1,"129":1,"130":0,"131":0,"132":1,"133":0,"134":0,"135":0,"136":0,"137":1,"138":0,"139":0,"140":0,"141":0,"142":1,"143":1,"144":2,"145":1,"146":1,"147":1,"148":1,"149":0,"150":5,"151":1,"152":0,"153":0,"154":0,"155":0,"156":0,"157":0,"158":0,"159":0,"160":1,"161":0,"162":0,"163":0,"164":0,"165":0,"166":0,"167":0,"168":0,"169":0,"170":0,"171":0,"172":0,"173":0,"174":0,"175":0,"176":0,"177":0,"178":0,"179":0,"180":0,"181":0,"182":0,"183":0,"184":0,"185":0,"186":0,"187":0,"188":0,"189":0,"190":0,"191":0,"192":1,"193":2,"194":2,"195":1,"196":1,"197":2,"198":2,"199":1,"200":1,"201":1,"202":1,"203":1,"204":1,"205":1,"206":1,"207":1,"208":1,"209":1,"210":1,"211":1,"212":1,"213":1,"214":1,"215":0,"216":1,"217":0,"218":1,"219":0,"220":2,"221":2,"222":1,"223":5,"224":5,"225":5,"226":5,"227":5,"228":1,"229":1,"230":4,"231":1,"232":1,"233":3,"234":3,"235":1,"236":1,"237":2,"238":2,"239":2,"240":2,"241":2,"242":2,"243":2,"244":1,"245":2,"246":1,"247":2,"248":0,"249":2,"250":0,"251":2,"252":2,"253":2,"254":0,"255":0,"256":0,"257":0,"258":0,"259":5,"260":1,"261":3,"262":3,"263":3,"264":3,"265":3,"266":1,"267":1,"268":3,"269":3,"270":2,"271":1,"272":1,"273":1,"274":0,"275":0,"276":0,"277":0,"278":0,"279":1,"280":0,"281":0,"282":0,"283":0,"284":0,"285":0,"286":0,"287":0,"288":0,"289":0,"290":0},"f":{"0":7,"1":5,"2":6,"3":4,"4":4,"5":1,"6":0,"7":0,"8":0,"9":2,"10":2,"11":1,"12":1,"13":5,"14":3,"15":0,"16":0,"17":0,"18":0},"b":{"0":[2,5],"1":[1,1],"2":[3,2],"3":[1,2],"4":[0,1],"5":[1,1],"6":[0,1],"7":[1,0],"8":[0,1],"9":[0,0],"10":[0,0],"11":[0,0],"12":[0,0],"13":[0,0],"14":[0,2],"15":[0,5],"16":[5,0],"17":[5,1,0,0,0],"18":[5,0,0,0],"19":[5,0],"20":[5,0],"21":[1,4],"22":[5,1,1,1],"23":[4,0],"24":[1,2],"25":[1,1],"26":[1,0],"27":[0,1],"28":[0,1],"29":[0,1],"30":[1,0],"31":[0,1],"32":[0,0],"33":[0,0],"34":[0,0],"35":[0,0],"36":[0,0],"37":[1,1],"38":[0,1],"39":[0,1],"40":[0,0],"41":[0,0],"42":[0,1],"43":[0,0],"44":[0,0],"45":[1,0],"46":[0,0],"47":[0,0],"48":[0,0],"49":[0,0],"50":[0,0],"51":[0,0],"52":[0,0],"53":[0,0],"54":[0,0],"55":[0,0],"56":[0,0],"57":[0,0],"58":[0,0],"59":[0,0],"60":[0,0],"61":[0,0],"62":[0,0],"63":[2,0],"64":[1,0],"65":[1,0],"66":[1,0],"67":[0,1],"68":[0,1],"69":[0,0],"70":[1,4],"71":[5,4,4],"72":[1,3],"73":[1,2],"74":[1,1],"75":[1,1],"76":[1,0],"77":[1,1],"78":[1,1],"79":[1,1],"80":[1,1],"81":[1,0],"82":[1,1],"83":[0,2],"84":[0,0],"85":[0,2],"86":[0,0],"87":[2,1],"88":[2,1],"89":[1,1],"90":[1,1],"91":[1,1],"92":[2,1],"93":[1,0],"94":[1,1],"95":[2,2,0],"96":[0,0],"97":[0,0],"98":[1,2],"99":[0,0]},"_coverageSchema":"1a1c01bbd47fc00a2c39e90264f33305004495a9","hash":"afb9a940c2a6b556d975ea78ee7644b0c55a323d"}
,"C:\\laragon\\www\\fyp\\backend\\controllers\\applicationControllers.js": {"path":"C:\\laragon\\www\\fyp\\backend\\controllers\\applicationControllers.js","statementMap":{"0":{"start":{"line":1,"column":15},"end":{"line":1,"column":40}},"1":{"start":{"line":2,"column":15},"end":{"line":2,"column":32}},"2":{"start":{"line":3,"column":15},"end":{"line":3,"column":30}},"3":{"start":{"line":4,"column":15},"end":{"line":4,"column":28}},"4":{"start":{"line":6,"column":39},"end":{"line":6,"column":70}},"5":{"start":{"line":9,"column":16},"end":{"line":19,"column":2}},"6":{"start":{"line":11,"column":16},"end":{"line":11,"column":63}},"7":{"start":{"line":12,"column":4},"end":{"line":12,"column":68}},"8":{"start":{"line":12,"column":29},"end":{"line":12,"column":68}},"9":{"start":{"line":13,"column":4},"end":{"line":13,"column":18}},"10":{"start":{"line":16,"column":16},"end":{"line":16,"column":61}},"11":{"start":{"line":17,"column":4},"end":{"line":17,"column":55}},"12":{"start":{"line":21,"column":15},"end":{"line":29,"column":2}},"13":{"start":{"line":25,"column":4},"end":{"line":27,"column":38}},"14":{"start":{"line":31,"column":0},"end":{"line":31,"column":51}},"15":{"start":{"line":36,"column":2},"end":{"line":36,"column":28}},"16":{"start":{"line":36,"column":21},"end":{"line":36,"column":28}},"17":{"start":{"line":37,"column":17},"end":{"line":39,"column":92}},"18":{"start":{"line":38,"column":17},"end":{"line":38,"column":36}},"19":{"start":{"line":39,"column":14},"end":{"line":39,"column":91}},"20":{"start":{"line":40,"column":2},"end":{"line":40,"column":29}},"21":{"start":{"line":40,"column":22},"end":{"line":40,"column":29}},"22":{"start":{"line":41,"column":2},"end":{"line":44,"column":4}},"23":{"start":{"line":55,"column":0},"end":{"line":221,"column":2}},"24":{"start":{"line":56,"column":2},"end":{"line":220,"column":3}},"25":{"start":{"line":57,"column":19},"end":{"line":57,"column":30}},"26":{"start":{"line":64,"column":8},"end":{"line":64,"column":16}},"27":{"start":{"line":66,"column":20},"end":{"line":66,"column":38}},"28":{"start":{"line":67,"column":20},"end":{"line":67,"column":51}},"29":{"start":{"line":69,"column":20},"end":{"line":69,"column":22}},"30":{"start":{"line":70,"column":4},"end":{"line":70,"column":72}},"31":{"start":{"line":70,"column":10},"end":{"line":70,"column":61}},"32":{"start":{"line":73,"column":4},"end":{"line":109,"column":5}},"33":{"start":{"line":74,"column":23},"end":{"line":77,"column":7}},"34":{"start":{"line":78,"column":21},"end":{"line":84,"column":7}},"35":{"start":{"line":85,"column":22},"end":{"line":85,"column":92}},"36":{"start":{"line":85,"column":65},"end":{"line":85,"column":75}},"37":{"start":{"line":85,"column":90},"end":{"line":85,"column":91}},"38":{"start":{"line":86,"column":6},"end":{"line":89,"column":7}},"39":{"start":{"line":87,"column":25},"end":{"line":87,"column":57}},"40":{"start":{"line":87,"column":42},"end":{"line":87,"column":56}},"41":{"start":{"line":88,"column":8},"end":{"line":88,"column":100}},"42":{"start":{"line":91,"column":6},"end":{"line":93,"column":7}},"43":{"start":{"line":92,"column":8},"end":{"line":92,"column":85}},"44":{"start":{"line":96,"column":25},"end":{"line":102,"column":7}},"45":{"start":{"line":103,"column":6},"end":{"line":105,"column":7}},"46":{"start":{"line":104,"column":8},"end":{"line":104,"column":94}},"47":{"start":{"line":106,"column":6},"end":{"line":108,"column":7}},"48":{"start":{"line":107,"column":8},"end":{"line":107,"column":115}},"49":{"start":{"line":111,"column":24},"end":{"line":111,"column":78}},"50":{"start":{"line":114,"column":23},"end":{"line":117,"column":5}},"51":{"start":{"line":121,"column":4},"end":{"line":215,"column":5}},"52":{"start":{"line":122,"column":6},"end":{"line":122,"column":41}},"53":{"start":{"line":127,"column":28},"end":{"line":127,"column":58}},"54":{"start":{"line":128,"column":31},"end":{"line":128,"column":53}},"55":{"start":{"line":129,"column":6},"end":{"line":133,"column":7}},"56":{"start":{"line":130,"column":8},"end":{"line":132,"column":11}},"57":{"start":{"line":135,"column":6},"end":{"line":150,"column":8}},"58":{"start":{"line":152,"column":6},"end":{"line":152,"column":90}},"59":{"start":{"line":153,"column":6},"end":{"line":153,"column":46}},"60":{"start":{"line":155,"column":6},"end":{"line":165,"column":7}},"61":{"start":{"line":157,"column":27},"end":{"line":157,"column":31}},"62":{"start":{"line":158,"column":8},"end":{"line":163,"column":9}},"63":{"start":{"line":159,"column":29},"end":{"line":161,"column":11}},"64":{"start":{"line":162,"column":10},"end":{"line":162,"column":60}},"65":{"start":{"line":164,"column":8},"end":{"line":164,"column":83}},"66":{"start":{"line":167,"column":6},"end":{"line":171,"column":9}},"67":{"start":{"line":175,"column":23},"end":{"line":189,"column":7}},"68":{"start":{"line":191,"column":6},"end":{"line":191,"column":30}},"69":{"start":{"line":192,"column":6},"end":{"line":192,"column":46}},"70":{"start":{"line":194,"column":6},"end":{"line":208,"column":7}},"71":{"start":{"line":195,"column":27},"end":{"line":197,"column":9}},"72":{"start":{"line":198,"column":32},"end":{"line":198,"column":49}},"73":{"start":{"line":200,"column":27},"end":{"line":200,"column":31}},"74":{"start":{"line":201,"column":8},"end":{"line":206,"column":9}},"75":{"start":{"line":202,"column":29},"end":{"line":204,"column":11}},"76":{"start":{"line":205,"column":10},"end":{"line":205,"column":60}},"77":{"start":{"line":207,"column":8},"end":{"line":207,"column":79}},"78":{"start":{"line":210,"column":6},"end":{"line":214,"column":9}},"79":{"start":{"line":218,"column":4},"end":{"line":218,"column":45}},"80":{"start":{"line":219,"column":4},"end":{"line":219,"column":88}},"81":{"start":{"line":227,"column":0},"end":{"line":260,"column":2}},"82":{"start":{"line":228,"column":2},"end":{"line":259,"column":3}},"83":{"start":{"line":229,"column":19},"end":{"line":229,"column":30}},"84":{"start":{"line":231,"column":19},"end":{"line":243,"column":5}},"85":{"start":{"line":245,"column":4},"end":{"line":245,"column":66}},"86":{"start":{"line":245,"column":27},"end":{"line":245,"column":66}},"87":{"start":{"line":247,"column":18},"end":{"line":247,"column":25}},"88":{"start":{"line":248,"column":18},"end":{"line":248,"column":36}},"89":{"start":{"line":250,"column":24},"end":{"line":252,"column":5}},"90":{"start":{"line":254,"column":4},"end":{"line":254,"column":60}},"91":{"start":{"line":257,"column":4},"end":{"line":257,"column":44}},"92":{"start":{"line":258,"column":4},"end":{"line":258,"column":88}},"93":{"start":{"line":266,"column":0},"end":{"line":401,"column":2}},"94":{"start":{"line":267,"column":15},"end":{"line":267,"column":39}},"95":{"start":{"line":268,"column":2},"end":{"line":400,"column":3}},"96":{"start":{"line":269,"column":4},"end":{"line":269,"column":34}},"97":{"start":{"line":271,"column":19},"end":{"line":271,"column":30}},"98":{"start":{"line":273,"column":19},"end":{"line":276,"column":5}},"99":{"start":{"line":278,"column":4},"end":{"line":281,"column":5}},"100":{"start":{"line":279,"column":6},"end":{"line":279,"column":28}},"101":{"start":{"line":280,"column":6},"end":{"line":280,"column":72}},"102":{"start":{"line":283,"column":4},"end":{"line":286,"column":5}},"103":{"start":{"line":284,"column":6},"end":{"line":284,"column":28}},"104":{"start":{"line":285,"column":6},"end":{"line":285,"column":98}},"105":{"start":{"line":288,"column":18},"end":{"line":288,"column":40}},"106":{"start":{"line":290,"column":4},"end":{"line":293,"column":6}},"107":{"start":{"line":295,"column":4},"end":{"line":298,"column":6}},"108":{"start":{"line":301,"column":22},"end":{"line":313,"column":5}},"109":{"start":{"line":315,"column":25},"end":{"line":315,"column":63}},"110":{"start":{"line":316,"column":25},"end":{"line":316,"column":69}},"111":{"start":{"line":320,"column":13},"end":{"line":320,"column":37}},"112":{"start":{"line":323,"column":15},"end":{"line":323,"column":20}},"113":{"start":{"line":324,"column":15},"end":{"line":324,"column":16}},"114":{"start":{"line":326,"column":0},"end":{"line":355,"column":1}},"115":{"start":{"line":327,"column":2},"end":{"line":327,"column":13}},"116":{"start":{"line":330,"column":20},"end":{"line":335,"column":3}},"117":{"start":{"line":337,"column":20},"end":{"line":337,"column":49}},"118":{"start":{"line":338,"column":20},"end":{"line":338,"column":52}},"119":{"start":{"line":339,"column":2},"end":{"line":339,"column":46}},"120":{"start":{"line":341,"column":2},"end":{"line":354,"column":3}},"121":{"start":{"line":342,"column":4},"end":{"line":346,"column":6}},"122":{"start":{"line":347,"column":4},"end":{"line":347,"column":20}},"123":{"start":{"line":349,"column":4},"end":{"line":352,"column":5}},"124":{"start":{"line":351,"column":6},"end":{"line":351,"column":15}},"125":{"start":{"line":353,"column":4},"end":{"line":353,"column":20}},"126":{"start":{"line":357,"column":4},"end":{"line":357,"column":24}},"127":{"start":{"line":359,"column":22},"end":{"line":361,"column":76}},"128":{"start":{"line":364,"column":22},"end":{"line":370,"column":5}},"129":{"start":{"line":371,"column":4},"end":{"line":378,"column":5}},"130":{"start":{"line":372,"column":6},"end":{"line":377,"column":8}},"131":{"start":{"line":381,"column":21},"end":{"line":381,"column":44}},"132":{"start":{"line":382,"column":21},"end":{"line":386,"column":5}},"133":{"start":{"line":388,"column":4},"end":{"line":392,"column":7}},"134":{"start":{"line":395,"column":4},"end":{"line":395,"column":26}},"135":{"start":{"line":396,"column":4},"end":{"line":396,"column":39}},"136":{"start":{"line":397,"column":4},"end":{"line":397,"column":88}},"137":{"start":{"line":399,"column":4},"end":{"line":399,"column":19}},"138":{"start":{"line":407,"column":0},"end":{"line":455,"column":2}},"139":{"start":{"line":408,"column":2},"end":{"line":454,"column":3}},"140":{"start":{"line":409,"column":19},"end":{"line":409,"column":30}},"141":{"start":{"line":411,"column":19},"end":{"line":414,"column":5}},"142":{"start":{"line":416,"column":4},"end":{"line":417,"column":72}},"143":{"start":{"line":417,"column":6},"end":{"line":417,"column":72}},"144":{"start":{"line":419,"column":29},"end":{"line":419,"column":55}},"145":{"start":{"line":420,"column":28},"end":{"line":420,"column":63}},"146":{"start":{"line":422,"column":4},"end":{"line":423,"column":84}},"147":{"start":{"line":423,"column":6},"end":{"line":423,"column":84}},"148":{"start":{"line":425,"column":4},"end":{"line":430,"column":6}},"149":{"start":{"line":432,"column":16},"end":{"line":434,"column":45}},"150":{"start":{"line":438,"column":22},"end":{"line":444,"column":5}},"151":{"start":{"line":445,"column":4},"end":{"line":447,"column":5}},"152":{"start":{"line":446,"column":6},"end":{"line":446,"column":86}},"153":{"start":{"line":449,"column":4},"end":{"line":449,"column":38}},"154":{"start":{"line":452,"column":4},"end":{"line":452,"column":40}},"155":{"start":{"line":453,"column":4},"end":{"line":453,"column":88}},"156":{"start":{"line":461,"column":0},"end":{"line":512,"column":2}},"157":{"start":{"line":462,"column":2},"end":{"line":511,"column":3}},"158":{"start":{"line":463,"column":31},"end":{"line":463,"column":40}},"159":{"start":{"line":465,"column":14},"end":{"line":482,"column":5}},"160":{"start":{"line":483,"column":19},"end":{"line":483,"column":21}},"161":{"start":{"line":485,"column":4},"end":{"line":488,"column":5}},"162":{"start":{"line":486,"column":6},"end":{"line":486,"column":45}},"163":{"start":{"line":487,"column":6},"end":{"line":487,"column":26}},"164":{"start":{"line":489,"column":4},"end":{"line":492,"column":5}},"165":{"start":{"line":490,"column":6},"end":{"line":490,"column":54}},"166":{"start":{"line":491,"column":6},"end":{"line":491,"column":48}},"167":{"start":{"line":493,"column":4},"end":{"line":493,"column":67}},"168":{"start":{"line":495,"column":19},"end":{"line":495,"column":46}},"169":{"start":{"line":497,"column":16},"end":{"line":499,"column":12}},"170":{"start":{"line":497,"column":23},"end":{"line":499,"column":12}},"171":{"start":{"line":501,"column":25},"end":{"line":504,"column":7}},"172":{"start":{"line":501,"column":40},"end":{"line":504,"column":5}},"173":{"start":{"line":506,"column":4},"end":{"line":506,"column":38}},"174":{"start":{"line":509,"column":4},"end":{"line":509,"column":44}},"175":{"start":{"line":510,"column":4},"end":{"line":510,"column":88}},"176":{"start":{"line":518,"column":0},"end":{"line":549,"column":2}},"177":{"start":{"line":519,"column":2},"end":{"line":548,"column":3}},"178":{"start":{"line":520,"column":19},"end":{"line":520,"column":29}},"179":{"start":{"line":522,"column":19},"end":{"line":533,"column":5}},"180":{"start":{"line":535,"column":4},"end":{"line":536,"column":73}},"181":{"start":{"line":536,"column":6},"end":{"line":536,"column":73}},"182":{"start":{"line":538,"column":16},"end":{"line":538,"column":23}},"183":{"start":{"line":539,"column":24},"end":{"line":541,"column":5}},"184":{"start":{"line":543,"column":4},"end":{"line":543,"column":60}},"185":{"start":{"line":546,"column":4},"end":{"line":546,"column":42}},"186":{"start":{"line":547,"column":4},"end":{"line":547,"column":88}},"187":{"start":{"line":555,"column":0},"end":{"line":584,"column":2}},"188":{"start":{"line":556,"column":15},"end":{"line":556,"column":39}},"189":{"start":{"line":557,"column":2},"end":{"line":583,"column":3}},"190":{"start":{"line":558,"column":4},"end":{"line":558,"column":34}},"191":{"start":{"line":560,"column":19},"end":{"line":560,"column":29}},"192":{"start":{"line":562,"column":4},"end":{"line":562,"column":90}},"193":{"start":{"line":563,"column":4},"end":{"line":563,"column":90}},"194":{"start":{"line":565,"column":21},"end":{"line":567,"column":5}},"195":{"start":{"line":569,"column":4},"end":{"line":572,"column":5}},"196":{"start":{"line":570,"column":6},"end":{"line":570,"column":28}},"197":{"start":{"line":571,"column":6},"end":{"line":571,"column":73}},"198":{"start":{"line":574,"column":4},"end":{"line":574,"column":24}},"199":{"start":{"line":575,"column":4},"end":{"line":575,"column":70}},"200":{"start":{"line":578,"column":4},"end":{"line":578,"column":26}},"201":{"start":{"line":579,"column":4},"end":{"line":579,"column":45}},"202":{"start":{"line":580,"column":4},"end":{"line":580,"column":88}},"203":{"start":{"line":582,"column":4},"end":{"line":582,"column":19}},"204":{"start":{"line":590,"column":0},"end":{"line":673,"column":2}},"205":{"start":{"line":591,"column":15},"end":{"line":591,"column":39}},"206":{"start":{"line":592,"column":2},"end":{"line":672,"column":3}},"207":{"start":{"line":593,"column":4},"end":{"line":593,"column":34}},"208":{"start":{"line":595,"column":19},"end":{"line":595,"column":29}},"209":{"start":{"line":596,"column":32},"end":{"line":596,"column":40}},"210":{"start":{"line":599,"column":24},"end":{"line":602,"column":5}},"211":{"start":{"line":605,"column":22},"end":{"line":607,"column":5}},"212":{"start":{"line":608,"column":4},"end":{"line":611,"column":5}},"213":{"start":{"line":609,"column":6},"end":{"line":609,"column":28}},"214":{"start":{"line":610,"column":6},"end":{"line":610,"column":73}},"215":{"start":{"line":612,"column":26},"end":{"line":612,"column":55}},"216":{"start":{"line":615,"column":4},"end":{"line":618,"column":5}},"217":{"start":{"line":616,"column":6},"end":{"line":616,"column":28}},"218":{"start":{"line":617,"column":6},"end":{"line":617,"column":115}},"219":{"start":{"line":621,"column":20},"end":{"line":621,"column":52}},"220":{"start":{"line":622,"column":4},"end":{"line":627,"column":5}},"221":{"start":{"line":623,"column":6},"end":{"line":623,"column":28}},"222":{"start":{"line":624,"column":6},"end":{"line":626,"column":9}},"223":{"start":{"line":629,"column":21},"end":{"line":632,"column":5}},"224":{"start":{"line":634,"column":4},"end":{"line":637,"column":5}},"225":{"start":{"line":635,"column":6},"end":{"line":635,"column":28}},"226":{"start":{"line":636,"column":6},"end":{"line":636,"column":73}},"227":{"start":{"line":639,"column":4},"end":{"line":639,"column":24}},"228":{"start":{"line":642,"column":19},"end":{"line":648,"column":5}},"229":{"start":{"line":650,"column":24},"end":{"line":650,"column":39}},"230":{"start":{"line":652,"column":4},"end":{"line":659,"column":5}},"231":{"start":{"line":653,"column":6},"end":{"line":658,"column":8}},"232":{"start":{"line":661,"column":4},"end":{"line":664,"column":7}},"233":{"start":{"line":667,"column":4},"end":{"line":667,"column":26}},"234":{"start":{"line":668,"column":4},"end":{"line":668,"column":51}},"235":{"start":{"line":669,"column":4},"end":{"line":669,"column":88}},"236":{"start":{"line":671,"column":4},"end":{"line":671,"column":19}},"237":{"start":{"line":681,"column":0},"end":{"line":704,"column":2}},"238":{"start":{"line":682,"column":2},"end":{"line":703,"column":3}},"239":{"start":{"line":683,"column":19},"end":{"line":696,"column":5}},"240":{"start":{"line":698,"column":4},"end":{"line":698,"column":37}},"241":{"start":{"line":701,"column":4},"end":{"line":701,"column":46}},"242":{"start":{"line":702,"column":4},"end":{"line":702,"column":88}},"243":{"start":{"line":712,"column":0},"end":{"line":755,"column":2}},"244":{"start":{"line":713,"column":2},"end":{"line":754,"column":3}},"245":{"start":{"line":714,"column":19},"end":{"line":733,"column":5}},"246":{"start":{"line":735,"column":18},"end":{"line":747,"column":4}},"247":{"start":{"line":736,"column":25},"end":{"line":740,"column":12}},"248":{"start":{"line":742,"column":4},"end":{"line":746,"column":6}},"249":{"start":{"line":745,"column":46},"end":{"line":745,"column":51}},"250":{"start":{"line":749,"column":4},"end":{"line":749,"column":31}},"251":{"start":{"line":752,"column":4},"end":{"line":752,"column":51}},"252":{"start":{"line":753,"column":4},"end":{"line":753,"column":88}},"253":{"start":{"line":761,"column":0},"end":{"line":825,"column":2}},"254":{"start":{"line":762,"column":15},"end":{"line":762,"column":39}},"255":{"start":{"line":763,"column":2},"end":{"line":824,"column":3}},"256":{"start":{"line":764,"column":4},"end":{"line":764,"column":34}},"257":{"start":{"line":766,"column":57},"end":{"line":766,"column":65}},"258":{"start":{"line":768,"column":4},"end":{"line":769,"column":72}},"259":{"start":{"line":769,"column":6},"end":{"line":769,"column":72}},"260":{"start":{"line":771,"column":16},"end":{"line":771,"column":38}},"261":{"start":{"line":772,"column":4},"end":{"line":773,"column":86}},"262":{"start":{"line":773,"column":6},"end":{"line":773,"column":86}},"263":{"start":{"line":775,"column":4},"end":{"line":776,"column":88}},"264":{"start":{"line":776,"column":6},"end":{"line":776,"column":88}},"265":{"start":{"line":778,"column":4},"end":{"line":793,"column":5}},"266":{"start":{"line":779,"column":26},"end":{"line":787,"column":7}},"267":{"start":{"line":788,"column":6},"end":{"line":792,"column":7}},"268":{"start":{"line":789,"column":8},"end":{"line":789,"column":30}},"269":{"start":{"line":790,"column":22},"end":{"line":790,"column":59}},"270":{"start":{"line":790,"column":41},"end":{"line":790,"column":47}},"271":{"start":{"line":791,"column":8},"end":{"line":791,"column":115}},"272":{"start":{"line":795,"column":21},"end":{"line":798,"column":5}},"273":{"start":{"line":800,"column":19},"end":{"line":800,"column":34}},"274":{"start":{"line":803,"column":4},"end":{"line":809,"column":5}},"275":{"start":{"line":804,"column":21},"end":{"line":804,"column":62}},"276":{"start":{"line":804,"column":48},"end":{"line":804,"column":61}},"277":{"start":{"line":805,"column":6},"end":{"line":808,"column":8}},"278":{"start":{"line":811,"column":4},"end":{"line":811,"column":24}},"279":{"start":{"line":813,"column":4},"end":{"line":816,"column":7}},"280":{"start":{"line":819,"column":4},"end":{"line":819,"column":26}},"281":{"start":{"line":820,"column":4},"end":{"line":820,"column":47}},"282":{"start":{"line":821,"column":4},"end":{"line":821,"column":88}},"283":{"start":{"line":823,"column":4},"end":{"line":823,"column":19}},"284":{"start":{"line":831,"column":0},"end":{"line":862,"column":2}},"285":{"start":{"line":832,"column":15},"end":{"line":832,"column":39}},"286":{"start":{"line":833,"column":2},"end":{"line":861,"column":3}},"287":{"start":{"line":834,"column":4},"end":{"line":834,"column":34}},"288":{"start":{"line":836,"column":19},"end":{"line":836,"column":29}},"289":{"start":{"line":839,"column":4},"end":{"line":841,"column":6}},"290":{"start":{"line":843,"column":21},"end":{"line":845,"column":5}},"291":{"start":{"line":847,"column":4},"end":{"line":850,"column":5}},"292":{"start":{"line":848,"column":6},"end":{"line":848,"column":28}},"293":{"start":{"line":849,"column":6},"end":{"line":849,"column":76}},"294":{"start":{"line":852,"column":4},"end":{"line":852,"column":24}},"295":{"start":{"line":853,"column":4},"end":{"line":853,"column":60}},"296":{"start":{"line":856,"column":4},"end":{"line":856,"column":26}},"297":{"start":{"line":857,"column":4},"end":{"line":857,"column":47}},"298":{"start":{"line":858,"column":4},"end":{"line":858,"column":88}},"299":{"start":{"line":860,"column":4},"end":{"line":860,"column":19}},"300":{"start":{"line":867,"column":0},"end":{"line":941,"column":2}},"301":{"start":{"line":868,"column":15},"end":{"line":868,"column":39}},"302":{"start":{"line":869,"column":2},"end":{"line":940,"column":3}},"303":{"start":{"line":870,"column":4},"end":{"line":870,"column":34}},"304":{"start":{"line":872,"column":19},"end":{"line":872,"column":29}},"305":{"start":{"line":873,"column":57},"end":{"line":873,"column":65}},"306":{"start":{"line":875,"column":4},"end":{"line":876,"column":72}},"307":{"start":{"line":876,"column":6},"end":{"line":876,"column":72}},"308":{"start":{"line":878,"column":16},"end":{"line":878,"column":38}},"309":{"start":{"line":879,"column":4},"end":{"line":880,"column":86}},"310":{"start":{"line":880,"column":6},"end":{"line":880,"column":86}},"311":{"start":{"line":883,"column":19},"end":{"line":885,"column":5}},"312":{"start":{"line":886,"column":4},"end":{"line":889,"column":5}},"313":{"start":{"line":887,"column":6},"end":{"line":887,"column":28}},"314":{"start":{"line":888,"column":6},"end":{"line":888,"column":76}},"315":{"start":{"line":891,"column":4},"end":{"line":907,"column":5}},"316":{"start":{"line":892,"column":26},"end":{"line":901,"column":7}},"317":{"start":{"line":902,"column":6},"end":{"line":906,"column":7}},"318":{"start":{"line":903,"column":8},"end":{"line":903,"column":30}},"319":{"start":{"line":904,"column":22},"end":{"line":904,"column":59}},"320":{"start":{"line":904,"column":41},"end":{"line":904,"column":47}},"321":{"start":{"line":905,"column":8},"end":{"line":905,"column":115}},"322":{"start":{"line":910,"column":4},"end":{"line":913,"column":6}},"323":{"start":{"line":916,"column":4},"end":{"line":918,"column":6}},"324":{"start":{"line":919,"column":4},"end":{"line":925,"column":5}},"325":{"start":{"line":920,"column":21},"end":{"line":920,"column":58}},"326":{"start":{"line":920,"column":48},"end":{"line":920,"column":57}},"327":{"start":{"line":921,"column":6},"end":{"line":924,"column":8}},"328":{"start":{"line":927,"column":4},"end":{"line":927,"column":24}},"329":{"start":{"line":929,"column":4},"end":{"line":932,"column":7}},"330":{"start":{"line":935,"column":4},"end":{"line":935,"column":26}},"331":{"start":{"line":936,"column":4},"end":{"line":936,"column":47}},"332":{"start":{"line":937,"column":4},"end":{"line":937,"column":88}},"333":{"start":{"line":939,"column":4},"end":{"line":939,"column":19}}},"fnMap":{"0":{"name":"(anonymous_0)","decl":{"start":{"line":10,"column":15},"end":{"line":10,"column":16}},"loc":{"start":{"line":10,"column":34},"end":{"line":14,"column":3}},"line":10},"1":{"name":"(anonymous_1)","decl":{"start":{"line":15,"column":12},"end":{"line":15,"column":13}},"loc":{"start":{"line":15,"column":31},"end":{"line":18,"column":3}},"line":15},"2":{"name":"(anonymous_2)","decl":{"start":{"line":24,"column":14},"end":{"line":24,"column":15}},"loc":{"start":{"line":24,"column":33},"end":{"line":28,"column":3}},"line":24},"3":{"name":"insertEducation","decl":{"start":{"line":35,"column":15},"end":{"line":35,"column":30}},"loc":{"start":{"line":35,"column":44},"end":{"line":45,"column":1}},"line":35},"4":{"name":"(anonymous_4)","decl":{"start":{"line":38,"column":12},"end":{"line":38,"column":13}},"loc":{"start":{"line":38,"column":17},"end":{"line":38,"column":36}},"line":38},"5":{"name":"(anonymous_5)","decl":{"start":{"line":39,"column":9},"end":{"line":39,"column":10}},"loc":{"start":{"line":39,"column":14},"end":{"line":39,"column":91}},"line":39},"6":{"name":"(anonymous_6)","decl":{"start":{"line":55,"column":28},"end":{"line":55,"column":29}},"loc":{"start":{"line":55,"column":48},"end":{"line":221,"column":1}},"line":55},"7":{"name":"(anonymous_7)","decl":{"start":{"line":85,"column":54},"end":{"line":85,"column":55}},"loc":{"start":{"line":85,"column":65},"end":{"line":85,"column":75}},"line":85},"8":{"name":"(anonymous_8)","decl":{"start":{"line":85,"column":81},"end":{"line":85,"column":82}},"loc":{"start":{"line":85,"column":90},"end":{"line":85,"column":91}},"line":85},"9":{"name":"(anonymous_9)","decl":{"start":{"line":87,"column":37},"end":{"line":87,"column":38}},"loc":{"start":{"line":87,"column":42},"end":{"line":87,"column":56}},"line":87},"10":{"name":"(anonymous_10)","decl":{"start":{"line":227,"column":27},"end":{"line":227,"column":28}},"loc":{"start":{"line":227,"column":47},"end":{"line":260,"column":1}},"line":227},"11":{"name":"(anonymous_11)","decl":{"start":{"line":266,"column":22},"end":{"line":266,"column":23}},"loc":{"start":{"line":266,"column":42},"end":{"line":401,"column":1}},"line":266},"12":{"name":"(anonymous_12)","decl":{"start":{"line":407,"column":23},"end":{"line":407,"column":24}},"loc":{"start":{"line":407,"column":43},"end":{"line":455,"column":1}},"line":407},"13":{"name":"(anonymous_13)","decl":{"start":{"line":461,"column":27},"end":{"line":461,"column":28}},"loc":{"start":{"line":461,"column":47},"end":{"line":512,"column":1}},"line":461},"14":{"name":"(anonymous_14)","decl":{"start":{"line":497,"column":16},"end":{"line":497,"column":17}},"loc":{"start":{"line":497,"column":23},"end":{"line":499,"column":12}},"line":497},"15":{"name":"(anonymous_15)","decl":{"start":{"line":501,"column":34},"end":{"line":501,"column":35}},"loc":{"start":{"line":501,"column":40},"end":{"line":504,"column":5}},"line":501},"16":{"name":"(anonymous_16)","decl":{"start":{"line":518,"column":25},"end":{"line":518,"column":26}},"loc":{"start":{"line":518,"column":45},"end":{"line":549,"column":1}},"line":518},"17":{"name":"(anonymous_17)","decl":{"start":{"line":555,"column":28},"end":{"line":555,"column":29}},"loc":{"start":{"line":555,"column":48},"end":{"line":584,"column":1}},"line":555},"18":{"name":"(anonymous_18)","decl":{"start":{"line":590,"column":34},"end":{"line":590,"column":35}},"loc":{"start":{"line":590,"column":54},"end":{"line":673,"column":1}},"line":590},"19":{"name":"(anonymous_19)","decl":{"start":{"line":681,"column":29},"end":{"line":681,"column":30}},"loc":{"start":{"line":681,"column":49},"end":{"line":704,"column":1}},"line":681},"20":{"name":"(anonymous_20)","decl":{"start":{"line":712,"column":34},"end":{"line":712,"column":35}},"loc":{"start":{"line":712,"column":54},"end":{"line":755,"column":1}},"line":712},"21":{"name":"(anonymous_21)","decl":{"start":{"line":735,"column":27},"end":{"line":735,"column":28}},"loc":{"start":{"line":735,"column":32},"end":{"line":747,"column":3}},"line":735},"22":{"name":"(anonymous_22)","decl":{"start":{"line":745,"column":40},"end":{"line":745,"column":41}},"loc":{"start":{"line":745,"column":46},"end":{"line":745,"column":51}},"line":745},"23":{"name":"(anonymous_23)","decl":{"start":{"line":761,"column":30},"end":{"line":761,"column":31}},"loc":{"start":{"line":761,"column":50},"end":{"line":825,"column":1}},"line":761},"24":{"name":"(anonymous_24)","decl":{"start":{"line":790,"column":36},"end":{"line":790,"column":37}},"loc":{"start":{"line":790,"column":41},"end":{"line":790,"column":47}},"line":790},"25":{"name":"(anonymous_25)","decl":{"start":{"line":804,"column":41},"end":{"line":804,"column":42}},"loc":{"start":{"line":804,"column":48},"end":{"line":804,"column":61}},"line":804},"26":{"name":"(anonymous_26)","decl":{"start":{"line":831,"column":30},"end":{"line":831,"column":31}},"loc":{"start":{"line":831,"column":50},"end":{"line":862,"column":1}},"line":831},"27":{"name":"(anonym
[...]
47,"column":4},"end":{"line":247,"column":88}},"81":{"start":{"line":258,"column":0},"end":{"line":279,"column":2}},"82":{"start":{"line":259,"column":2},"end":{"line":278,"column":3}},"83":{"start":{"line":260,"column":19},"end":{"line":272,"column":6}},"84":{"start":{"line":273,"column":17},"end":{"line":273,"column":32}},"85":{"start":{"line":274,"column":4},"end":{"line":274,"column":61}},"86":{"start":{"line":276,"column":4},"end":{"line":276,"column":56}},"87":{"start":{"line":277,"column":4},"end":{"line":277,"column":88}}},"fnMap":{"0":{"name":"(anonymous_0)","decl":{"start":{"line":7,"column":22},"end":{"line":7,"column":23}},"loc":{"start":{"line":7,"column":42},"end":{"line":34,"column":1}},"line":7},"1":{"name":"(anonymous_1)","decl":{"start":{"line":39,"column":23},"end":{"line":39,"column":24}},"loc":{"start":{"line":39,"column":43},"end":{"line":120,"column":1}},"line":39},"2":{"name":"(anonymous_2)","decl":{"start":{"line":125,"column":23},"end":{"line":125,"column":24}},"loc":{"start":{"line":125,"column":43},"end":{"line":220,"column":1}},"line":125},"3":{"name":"(anonymous_3)","decl":{"start":{"line":225,"column":23},"end":{"line":225,"column":24}},"loc":{"start":{"line":225,"column":43},"end":{"line":249,"column":1}},"line":225},"4":{"name":"(anonymous_4)","decl":{"start":{"line":258,"column":33},"end":{"line":258,"column":34}},"loc":{"start":{"line":258,"column":53},"end":{"line":279,"column":1}},"line":258}},"branchMap":{"0":{"loc":{"start":{"line":48,"column":4},"end":{"line":50,"column":5}},"type":"if","locations":[{"start":{"line":48,"column":4},"end":{"line":50,"column":5}},{"start":{},"end":{}}],"line":48},"1":{"loc":{"start":{"line":48,"column":8},"end":{"line":48,"column":87}},"type":"binary-expr","locations":[{"start":{"line":48,"column":8},"end":{"line":48,"column":28}},{"start":{"line":48,"column":32},"end":{"line":48,"column":50}},{"start":{"line":48,"column":54},"end":{"line":48,"column":70}},{"start":{"line":48,"column":74},"end":{"line":48,"column":87}}],"line":48},"2":{"loc":{"start":{"line":52,"column":4},"end":{"line":54,"column":5}},"type":"if","locations":[{"start":{"line":52,"column":4},"end":{"line":54,"column":5}},{"start":{},"end":{}}],"line":52},"3":{"loc":{"start":{"line":56,"column":4},"end":{"line":58,"column":5}},"type":"if","locations":[{"start":{"line":56,"column":4},"end":{"line":58,"column":5}},{"start":{},"end":{}}],"line":56},"4":{"loc":{"start":{"line":61,"column":4},"end":{"line":65,"column":5}},"type":"if","locations":[{"start":{"line":61,"column":4},"end":{"line":65,"column":5}},{"start":{},"end":{}}],"line":61},"5":{"loc":{"start":{"line":61,"column":8},"end":{"line":61,"column":56}},"type":"binary-expr","locations":[{"start":{"line":61,"column":8},"end":{"line":61,"column":31}},{"start":{"line":61,"column":35},"end":{"line":61,"column":56}}],"line":61},"6":{"loc":{"start":{"line":71,"column":4},"end":{"line":81,"column":5}},"type":"if","locations":[{"start":{"line":71,"column":4},"end":{"line":81,"column":5}},{"start":{},"end":{}}],"line":71},"7":{"loc":{"start":{"line":71,"column":8},"end":{"line":71,"column":34}},"type":"binary-expr","locations":[{"start":{"line":71,"column":8},"end":{"line":71,"column":20}},{"start":{"line":71,"column":24},"end":{"line":71,"column":34}}],"line":71},"8":{"loc":{"start":{"line":72,"column":6},"end":{"line":74,"column":7}},"type":"if","locations":[{"start":{"line":72,"column":6},"end":{"line":74,"column":7}},{"start":{},"end":{}}],"line":72},"9":{"loc":{"start":{"line":75,"column":6},"end":{"line":77,"column":7}},"type":"if","locations":[{"start":{"line":75,"column":6},"end":{"line":77,"column":7}},{"start":{},"end":{}}],"line":75},"10":{"loc":{"start":{"line":78,"column":6},"end":{"line":80,"column":7}},"type":"if","locations":[{"start":{"line":78,"column":6},"end":{"line":80,"column":7}},{"start":{},"end":{}}],"line":78},"11":{"loc":{"start":{"line":87,"column":4},"end":{"line":89,"column":5}},"type":"if","locations":[{"start":{"line":87,"column":4},"end":{"line":89,"column":5}},{"start":{},"end":{}}],"line":87},"12":{"loc":{"start":{"line":135,"column":4},"end":{"line":137,"column":5}},"type":"if","locations":[{"start":{"line":135,"column":4},"end":{"line":137,"column":5}},{"start":{},"end":{}}],"line":135},"13":{"loc":{"start":{"line":135,"column":8},"end":{"line":135,"column":87}},"type":"binary-expr","locations":[{"start":{"line":135,"column":8},"end":{"line":135,"column":28}},{"start":{"line":135,"column":32},"end":{"line":135,"column":50}},{"start":{"line":135,"column":54},"end":{"line":135,"column":70}},{"start":{"line":135,"column":74},"end":{"line":135,"column":87}}],"line":135},"14":{"loc":{"start":{"line":139,"column":4},"end":{"line":141,"column":5}},"type":"if","locations":[{"start":{"line":139,"column":4},"end":{"line":141,"column":5}},{"start":{},"end":{}}],"line":139},"15":{"loc":{"start":{"line":147,"column":4},"end":{"line":151,"column":5}},"type":"if","locations":[{"start":{"line":147,"column":4},"end":{"line":151,"column":5}},{"start":{},"end":{}}],"line":147},"16":{"loc":{"start":{"line":154,"column":25},"end":{"line":154,"column":55}},"type":"binary-expr","locations":[{"start":{"line":154,"column":25},"end":{"line":154,"column":47}},{"start":{"line":154,"column":51},"end":{"line":154,"column":55}}],"line":154},"17":{"loc":{"start":{"line":155,"column":25},"end":{"line":155,"column":55}},"type":"binary-expr","locations":[{"start":{"line":155,"column":25},"end":{"line":155,"column":45}},{"start":{"line":155,"column":51},"end":{"line":155,"column":55}}],"line":155},"18":{"loc":{"start":{"line":157,"column":4},"end":{"line":159,"column":5}},"type":"if","locations":[{"start":{"line":157,"column":4},"end":{"line":159,"column":5}},{"start":{},"end":{}}],"line":157},"19":{"loc":{"start":{"line":157,"column":8},"end":{"line":157,"column":35}},"type":"binary-expr","locations":[{"start":{"line":157,"column":8},"end":{"line":157,"column":20}},{"start":{"line":157,"column":24},"end":{"line":157,"column":35}}],"line":157},"20":{"loc":{"start":{"line":160,"column":4},"end":{"line":162,"column":5}},"type":"if","locations":[{"start":{"line":160,"column":4},"end":{"line":162,"column":5}},{"start":{},"end":{}}],"line":160},"21":{"loc":{"start":{"line":160,"column":8},"end":{"line":160,"column":35}},"type":"binary-expr","locations":[{"start":{"line":160,"column":8},"end":{"line":160,"column":21}},{"start":{"line":160,"column":25},"end":{"line":160,"column":35}}],"line":160},"22":{"loc":{"start":{"line":163,"column":4},"end":{"line":173,"column":5}},"type":"if","locations":[{"start":{"line":163,"column":4},"end":{"line":173,"column":5}},{"start":{},"end":{}}],"line":163},"23":{"loc":{"start":{"line":163,"column":8},"end":{"line":163,"column":34}},"type":"binary-expr","locations":[{"start":{"line":163,"column":8},"end":{"line":163,"column":20}},{"start":{"line":163,"column":24},"end":{"line":163,"column":34}}],"line":163},"24":{"loc":{"start":{"line":164,"column":6},"end":{"line":166,"column":7}},"type":"if","locations":[{"start":{"line":164,"column":6},"end":{"line":166,"column":7}},{"start":{},"end":{}}],"line":164},"25":{"loc":{"start":{"line":167,"column":6},"end":{"line":169,"column":7}},"type":"if","locations":[{"start":{"line":167,"column":6},"end":{"line":169,"column":7}},{"start":{},"end":{}}],"line":167},"26":{"loc":{"start":{"line":170,"column":6},"end":{"line":172,"column":7}},"type":"if","locations":[{"start":{"line":170,"column":6},"end":{"line":172,"column":7}},{"start":{},"end":{}}],"line":170},"27":{"loc":{"start":{"line":179,"column":4},"end":{"line":181,"column":5}},"type":"if","locations":[{"start":{"line":179,"column":4},"end":{"line":181,"column":5}},{"start":{},"end":{}}],"line":179},"28":{"loc":{"start":{"line":193,"column":4},"end":{"line":195,"column":5}},"type":"if","locations":[{"start":{"line":193,"column":4},"end":{"line":195,"column":5}},{"start":{},"end":{}}],"line":193},"29":{"loc":{"start":{"line":233,"column":4},"end":{"line":237,"column":5}},"type":"if","locations":[{"start":{"line":233,"column":4},"end":{"line":237,"column":5}},{"start":{},"end":{}}],"line":233},"30":{"loc":{"start":{"line":240,"column":4},"end":{"line":242,"column":5}},"type":"if","locations":[{"start":{"line":240,"column":4},"end":{"line":242,"column":5}},{"start":{},"end":{}}],"line":240},"31":{"loc":{"start":{"line":274,"column":36},"end":{"line":274,"column":57}},"type":"cond-expr","locations":[{"start":{"line":274,"column":43},"end":{"line":274,"column":50}},{"start":{"line":274,"column":53},"end":{"line":274,"column":57}}],"line":274}},"s":{"0":1,"1":1,"2":3,"3":3,"4":2,"5":1,"6":1,"7":1,"8":8,"9":8,"10":8,"11":8,"12":0,"13":0,"14":0,"15":0,"16":0,"17":0,"18":0,"19":0,"20":0,"21":0,"22":0,"23":0,"24":0,"25":0,"26":0,"27":0,"28":0,"29":0,"30":0,"31":0,"32":0,"33":0,"34":0,"35":1,"36":5,"37":5,"38":5,"39":5,"40":5,"41":0,"42":0,"43":0,"44":0,"45":0,"46":0,"47":0,"48":0,"49":0,"50":0,"51":0,"52":0,"53":0,"54":0,"55":0,"56":0,"57":0,"58":0,"59":0,"60":0,"61":0,"62":0,"63":0,"64":0,"65":0,"66":0,"67":0,"68":0,"69":1,"70":4,"71":4,"72":4,"73":4,"74":1,"75":2,"76":2,"77":1,"78":1,"79":1,"80":1,"81":1,"82":0,"83":0,"84":0,"85":0,"86":0,"87":0},"f":{"0":3,"1":8,"2":5,"3":4,"4":0},"b":{"0":[8,0],"1":[8,6,0,0],"2":[0,0],"3":[0,0],"4":[0,0],"5":[0,0],"6":[0,0],"7":[0,0],"8":[0,0],"9":[0,0],"10":[0,0],"11":[0,0],"12":[5,0],"13":[5,4,0,0],"14":[0,0],"15":[0,0],"16":[0,0],"17":[0,0],"18":[0,0],"19":[0,0],"20":[0,0],"21":[0,0],"22":[0,0],"23":[0,0],"24":[0,0],"25":[0,0],"26":[0,0],"27":[0,0],"28":[0,0],"29":[1,2],"30":[1,1],"31":[0,0]},"_coverageSchema":"1a1c01bbd47fc00a2c39e90264f33305004495a9","hash":"0b6e9ac7a66b8e869c00ee23f85b9d796d048d3b"}
,"C:\\laragon\\www\\fyp\\backend\\controllers\\profileControllers.js": {"path":"C:\\laragon\\www\\fyp\\backend\\controllers\\profileControllers.js","statementMap":{"0":{"start":{"line":2,"column":11},"end":{"line":2,"column":36}},"1":{"start":{"line":3,"column":15},"end":{"line":3,"column":34}},"2":{"start":{"line":8,"column":0},"end":{"line":24,"column":2}},"3":{"start":{"line":9,"column":2},"end":{"line":23,"column":3}},"4":{"start":{"line":10,"column":19},"end":{"line":10,"column":30}},"5":{"start":{"line":12,"column":19},"end":{"line":15,"column":5}},"6":{"start":{"line":17,"column":4},"end":{"line":17,"column":82}},"7":{"start":{"line":17,"column":22},"end":{"line":17,"column":82}},"8":{"start":{"line":19,"column":4},"end":{"line":19,"column":32}},"9":{"start":{"line":21,"column":4},"end":{"line":21,"column":44}},"10":{"start":{"line":22,"column":4},"end":{"line":22,"column":81}},"11":{"start":{"line":29,"column":0},"end":{"line":66,"column":2}},"12":{"start":{"line":30,"column":2},"end":{"line":65,"column":3}},"13":{"start":{"line":31,"column":19},"end":{"line":31,"column":30}},"14":{"start":{"line":32,"column":26},"end":{"line":32,"column":34}},"15":{"start":{"line":34,"column":4},"end":{"line":35,"column":79}},"16":{"start":{"line":35,"column":6},"end":{"line":35,"column":79}},"17":{"start":{"line":37,"column":4},"end":{"line":37,"column":23}},"18":{"start":{"line":38,"column":4},"end":{"line":38,"column":25}},"19":{"start":{"line":40,"column":4},"end":{"line":41,"column":73}},"20":{"start":{"line":41,"column":6},"end":{"line":41,"column":73}},"21":{"start":{"line":43,"column":23},"end":{"line":46,"column":5}},"22":{"start":{"line":48,"column":4},"end":{"line":49,"column":99}},"23":{"start":{"line":49,"column":6},"end":{"line":49,"column":99}},"24":{"start":{"line":51,"column":21},"end":{"line":54,"column":5}},"25":{"start":{"line":56,"column":4},"end":{"line":56,"column":90}},"26":{"start":{"line":56,"column":30},"end":{"line":56,"column":90}},"27":{"start":{"line":58,"column":4},"end":{"line":58,"column":82}},"28":{"start":{"line":60,"column":4},"end":{"line":60,"column":47}},"29":{"start":{"line":62,"column":4},"end":{"line":63,"column":99}},"30":{"start":{"line":63,"column":6},"end":{"line":63,"column":99}},"31":{"start":{"line":64,"column":4},"end":{"line":64,"column":81}},"32":{"start":{"line":71,"column":0},"end":{"line":106,"column":2}},"33":{"start":{"line":72,"column":2},"end":{"line":105,"column":3}},"34":{"start":{"line":73,"column":19},"end":{"line":73,"column":30}},"35":{"start":{"line":74,"column":62},"end":{"line":74,"column":70}},"36":{"start":{"line":76,"column":4},"end":{"line":77,"column":84}},"37":{"start":{"line":77,"column":6},"end":{"line":77,"column":84}},"38":{"start":{"line":79,"column":4},"end":{"line":80,"column":74}},"39":{"start":{"line":80,"column":6},"end":{"line":80,"column":74}},"40":{"start":{"line":82,"column":4},"end":{"line":85,"column":9}},"41":{"start":{"line":83,"column":6},"end":{"line":85,"column":9}},"42":{"start":{"line":87,"column":19},"end":{"line":87,"column":91}},"43":{"start":{"line":89,"column":4},"end":{"line":89,"column":82}},"44":{"start":{"line":89,"column":22},"end":{"line":89,"column":82}},"45":{"start":{"line":91,"column":4},"end":{"line":92,"column":81}},"46":{"start":{"line":92,"column":6},"end":{"line":92,"column":81}},"47":{"start":{"line":94,"column":4},"end":{"line":95,"column":109}},"48":{"start":{"line":95,"column":6},"end":{"line":95,"column":109}},"49":{"start":{"line":97,"column":19},"end":{"line":97,"column":50}},"50":{"start":{"line":99,"column":4},"end":{"line":99,"column":88}},"51":{"start":{"line":101,"column":4},"end":{"line":101,"column":60}},"52":{"start":{"line":103,"column":4},"end":{"line":103,"column":48}},"53":{"start":{"line":104,"column":4},"end":{"line":104,"column":81}}},"fnMap":{"0":{"name":"(anonymous_0)","decl":{"start":{"line":8,"column":21},"end":{"line":8,"column":22}},"loc":{"start":{"line":8,"column":41},"end":{"line":24,"column":1}},"line":8},"1":{"name":"(anonymous_1)","decl":{"start":{"line":29,"column":24},"end":{"line":29,"column":25}},"loc":{"start":{"line":29,"column":44},"end":{"line":66,"column":1}},"line":29},"2":{"name":"(anonymous_2)","decl":{"start":{"line":71,"column":25},"end":{"line":71,"column":26}},"loc":{"start":{"line":71,"column":45},"end":{"line":106,"column":1}},"line":71}},"branchMap":{"0":{"loc":{"start":{"line":17,"column":4},"end":{"line":17,"column":82}},"type":"if","locations":[{"start":{"line":17,"column":4},"end":{"line":17,"column":82}},{"start":{},"end":{}}],"line":17},"1":{"loc":{"start":{"line":34,"column":4},"end":{"line":35,"column":79}},"type":"if","locations":[{"start":{"line":34,"column":4},"end":{"line":35,"column":79}},{"start":{},"end":{}}],"line":34},"2":{"loc":{"start":{"line":34,"column":8},"end":{"line":34,"column":39}},"type":"binary-expr","locations":[{"start":{"line":34,"column":8},"end":{"line":34,"column":21}},{"start":{"line":34,"column":25},"end":{"line":34,"column":39}}],"line":34},"3":{"loc":{"start":{"line":40,"column":4},"end":{"line":41,"column":73}},"type":"if","locations":[{"start":{"line":40,"column":4},"end":{"line":41,"column":73}},{"start":{},"end":{}}],"line":40},"4":{"loc":{"start":{"line":48,"column":4},"end":{"line":49,"column":99}},"type":"if","locations":[{"start":{"line":48,"column":4},"end":{"line":49,"column":99}},{"start":{},"end":{}}],"line":48},"5":{"loc":{"start":{"line":56,"column":4},"end":{"line":56,"column":90}},"type":"if","locations":[{"start":{"line":56,"column":4},"end":{"line":56,"column":90}},{"start":{},"end":{}}],"line":56},"6":{"loc":{"start":{"line":62,"column":4},"end":{"line":63,"column":99}},"type":"if","locations":[{"start":{"line":62,"column":4},"end":{"line":63,"column":99}},{"start":{},"end":{}}],"line":62},"7":{"loc":{"start":{"line":76,"column":4},"end":{"line":77,"column":84}},"type":"if","locations":[{"start":{"line":76,"column":4},"end":{"line":77,"column":84}},{"start":{},"end":{}}],"line":76},"8":{"loc":{"start":{"line":76,"column":8},"end":{"line":76,"column":60}},"type":"binary-expr","locations":[{"start":{"line":76,"column":8},"end":{"line":76,"column":24}},{"start":{"line":76,"column":28},"end":{"line":76,"column":40}},{"start":{"line":76,"column":44},"end":{"line":76,"column":60}}],"line":76},"9":{"loc":{"start":{"line":79,"column":4},"end":{"line":80,"column":74}},"type":"if","locations":[{"start":{"line":79,"column":4},"end":{"line":80,"column":74}},{"start":{},"end":{}}],"line":79},"10":{"loc":{"start":{"line":82,"column":4},"end":{"line":85,"column":9}},"type":"if","locations":[{"start":{"line":82,"column":4},"end":{"line":85,"column":9}},{"start":{},"end":{}}],"line":82},"11":{"loc":{"start":{"line":89,"column":4},"end":{"line":89,"column":82}},"type":"if","locations":[{"start":{"line":89,"column":4},"end":{"line":89,"column":82}},{"start":{},"end":{}}],"line":89},"12":{"loc":{"start":{"line":91,"column":4},"end":{"line":92,"column":81}},"type":"if","locations":[{"start":{"line":91,"column":4},"end":{"line":92,"column":81}},{"start":{},"end":{}}],"line":91},"13":{"loc":{"start":{"line":94,"column":4},"end":{"line":95,"column":109}},"type":"if","locations":[{"start":{"line":94,"column":4},"end":{"line":95,"column":109}},{"start":{},"end":{}}],"line":94}},"s":{"0":1,"1":1,"2":1,"3":3,"4":3,"5":3,"6":2,"7":1,"8":1,"9":1,"10":1,"11":1,"12":6,"13":6,"14":6,"15":6,"16":1,"17":5,"18":5,"19":5,"20":1,"21":4,"22":4,"23":1,"24":3,"25":2,"26":1,"27":1,"28":1,"29":1,"30":1,"31":0,"32":1,"33":7,"34":7,"35":7,"36":7,"37":1,"38":6,"39":1,"40":5,"41":1,"42":4,"43":4,"44":1,"45":3,"46":1,"47":2,"48":1,"49":1,"50":1,"51":1,"52":0,"53":0},"f":{"0":3,"1":6,"2":7},"b":{"0":[1,1],"1":[1,5],"2":[6,5],"3":[1,4],"4":[1,3],"5":[1,1],"6":[1,0],"7":[1,6],"8":[7,6,6],"9":[1,5],"10":[1,4],"11":[1,3],"12":[1,2],"13":[1,1]},"_coverageSchema":"1a1c01bbd47fc00a2c39e90264f33305004495a9","hash":"ecad2100ccc5d5db9e9126c8c4c841c4005f7726"}
,"C:\\laragon\\www\\fyp\\backend\\database\\db.js": {"path":"C:\\laragon\\www\\fyp\\backend\\database\\db.js","statementMap":{"0":{"start":{"line":1,"column":14},"end":{"line":1,"column":39}},"1":{"start":{"line":2,"column":15},"end":{"line":2,"column":32}},"2":{"start":{"line":3,"column":0},"end":{"line":3,"column":16}},"3":{"start":{"line":5,"column":11},"end":{"line":14,"column":2}},"4":{"start":{"line":16,"column":0},"end":{"line":23,"column":5}},"5":{"start":{"line":18,"column":4},"end":{"line":18,"column":51}},"6":{"start":{"line":19,"column":4},"end":{"line":19,"column":19}},"7":{"start":{"line":22,"column":4},"end":{"line":22,"column":60}},"8":{"start":{"line":25,"column":0},"end":{"line":25,"column":20}}},"fnMap":{"0":{"name":"(anonymous_0)","decl":{"start":{"line":17,"column":8},"end":{"line":17,"column":9}},"loc":{"start":{"line":17,"column":16},"end":{"line":20,"column":3}},"line":17},"1":{"name":"(anonymous_1)","decl":{"start":{"line":21,"column":9},"end":{"line":21,"column":10}},"loc":{"start":{"line":21,"column":16},"end":{"line":23,"column":3}},"line":21}},"branchMap":{"0":{"loc":{"start":{"line":6,"column":12},"end":{"line":6,"column":50}},"type":"binary-expr","locations":[{"start":{"line":6,"column":12},"end":{"line":6,"column":31}},{"start":{"line":6,"column":39},"end":{"line":6,"column":50}}],"line":6},"1":{"loc":{"start":{"line":7,"column":12},"end":{"line":7,"column":45}},"type":"binary-expr","locations":[{"start":{"line":7,"column":12},"end":{"line":7,"column":31}},{"start":{"line":7,"column":39},"end":{"line":7,"column":45}}],"line":7},"2":{"loc":{"start":{"line":8,"column":12},"end":{"line":8,"column":41}},"type":"binary-expr","locations":[{"start":{"line":8,"column":12},"end":{"line":8,"column":35}},{"start":{"line":8,"column":39},"end":{"line":8,"column":41}}],"line":8},"3":{"loc":{"start":{"line":9,"column":12},"end":{"line":9,"column":45}},"type":"binary-expr","locations":[{"start":{"line":9,"column":12},"end":{"line":9,"column":31}},{"start":{"line":9,"column":39},"end":{"line":9,"column":45}}],"line":9}},"s":{"0":5,"1":5,"2":5,"3":5,"4":5,"5":0,"6":0,"7":0,"8":5},"f":{"0":0,"1":0},"b":{"0":[5,0],"1":[5,0],"2":[5,5],"3":[5,0]},"_coverageSchema":"1a1c01bbd47fc00a2c39e90264f33305004495a9","hash":"d021746bbc0f1b52033a3b5142a1efb3094cdfee"}
}
