{"C:\\laragon\\www\\fyp\\backend\\controllers\\adminControllers.js": {"path":"C:\\laragon\\www\\fyp\\backend\\controllers\\adminControllers.js","statementMap":{"0":{"start":{"line":3,"column":14},"end":{"line":3,"column":39}},"1":{"start":{"line":4,"column":15},"end":{"line":4,"column":34}},"2":{"start":{"line":5,"column":15},"end":{"line":5,"column":32}},"3":{"start":{"line":7,"column":36},"end":{"line":7,"column":67}},"4":{"start":{"line":12,"column":0},"end":{"line":167,"column":2}},"5":{"start":{"line":13,"column":2},"end":{"line":166,"column":3}},"6":{"start":{"line":14,"column":29},"end":{"line":14,"column":38}},"7":{"start":{"line":17,"column":4},"end":{"line":37,"column":5}},"8":{"start":{"line":18,"column":16},"end":{"line":27,"column":7}},"9":{"start":{"line":28,"column":21},"end":{"line":28,"column":23}},"10":{"start":{"line":29,"column":6},"end":{"line":32,"column":7}},"11":{"start":{"line":30,"column":8},"end":{"line":30,"column":56}},"12":{"start":{"line":31,"column":8},"end":{"line":31,"column":50}},"13":{"start":{"line":33,"column":6},"end":{"line":33,"column":43}},"14":{"start":{"line":35,"column":21},"end":{"line":35,"column":48}},"15":{"start":{"line":36,"column":6},"end":{"line":36,"column":39}},"16":{"start":{"line":40,"column":4},"end":{"line":149,"column":5}},"17":{"start":{"line":42,"column":21},"end":{"line":42,"column":23}},"18":{"start":{"line":44,"column":6},"end":{"line":145,"column":7}},"19":{"start":{"line":48,"column":8},"end":{"line":62,"column":10}},"20":{"start":{"line":63,"column":8},"end":{"line":63,"column":26}},"21":{"start":{"line":64,"column":8},"end":{"line":67,"column":9}},"22":{"start":{"line":65,"column":10},"end":{"line":65,"column":135}},"23":{"start":{"line":66,"column":10},"end":{"line":66,"column":97}},"24":{"start":{"line":68,"column":8},"end":{"line":68,"column":45}},"25":{"start":{"line":70,"column":13},"end":{"line":145,"column":7}},"26":{"start":{"line":72,"column":8},"end":{"line":87,"column":10}},"27":{"start":{"line":88,"column":8},"end":{"line":88,"column":26}},"28":{"start":{"line":89,"column":8},"end":{"line":92,"column":9}},"29":{"start":{"line":90,"column":10},"end":{"line":90,"column":108}},"30":{"start":{"line":91,"column":10},"end":{"line":91,"column":82}},"31":{"start":{"line":93,"column":8},"end":{"line":93,"column":45}},"32":{"start":{"line":95,"column":13},"end":{"line":145,"column":7}},"33":{"start":{"line":96,"column":8},"end":{"line":110,"column":10}},"34":{"start":{"line":111,"column":8},"end":{"line":111,"column":26}},"35":{"start":{"line":112,"column":8},"end":{"line":115,"column":9}},"36":{"start":{"line":113,"column":10},"end":{"line":113,"column":84}},"37":{"start":{"line":114,"column":10},"end":{"line":114,"column":67}},"38":{"start":{"line":116,"column":8},"end":{"line":116,"column":45}},"39":{"start":{"line":118,"column":13},"end":{"line":145,"column":7}},"40":{"start":{"line":119,"column":8},"end":{"line":130,"column":10}},"41":{"start":{"line":131,"column":8},"end":{"line":134,"column":9}},"42":{"start":{"line":132,"column":10},"end":{"line":132,"column":58}},"43":{"start":{"line":133,"column":10},"end":{"line":133,"column":52}},"44":{"start":{"line":135,"column":8},"end":{"line":135,"column":45}},"45":{"start":{"line":138,"column":8},"end":{"line":138,"column":121}},"46":{"start":{"line":139,"column":8},"end":{"line":139,"column":26}},"47":{"start":{"line":140,"column":8},"end":{"line":143,"column":9}},"48":{"start":{"line":141,"column":10},"end":{"line":141,"column":54}},"49":{"start":{"line":142,"column":10},"end":{"line":142,"column":52}},"50":{"start":{"line":144,"column":8},"end":{"line":144,"column":43}},"51":{"start":{"line":147,"column":21},"end":{"line":147,"column":48}},"52":{"start":{"line":148,"column":6},"end":{"line":148,"column":39}},"53":{"start":{"line":152,"column":14},"end":{"line":152,"column":121}},"54":{"start":{"line":153,"column":19},"end":{"line":153,"column":21}},"55":{"start":{"line":154,"column":4},"end":{"line":157,"column":5}},"56":{"start":{"line":155,"column":6},"end":{"line":155,"column":50}},"57":{"start":{"line":156,"column":6},"end":{"line":156,"column":48}},"58":{"start":{"line":158,"column":4},"end":{"line":158,"column":39}},"59":{"start":{"line":160,"column":19},"end":{"line":160,"column":46}},"60":{"start":{"line":161,"column":4},"end":{"line":161,"column":37}},"61":{"start":{"line":164,"column":4},"end":{"line":164,"column":43}},"62":{"start":{"line":165,"column":4},"end":{"line":165,"column":88}},"63":{"start":{"line":173,"column":0},"end":{"line":320,"column":2}},"64":{"start":{"line":174,"column":15},"end":{"line":174,"column":39}},"65":{"start":{"line":175,"column":2},"end":{"line":319,"column":3}},"66":{"start":{"line":176,"column":4},"end":{"line":176,"column":34}},"67":{"start":{"line":178,"column":21},"end":{"line":178,"column":31}},"68":{"start":{"line":179,"column":21},"end":{"line":179,"column":30}},"69":{"start":{"line":180,"column":21},"end":{"line":180,"column":29}},"70":{"start":{"line":182,"column":30},"end":{"line":182,"column":64}},"71":{"start":{"line":183,"column":4},"end":{"line":183,"column":89}},"72":{"start":{"line":183,"column":50},"end":{"line":183,"column":89}},"73":{"start":{"line":185,"column":23},"end":{"line":185,"column":86}},"74":{"start":{"line":185,"column":56},"end":{"line":185,"column":85}},"75":{"start":{"line":188,"column":33},"end":{"line":190,"column":79}},"76":{"start":{"line":191,"column":33},"end":{"line":192,"column":105}},"77":{"start":{"line":193,"column":33},"end":{"line":193,"column":82}},"78":{"start":{"line":195,"column":4},"end":{"line":198,"column":5}},"79":{"start":{"line":196,"column":6},"end":{"line":196,"column":28}},"80":{"start":{"line":197,"column":6},"end":{"line":197,"column":77}},"81":{"start":{"line":201,"column":4},"end":{"line":210,"column":5}},"82":{"start":{"line":202,"column":24},"end":{"line":202,"column":66}},"83":{"start":{"line":202,"column":44},"end":{"line":202,"column":54}},"84":{"start":{"line":203,"column":24},"end":{"line":203,"column":64}},"85":{"start":{"line":203,"column":48},"end":{"line":203,"column":58}},"86":{"start":{"line":204,"column":24},"end":{"line":204,"column":99}},"87":{"start":{"line":206,"column":6},"end":{"line":209,"column":7}},"88":{"start":{"line":207,"column":8},"end":{"line":207,"column":30}},"89":{"start":{"line":208,"column":8},"end":{"line":208,"column":68}},"90":{"start":{"line":213,"column":4},"end":{"line":237,"column":5}},"91":{"start":{"line":214,"column":28},"end":{"line":214,"column":30}},"92":{"start":{"line":215,"column":6},"end":{"line":215,"column":101}},"93":{"start":{"line":215,"column":50},"end":{"line":215,"column":101}},"94":{"start":{"line":216,"column":6},"end":{"line":216,"column":108}},"95":{"start":{"line":216,"column":50},"end":{"line":216,"column":108}},"96":{"start":{"line":217,"column":6},"end":{"line":217,"column":111}},"97":{"start":{"line":217,"column":50},"end":{"line":217,"column":111}},"98":{"start":{"line":218,"column":6},"end":{"line":218,"column":104}},"99":{"start":{"line":218,"column":50},"end":{"line":218,"column":104}},"100":{"start":{"line":220,"column":6},"end":{"line":224,"column":7}},"101":{"start":{"line":221,"column":26},"end":{"line":221,"column":84}},"102":{"start":{"line":221,"column":62},"end":{"line":221,"column":72}},"103":{"start":{"line":222,"column":26},"end":{"line":222,"column":63}},"104":{"start":{"line":223,"column":8},"end":{"line":223,"column":96}},"105":{"start":{"line":226,"column":11},"end":{"line":237,"column":5}},"106":{"start":{"line":227,"column":24},"end":{"line":227,"column":26}},"107":{"start":{"line":228,"column":6},"end":{"line":228,"column":81}},"108":{"start":{"line":228,"column":44},"end":{"line":228,"column":81}},"109":{"start":{"line":229,"column":6},"end":{"line":229,"column":84}},"110":{"start":{"line":229,"column":44},"end":{"line":229,"column":84}},"111":{"start":{"line":230,"column":6},"end":{"line":230,"column":94}},"112":{"start":{"line":230,"column":44},"end":{"line":230,"column":94}},"113":{"start":{"line":232,"column":6},"end":{"line":236,"column":7}},"114":{"start":{"line":233,"column":26},"end":{"line":233,"column":80}},"115":{"start":{"line":233,"column":58},"end":{"line":233,"column":68}},"116":{"start":{"line":234,"column":26},"end":{"line":234,"column":59}},"117":{"start":{"line":235,"column":8},"end":{"line":235,"column":99}},"118":{"start":{"line":239,"column":4},"end":{"line":239,"column":24}},"119":{"start":{"line":244,"column":4},"end":{"line":307,"column":5}},"120":{"start":{"line":245,"column":21},"end":{"line":260,"column":7}},"121":{"start":{"line":261,"column":6},"end":{"line":261,"column":26}},"122":{"start":{"line":263,"column":11},"end":{"line":307,"column":5}},"123":{"start":{"line":264,"column":21},"end":{"line":280,"column":7}},"124":{"start":{"line":281,"column":6},"end":{"line":281,"column":26}},"125":{"start":{"line":283,"column":11},"end":{"line":307,"column":5}},"126":{"start":{"line":285,"column":6},"end":{"line":290,"column":7}},"127":{"start":{"line":286,"column":8},"end":{"line":289,"column":10}},"128":{"start":{"line":291,"column":21},"end":{"line":298,"column":7}},"129":{"start":{"line":299,"column":6},"end":{"line":299,"column":26}},"130":{"start":{"line":302,"column":21},"end":{"line":305,"column":7}},"131":{"start":{"line":306,"column":6},"end":{"line":306,"column":26}},"132":{"start":{"line":309,"column":4},"end":{"line":309,"column":41}},"133":{"start":{"line":312,"column":4},"end":{"line":312,"column":26}},"134":{"start":{"line":313,"column":4},"end":{"line":313,"column":44}},"135":{"start":{"line":314,"column":4},"end":{"line":315,"column":99}},"136":{"start":{"line":315,"column":6},"end":{"line":315,"column":99}},"137":{"start":{"line":316,"column":4},"end":{"line":316,"column":88}},"138":{"start":{"line":318,"column":4},"end":{"line":318,"column":19}},"139":{"start":{"line":326,"column":0},"end":{"line":341,"column":2}},"140":{"start":{"line":327,"column":2},"end":{"line":340,"column":3}},"141":{"start":{"line":328,"column":19},"end":{"line":328,"column":29}},"142":{"start":{"line":330,"column":21},"end":{"line":330,"column":80}},"143":{"start":{"line":332,"column":4},"end":{"line":333,"column":66}},"144":{"start":{"line":333,"column":6},"end":{"line":333,"column":66}},"145":{"start":{"line":335,"column":4},"end":{"line":335,"column":63}},"146":{"start":{"line":338,"column":4},"end":{"line":338,"column":44}},"147":{"start":{"line":339,"column":4},"end":{"line":339,"column":88}},"148":{"start":{"line":347,"column":0},"end":{"line":417,"column":2}},"149":{"start":{"line":348,"column":2},"end":{"line":416,"column":3}},"150":{"start":{"line":349,"column":21},"end":{"line":349,"column":30}},"151":{"start":{"line":350,"column":22},"end":{"line":350,"column":30}},"152":{"start":{"line":352,"column":4},"end":{"line":353,"column":70}},"153":{"start":{"line":353,"column":6},"end":{"line":353,"column":70}},"154":{"start":{"line":355,"column":20},"end":{"line":355,"column":22}},"155":{"start":{"line":356,"column":20},"end":{"line":356,"column":22}},"156":{"start":{"line":358,"column":4},"end":{"line":405,"column":5}},"157":{"start":{"line":358,"column":17},"end":{"line":358,"column":18}},"158":{"start":{"line":359,"column":16},"end":{"line":359,"column":24}},"159":{"start":{"line":360,"column":6},"end":{"line":404,"column":7}},"160":{"start":{"line":361,"column":29},"end":{"line":361,"column":81}},"161":{"start":{"line":362,"column":29},"end":{"line":362,"column":64}},"162":{"start":{"line":363,"column":29},"end":{"line":363,"column":67}},"163":{"start":{"line":364,"column":29},"end":{"line":364,"column":71}},"164":{"start":{"line":366,"column":25},"end":{"line":371,"column":9}},"165":{"start":{"line":373,"column":23},"end":{"line":373,"column":38}},"166":{"start":{"line":375,"column":8},"end":{"line":392,"column":9}},"167":{"start":{"line":376,"column":10},"end":{"line":381,"column":12}},"168":{"start":{"line":382,"column":15},"end":{"line":392,"column":9}},"169":{"start":{"line":383,"column":10},"end":{"line":386,"column":12}},"170":{"start":{"line":387,"column":15},"end":{"line":392,"column":9}},"171":{"start":{"line":388,"column":10},"end":{"line":391,"column":13}},"172":{"start":{"line":394,"column":8},"end":{"line":394,"column":76}},"173":{"start":{"line":396,"column":8},"end":{"line":396,"column":67}},"174":{"start":{"line":399,"column":8},"end":{"line":403,"column":11}},"175":{"start":{"line":407,"column":4},"end":{"line":411,"column":7}},"176":{"start":{"line":414,"column":4},"end":{"line":414,"column":45}},"177":{"start":{"line":415,"column":4},"end":{"line":415,"column":88}},"178":{"start":{"line":423,"column":0},"end":{"line":501,"column":2}},"179":{"start":{"line":424,"column":2},"end":{"line":500,"column":3}},"180":{"start":{"line":425,"column":25},"end":{"line":427,"column":5}},"181":{"start":{"line":429,"column":19},"end":{"line":429,"column":92}},"182":{"start":{"line":430,"column":4},"end":{"line":432,"column":7}},"183":{"start":{"line":431,"column":6},"end":{"line":431,"column":83}},"184":{"start":{"line":431,"column":62},"end":{"line":431,"column":83}},"185":{"start":{"line":434,"column":27},"end":{"line":436,"column":5}},"186":{"start":{"line":438,"column":30},"end":{"line":451,"column":5}},"187":{"start":{"line":452,"column":4},"end":{"line":455,"column":7}},"188":{"start":{"line":453,"column":6},"end":{"line":454,"column":42}},"189":{"start":{"line":454,"column":8},"end":{"line":454,"column":42}},"190":{"start":{"line":457,"column":4},"end":{"line":458,"column":67}},"191":{"start":{"line":459,"column":4},"end":{"line":460,"column":108}},"192":{"start":{"line":462,"column":26},"end":{"line":472,"column":6}},"193":{"start":{"line":474,"column":16},"end":{"line":474,"column":18}},"194":{"start":{"line":475,"column":4},"end":{"line":481,"column":7}},"195":{"start":{"line":476,"column":18},"end":{"line":476,"column":65}},"196":{"start":{"line":477,"column":6},"end":{"line":477,"column":83}},"197":{"start":{"line":477,"column":21},"end":{"line":477,"column":83}},"198":{"start":{"line":478,"column":6},"end":{"line":478,"column":68}},"199":{"start":{"line":478,"column":39},"end":{"line":478,"column":68}},"200":{"start":{"line":479,"column":6},"end":{"line":479,"column":68}},"201":{"start":{"line":479,"column":39},"end":{"line":479,"column":68}},"202":{"start":{"line":480,"column":6},"end":{"line":480,"column":68}},"203":{"start":{"line":480,"column":39},"end":{"line":480,"column":68}},"204":{"start":{"line":483,"column":24},"end":{"line":488,"column":5}},"205":{"start":{"line":490,"column":4},"end":{"line":495,"column":7}},"206":{"start":{"line":498,"column":4},"end":{"line":498,"column":42}},"207":{"start":{"line":499,"column":4},"end":{"line":499,"column":88}},"208":{"start":{"line":507,"column":0},"end":{"line":611,"column":2}},"209":{"start":{"line":508,"column":15},"end":{"line":508,"column":39}},"210":{"start":{"line":509,"column":2},"end":{"line":610,"column":3}},"211":{"start":{"line":510,"column":4},"end":{"line":510,"column":34}},"212":{"start":{"line":519,"column":8},"end":{"line":519,"column":16}},"213":{"start":{"line":521,"column":4},"end":{"line":524,"column":5}},"214":{"start":{"line":522,"column":6},"end":{"line":522,"column":28}},"215":{"start":{"line":523,"column":6},"end":{"line":523,"column":86}},"216":{"start":{"line":526,"column":4},"end":{"line":529,"column":5}},"217":{"start":{"line":527,"column":6},"end":{"line":527,"column":28}},"218":{"start":{"line":528,"column":6},"end":{"line":528,"column":114}},"219":{"start":{"line":531,"column":23},"end":{"line":531,"column":93}},"220":{"start":{"line":532,"column":4},"end":{"line":535,"column":5}},"221":{"start":{"line":533,"column":6},"end":{"line":533,"column":28}},"222":{"start":{"line":534,"column":6},"end":{"line":534,"column":89}},"223":{"start":{"line":537,"column":28},"end":{"line":537,"column":80}},"224":{"start":{"line":538,"column":28},"end":{"line":538,"column":63}},"225":{"start":{"line":539,"column":28},"end":{"line":539,"column":66}},"226":{"start":{"line":540,"column":28},"end":{"line":540,"column":70}},"227":{"start":{"line":542,"column":25},"end":{"line":546,"column":5}},"228":{"start":{"line":547,"column":19},"end":{"line":547,"column":38}},"229":{"start":{"line":549,"column":4},"end":{"line":556,"column":5}},"230":{"start":{"line":550,"column":6},"end":{"line":555,"column":8}},"231":{"start":{"line":558,"column":4},"end":{"line":563,"column":5}},"232":{"start":{"line":559,"column":6},"end":{"line":562,"column":8}},"233":{"start":{"line":565,"column":4},"end":{"line":570,"column":5}},"234":{"start":{"line":566,"column":6},"end":{"line":569,"column":8}},"235":{"start":{"line":572,"column":4},"end":{"line":572,"column":24}},"236":{"start":{"line":573,"column":4},"end":{"line":573,"column":78}},"237":{"start":{"line":575,"column":4},"end":{"line":600,"column":7}},"238":{"start":{"line":603,"column":4},"end":{"line":603,"column":26}},"239":{"start":{"line":604,"column":4},"end":{"line":604,"column":48}},"240":{"start":{"line":605,"column":4},"end":{"line":606,"column":89}},"241":{"start":{"line":606,"column":6},"end":{"line":606,"column":89}},"242":{"start":{"line":607,"column":4},"end":{"line":607,"column":81}},"243":{"start":{"line":609,"column":4},"end":{"line":609,"column":19}},"244":{"start":{"line":617,"column":0},"end":{"line":645,"column":2}},"245":{"start":{"line":618,"column":2},"end":{"line":644,"column":3}},"246":{"start":{"line":619,"column":23},"end":{"line":619,"column":32}},"247":{"start":{"line":621,"column":14},"end":{"line":630,"column":5}},"248":{"start":{"line":631,"column":19},"end":{"line":631,"column":21}},"249":{"start":{"line":632,"column":4},"end":{"line":635,"column":5}},"250":{"start":{"line":633,"column":6},"end":{"line":633,"column":113}},"251":{"start":{"line":634,"column":6},"end":{"line":634,"column":78}},"252":{"start":{"line":636,"column":4},"end":{"line":636,"column":61}},"253":{"start":{"line":638,"column":19},"end":{"line":638,"column":46}},"254":{"start":{"line":639,"column":4},"end":{"line":639,"column":40}},"255":{"start":{"line":642,"column":4},"end":{"line":642,"column":46}},"256":{"start":{"line":643,"column":4},"end":{"line":643,"column":88}},"257":{"start":{"line":650,"column":0},"end":{"line":678,"column":2}},"258":{"start":{"line":651,"column":2},"end":{"line":677,"column":3}},"259":{"start":{"line":652,"column":27},"end":{"line":654,"column":5}},"260":{"start":{"line":656,"column":32},"end":{"line":663,"column":5}},"261":{"start":{"line":665,"column":4},"end":{"line":668,"column":7}},"262":{"start":{"line":666,"column":6},"end":{"line":667,"column":44}},"263":{"start":{"line":667,"column":8},"end":{"line":667,"column":44}},"264":{"start":{"line":670,"column":18},"end":{"line":670,"column":79}},"265":{"start":{"line":670,"column":70},"end":{"line":670,"column":75}},"266":{"start":{"line":672,"column":4},"end":{"line":672,"column":52}},"267":{"start":{"line":675,"column":4},"end":{"line":675,"column":49}},"268":{"start":{"line":676,"column":4},"end":{"line":676,"column":88}}},"fnMap":{"0":{"name":"(anonymous_0)","decl":{"start":{"line":12,"column":20},"end":{"line":12,"column":21}},"loc":{"start":{"line":12,"column":40},"end":{"line":167,"column":1}},"line":12},"1":{"name":"(anonymous_1)","decl":{"start":{"line":173,"column":21},"end":{"line":173,"column":22}},"loc":{"start":{"line":173,"column":41},"end":{"line":320,"column":1}},"line":173},"2":{"name":"(anonymous_2)","decl":{"start":{"line":185,"column":51},"end":{"line":185,"column":52}},"loc":{"start":{"line":185,"column":56},"end":{"line":185,"column":85}},"line":185},"3":{"name":"(anonymous_3)","decl":{"start":{"line":202,"column":39},"end":{"line":202,"column":40}},"loc":{"start":{"line":202,"column":44},"end":{"line":202,"column":54}},"line":202},"4":{"name":"(anonymous_4)","decl":{"start":{"line":203,"column":43},"end":{"line":203,"column":44}},"loc":{"start":{"line":203,"column":48},"end":{"line":203,"column":58}},"line":203},"5":{"name":"(anonymous_5)","decl":{"start":{"line":221,"column":57},"end":{"line":221,"column":58}},"loc":{"start":{"line":221,"column":62},"end":{"line":221,"column":72}},"line":221},"6":{"name":"(anonymous_6)","decl":{"start":{"line":233,"column":53},"end":{"line":233,"column":54}},"loc":{"start":{"line":233,"column":58},"end":{"line":233,"column":68}},"line":233},"7":{"name":"(anonymous_7)","decl":{"start":{"line":326,"column":21},"end":{"line":326,"column":22}},"loc":{"start":{"line":326,"column":41},"end":{"line":341,"column":1}},"line":326},"8":{"name":"(anonymous_8)","decl":{"start":{"line":347,"column":22},"end":{"line":347,"column":23}},"loc":{"start":{"line":347,"column":42},"end":{"line":417,"column":1}},"line":347},"9":{"name":"(anonymous_9)","decl":{"start":{"line":423,"column":19},"end":{"line":423,"column":20}},"loc":{"start":{"line":423,"column":39},"end":{"line":501,"column":1}},"line":423},"10":{"name":"(anonymous_10)","decl":{"start":{"line":430,"column":23},"end":{"line":430,"column":24}},"loc":{"start":{"line":430,"column":44},"end":{"line":432,"column":5}},"line":430},"11":{"name":"(anonymous_11)","decl":{"start":{"line":452,"column":25},"end":{"line":452,"column":26}},"loc":{"start":{"line":452,"column":48},"end":{"line":455,"column":5}},"line":452},"12":{"name":"(anonymous_12)","decl":{"start":{"line":475,"column":24},"end":{"line":475,"column":25}},"loc":{"start":{"line":475,"column":69},"end":{"line":481,"column":5}},"line":475},"13":{"name":"(anonymous_13)","decl":{"start":{"line":507,"column":25},"end":{"line":507,"column":26}},"loc":{"start":{"line":507,"column":45},"end":{"line":611,"column":1}},"line":507},"14":{"name":"(anonymous_14)","decl":{"start":{"line":617,"column":23},"end":{"line":617,"column":24}},"loc":{"start":{"line":617,"column":43},"end":{"line":645,"column":1}},"line":617},"15":{"name":"(anonymous_15)","decl":{"start":{"line":650,"column":26},"end":{"line":650,"column":27}},"loc":{"start":{"line":650,"column":46},"end":{"line":678,"column":1}},"line":650},"16":{"name":"(anonymous_16)","decl":{"start":{"line":665,"column":25},"end":{"line":665,"column":26}},"loc":{"start":{"line":665,"column":48},"end":{"line":668,"column":5}},"line":665},"17":{"name":"(anonymous_17)","decl":{"start":{"line":670,"column":60},"end":{"line":670,"column":61}},"loc":{"start":{"line":670,"column":70},"end":{"line":670,"column":75}},"line":670}},"branchMap":{"0":{"loc":{"start":{"line":17,"column":4},"end":{"line":37,"column":5}},"type":"if","locations":[{"start":{"line":17,"column":4},"end":{"line":37,"column":5}},{"start":{},"end":{}}],"line":17},"1":{"loc":{"start":{"line":29,"column":6},"end":{"line":32,"column":7}},"type":"if","locations":[{"start":{"line":29,"column":6},"end":{"line":32,"column":7}},{"start":{},"end":{}}],"line":29},"2":{"loc":{"start":{"line":40,"column":4},"end":{"line":149,"column":5}},"type":"if","locations":[{"start":{"line":40,"column":4},"end":{"line":149,"column":5}},{"start":{},"end":{}}],"line":40},"3":{"loc":{"start":{"line":44,"column":6},"end":{"line":145,"column":7}},"type":"if","locations":[{"start":{"line":44,"column":6},"end":{"line":145,"column":7}},{"start":{"line":70,"column":13},"end":{"line":145,"column":7}}],"line":44},"4":{"loc":{"start":{"line":64,"column":8},"end":{"line":67,"column":9}},"type":"if","locations":[{"start":{"line":64,"column":8},"end":{"line":67,"column":9}},{"start":{},"end":{}}],"line":64},"5":{"loc":{"start":{"line":70,"column":13},"end":{"line":145,"column":7}},"type":"if","locations":[{"start":{"line":70,"column":13},"end":{"line":145,"column":7}},{"start":{"line":95,"column":13},"end":{"line":145,"column":7}}],"line":70},"6":{"loc":{"start":{"line":89,"column":8},"end":{"line":92,"column":9}},"type":"if","locations":[{"start":{"line":89,"column":8},"end":{"line":92,"column":9}},{"start":{},"end":{}}],"line":89},"7":{"loc":{"start":{"line":95,"column":13},"end":{"line":145,"column":7}},"type":"if","locations":[{"start":{"line":95,"column":13},"end":{"line":145,"column":7}},{"start":{"line":118,"column":13},"end":{"line":145,"column":7}}],"line":95},"8":{"loc":{"start":{"line":112,"column":8},"end":{"line":115,"column":9}},"type":"if","locations":[{"start":{"line":112,"column":8},"end":{"line":115,"column":9}},{"start":{},"end":{}}],"line":112},"9":{"loc":{"start":{"line":118,"column":13},"end":{"line":145,"column":7}},"type":"if","locations":[{"start":{"line":118,"column":13},"end":{"line":145,"column":7}},{"start":{"line":137,"column":11},"end":{"line":145,"column":7}}],"line":118},"10":{"loc":{"start":{"line":131,"column":8},"end":{"line":134,"column":9}},"type":"if","locations":[{"start":{"line":131,"column":8},"end":{"line":134,"column":9}},{"start":{},"end":{}}],"line":131},"11":{"loc":{"start":{"line":140,"column":8},"end":{"line":143,"column":9}},"type":"if","locations":[{"start":{"line":140,"column":8},"end":{"line":143,"column":9}},{"start":{},"end":{}}],"line":140},"12":{"loc":{"start":{"line":154,"column":4},"end":{"line":157,"column":5}},"type":"if","locations":[{"start":{"line":154,"column":4},"end":{"line":157,"column":5}},{"start":{},"end":{}}],"line":154},"13":{"loc":{"start":{"line":183,"column":4},"end":{"line":183,"column":89}},"type":"if","locations":[{"start":{"line":183,"column":4},"end":{"line":183,"column":89}},{"start":{},"end":{}}],"line":183},"14":{"loc":{"start":{"line":183,"column":8},"end":{"line":183,"column":48}},"type":"binary-expr","locations":[{"start":{"line":183,"column":8},"end":{"line":183,"column":22}},{"start":{"line":183,"column":26},"end":{"line":183,"column":48}}],"line":183},"15":{"loc":{"start":{"line":188,"column":33},"end":{"line":190,"column":79}},"type":"binary-expr","locations":[{"start":{"line":188,"column":33},"end":{"line":188,"column":60}},{"start":{"line":189,"column":7},"end":{"line":189,"column":34}},{"start":{"line":189,"column":38},"end":{"line":189,"column":72}},{"start":{"line":190,"column":7},"end":{"line":190,"column":44}},{"start":{"line":190,"column":48},"end":{"line":190,"column":78}}],"line":188},"16":{"loc":{"start":{"line":191,"column":33},"end":{"line":192,"column":105}},"type":"binary-expr","locations":[{"start":{"line":191,"column":33},"end":{"line":191,"column":63}},{"start":{"line":192,"column":7},"end":{"line":192,"column":34}},{"start":{"line":192,"column":38},"end":{"line":192,"column":68}},{"start":{"line":192,"column":72},"end":{"line":192,"column":104}}],"line":191},"17":{"loc":{"start":{"line":193,"column":33},"end":{"line":193,"column":82}},"type":"binary-expr","locations":[{"start":{"line":193,"column":33},"end":{"line":193,"column":51}},{"start":{"line":193,"column":55},"end":{"line":193,"column":82}}],"line":193},"18":{"loc":{"start":{"line":195,"column":4},"end":{"line":198,"column":5}},"type":"if","locations":[{"start":{"line":195,"column":4},"end":{"line":198,"column":5}},{"start":{},"end":{}}],"line":195},"19":{"loc":{"start":{"line":195,"column":8},"end":{"line":195,"column":100}},"type":"binary-expr","locations":[{"start":{"line":195,"column":8},"end":{"line":195,"column":31}},{"start":{"line":195,"column":35},"end":{"line":195,"column":53}},{"start":{"line":195,"column":57},"end":{"line":195,"column":78}},{"start":{"line":195,"column":82},"end":{"line":195,"column":100}}],"line":195},"20":{"loc":{"start":{"line":201,"column":4},"end":{"line":210,"column":5}},"type":"if","locations":[{"start":{"line":201,"column":4},"end":{"line":210,"column":5}},{"start":{},"end":{}}],"line":201},"21":{"loc":{"start":{"line":206,"column":6},"end":{"line":209,"column":7}},"type":"if","locations":[{"start":{"line":206,"column":6},"end":{"line":209,"column":7}},{"start":{},"end":{}}],"line":206},"22":{"loc":{"start":{"line":213,"column":4},"end":{"line":237,"column":5}},"type":"if","locations":[{"start":{"line":213,"column":4},"end":{"line":237,"column":5}},{"start":{"line":226,"column":11},"end":{"line":237,"column":5}}],"line":213},"23":{"loc":{"start":{"line":215,"column":6},"end":{"line":215,"column":101}},"type":"if","locations":[{"start":{"line":215,"column":6},"end":{"line":215,"column":101}},{"start":{},"end":{}}],"line":215},"24":{"loc":{"start":{"line":216,"column":6},"end":{"line":216,"column":108}},"type":"if","locations":[{"start":{"line":216,"column":6},"end":{"line":216,"column":108}},{"start":{},"end":{}}],"line":216},"25":{"loc":{"start":{"line":217,"column":6},"end":{"line":217,"column":111}},"type":"if","locations":[{"start":{"line":217,"column":6},"end":{"line":217,"column":111}},{"start":{},"end":{}}],"line":217},"26":{"loc":{"start":{"line":218,"column":6},"end":{"line":218,"column":104}},"type":"if","locations":[{"start":{"line":218,"column":6},"end":{"line":218,"column":104}},{"start":{},"end":{}}],"line":218},"27":{"loc":{"start":{"line":220,"column":6},"end":{"line":224,"column":7}},"type":"if","locations":[{"start":{"line":220,"column":6},"end":{"line":224,"column":7}},{"start":{},"end":{}}],"line":220},"28":{"loc":{"start":{"line":226,"column":11},"end":{"line":237,"column":5}},"type":"if","locations":[{"start":{"line":226,"column":11},"end":{"line":237,"column":5}},{"start":{},"end":{}}],"line":226},"29":{"loc":{"start":{"line":228,"column":6},"end":{"line":228,"column":81}},"type":"if","locations":[{"start":{"line":228,"column":6},"end":{"line":228,"column":81}},{"start":{},"end":{}}],"line":228},"30":{"loc":{"start":{"line":229,"column":6},"end":{"line":229,"column":84}},"type":"if","locations":[{"start":{"line":229,"column":6},"end":{"line":229,"column":84}},{"start":{},"end":{}}],"line":229},"31":{"loc":{"start":{"line":230,"column":6},"end":{"line":230,"column":94}},"type":"if","locations":[{"start":{"line":230,"column":6},"end":{"line":230,"column":94}},{"start":{},"end":{}}],"line":230},"32":{"loc":{"start":{"line":230,"column":67},"end":{"line":230,"column":93}},"type":"binary-expr","locations":[{"start":{"line":230,"column":67},"end":{"line":230,"column":85}},{"start":{"line":230,"column":89},"end":{"line":230,"column":93}}],"line":230},"33":{"loc":{"start":{"line":232,"column":6},"end":{"line":236,"column":7}},"type":"if","locations":[{"start":{"line":232,"column":6},"end":{"line":236,"column":7}},{"start":{},"end":{}}],"line":232},"34":{"loc":{"start":{"line":244,"column":4},"end":{"line":307,"column":5}},"type":"if","locations":[{"start":{"line":244,"column":4},"end":{"line":307,"column":5}},{"start":{"line":263,"column":11},"end":{"line":307,"column":5}}],"line":244},"35":{"loc":{"start":{"line":263,"column":11},"end":{"line":307,"column":5}},"type":"if","locations":[{"start":{"line":263,"column":11},"end":{"line":307,"column":5}},{"start":{"line":283,"column":11},"end":{"line":307,"column":5}}],"line":263},"36":{"loc":{"start":{"line":283,"column":11},"end":{"line":307,"column":5}},"type":"if","locations":[{"start":{"line":283,"column":11},"end":{"line":307,"column":5}},{"start":{"line":301,"column":11},"end":{"line":307,"column":5}}],"line":283},"37":{"loc":{"start":{"line":285,"column":6},"end":{"line":290,"column":7}},"type":"if","locations":[{"start":{"line":285,"column":6},"end":{"line":290,"column":7}},{"start":{},"end":{}}],"line":285},"38":{"loc":{"start":{"line":288,"column":11},"end":{"line":288,"column":32}},"type":"binary-expr","locations":[{"start":{"line":288,"column":11},"end":{"line":288,"column":24}},{"start":{"line":288,"column":28},"end":{"line":288,"column":32}}],"line":288},"39":{"loc":{"start":{"line":314,"column":4},"end":{"line":315,"column":99}},"type":"if","locations":[{"start":{"line":314,"column":4},"end":{"line":315,"column":99}},{"start":{},"end":{}}],"line":314},"40":{"loc":{"start":{"line":332,"column":4},"end":{"line":333,"column":66}},"type":"if","locations":[{"start":{"line":332,"column":4},"end":{"line":333,"column":66}},{"start":{},"end":{}}],"line":332},"41":{"loc":{"start":{"line":352,"column":4},"end":{"line":353,"column":70}},"type":"if","locations":[{"start":{"line":352,"column":4},"end":{"line":353,"column":70}},{"start":{},"end":{}}],"line":352},"42":{"loc":{"start":{"line":352,"column":8},"end":{"line":352,"column":51}},"type":"binary-expr","locations":[{"start":{"line":352,"column":8},"end":{"line":352,"column":29}},{"start":{"line":352,"column":33},"end":{"line":352,"column":51}}],"line":352},"43":{"loc":{"start":{"line":375,"column":8},"end":{"line":392,"column":9}},"type":"if","locations":[{"start":{"line":375,"column":8},"end":{"line":392,"column":9}},{"start":{"line":382,"column":15},"end":{"line":392,"column":9}}],"line":375},"44":{"loc":{"start":{"line":380,"column":21},"end":{"line":380,"column":43}},"type":"binary-expr","locations":[{"start":{"line":380,"column":21},"end":{"line":380,"column":35}},{"start":{"line":380,"column":39},"end":{"line":380,"column":43}}],"line":380},"45":{"loc":{"start":{"line":380,"column":45},"end":{"line":380,"column":60}},"type":"binary-expr","locations":[{"start":{"line":380,"column":45},"end":{"line":380,"column":52}},{"start":{"line":380,"column":56},"end":{"line":380,"column":60}}],"line":380},"46":{"loc":{"start":{"line":380,"column":62},"end":{"line":380,"column":87}},"type":"binary-expr","locations":[{"start":{"line":380,"column":62},"end":{"line":380,"column":79}},{"start":{"line":380,"column":83},"end":{"line":380,"column":87}}],"line":380},"47":{"loc":{"start":{"line":380,"column":89},"end":{"line":380,"column":107}},"type":"binary-expr","locations":[{"start":{"line":380,"column":89},"end":{"line":380,"column":99}},{"start":{"line":380,"column":103},"end":{"line":380,"column":107}}],"line":380},"48":{"loc":{"start":{"line":382,"column":15},"end":{"line":392,"column":9}},"type":"if","locations":[{"start":{"line":382,"column":15},"end":{"line":392,"column":9}},{"start":{"line":387,"column":15},"end":{"line":392,"column":9}}],"line":382},"49":{"loc":{"start":{"line":385,"column":21},"end":{"line":385,"column":36}},"type":"binary-expr","locations":[{"start":{"line":385,"column":21},"end":{"line":385,"column":28}},{"start":{"line":385,"column":32},"end":{"line":385,"column":36}}],"line":385},"50":{"loc":{"start":{"line":385,"column":38},"end":{"line":385,"column":56}},"type":"binary-expr","locations":[{"start":{"line":385,"column":38},"end":{"line":385,"column":48}},{"start":{"line":385,"column":52},"end":{"line":385,"column":56}}],"line":385},"51":{"loc":{"start":{"line":385,"column":58},"end":{"line":385,"column":78}},"type":"binary-expr","locations":[{"start":{"line":385,"column":58},"end":{"line":385,"column":70}},{"start":{"line":385,"column":74},"end":{"line":385,"column":78}}],"line":385},"52":{"loc":{"start":{"line":387,"column":15},"end":{"line":392,"column":9}},"type":"if","locations":[{"start":{"line":387,"column":15},"end":{"line":392,"column":9}},{"start":{},"end":{}}],"line":387},"53":{"loc":{"start":{"line":390,"column":21},"end":{"line":390,"column":36}},"type":"binary-expr","locations":[{"start":{"line":390,"column":21},"end":{"line":390,"column":28}},{"start":{"line":390,"column":32},"end":{"line":390,"column":36}}],"line":390},"54":{"loc":{"start":{"line":402,"column":18},"end":{"line":402,"column":102}},"type":"cond-expr","locations":[{"start":{"line":402,"column":48},"end":{"line":402,"column":71}},{"start":{"line":402,"column":74},"end":{"line":402,"column":102}}],"line":402},"55":{"loc":{"start":{"line":431,"column":6},"end":{"line":431,"column":83}},"type":"if","locations":[{"start":{"line":431,"column":6},"end":{"line":431,"column":83}},{"start":{},"end":{}}],"line":431},"56":{"loc":{"start":{"line":453,"column":6},"end":{"line":454,"column":42}},"type":"if","locations":[{"start":{"line":453,"column":6},"end":{"line":454,"column":42}},{"start":{},"end":{}}],"line":453},"57":{"loc":{"start":{"line":477,"column":6},"end":{"line":477,"column":83}},"type":"if","locations":[{"start":{"line":477,"column":6},"end":{"line":477,"column":83}},{"start":{},"end":{}}],"line":477},"58":{"loc":{"start":{"line":478,"column":6},"end":{"line":478,"column":68}},"type":"if","locations":[{"start":{"line":478,"column":6},"end":{"line":478,"column":68}},{"start":{},"end":{}}],"line":478},"59":{"loc":{"start":{"line":479,"column":6},"end":{"line":479,"column":68}},"type":"if","locations":[{"start":{"line":479,"column":6},"end":{"line":479,"column":68}},{"start":{},"end":{}}],"line":479},"60":{"loc":{"start":{"line":480,"column":6},"end":{"line":480,"column":68}},"type":"if","locations":[{"start":{"line":480,"column":6},"end":{"line":480,"column":68}},{"start":{},"end":{}}],"line":480},"61":{"loc":{"start":{"line":494,"column":17},"end":{"line":494,"column":87}},"type":"binary-expr","locations":[{"start":{"line":494,"column":17},"end":{"line":494,"column":29}},{"start":{"line":494,"column":33},"end":{"line":494,"column":87}}],"line":494},"62":{"loc":{"start":{"line":521,"column":4},"end":{"line":524,"column":5}},"type":"if","locations":[{"start":{"line":521,"column":4},"end":{"line":524,"column":5}},{"start":{},"end":{}}],"line":521},"63":{"loc":{"start":{"line":521,"column":8},"end":{"line":521,"column":32}},"type":"binary-expr","locations":[{"start":{"line":521,"column":8},"end":{"line":521,"column":13}},{"start":{"line":521,"column":17},"end":{"line":521,"column":23}},{"start":{"line":521,"column":27},"end":{"line":521,"column":32}}],"line":521},"64":{"loc":{"start":{"line":526,"column":4},"end":{"line":529,"column":5}},"type":"if","locations":[{"start":{"line":526,"column":4},"end":{"line":529,"column":5}},{"start":{},"end":{}}],"line":526},"65":{"loc":{"start":{"line":532,"column":4},"end":{"line":535,"column":5}},"type":"if","locations":[{"start":{"line":532,"column":4},"end":{"line":535,"column":5}},{"start":{},"end":{}}],"line":532},"66":{"loc":{"start":{"line":549,"column":4},"end":{"line":556,"column":5}},"type":"if","locations":[{"start":{"line":549,"column":4},"end":{"line":556,"column":5}},{"start":{},"end":{}}],"line":549},"67":{"loc":{"start":{"line":554,"column":17},"end":{"line":554,"column":37}},"type":"binary-expr","locations":[{"start":{"line":554,"column":17},"end":{"line":554,"column":29}},{"start":{"line":554,"column":33},"end":{"line":554,"column":37}}],"line":554},"68":{"loc":{"start":{"line":554,"column":39},"end":{"line":554,"column":52}},"type":"binary-expr","locations":[{"start":{"line":554,"column":39},"end":{"line":554,"column":44}},{"start":{"line":554,"column":48},"end":{"line":554,"column":52}}],"line":554},"69":{"loc":{"start":{"line":554,"column":54},"end":{"line":554,"column":77}},"type":"binary-expr","locations":[{"start":{"line":554,"column":54},"end":{"line":554,"column":69}},{"start":{"line":554,"column":73},"end":{"line":554,"column":77}}],"line":554},"70":{"loc":{"start":{"line":554,"column":79},"end":{"line":554,"column":95}},"type":"binary-expr","locations":[{"start":{"line":554,"column":79},"end":{"line":554,"column":87}},{"start":{"line":554,"column":91},"end":{"line":554,"column":95}}],"line":554},"71":{"loc":{"start":{"line":558,"column":4},"end":{"line":563,"column":5}},"type":"if","locations":[{"start":{"line":558,"column":4},"end":{"line":563,"column":5}},{"start":{},"end":{}}],"line":558},"72":{"loc":{"start":{"line":561,"column":17},"end":{"line":561,"column":30}},"type":"binary-expr","locations":[{"start":{"line":561,"column":17},"end":{"line":561,"column":22}},{"start":{"line":561,"column":26},"end":{"line":561,"column":30}}],"line":561},"73":{"loc":{"start":{"line":561,"column":32},"end":{"line":561,"column":48}},"type":"binary-expr","locations":[{"start":{"line":561,"column":32},"end":{"line":561,"column":40}},{"start":{"line":561,"column":44},"end":{"line":561,"column":48}}],"line":561},"74":{"loc":{"start":{"line":561,"column":50},"end":{"line":561,"column":68}},"type":"binary-expr","locations":[{"start":{"line":561,"column":50},"end":{"line":561,"column":60}},{"start":{"line":561,"column":64},"end":{"line":561,"column":68}}],"line":561},"75":{"loc":{"start":{"line":565,"column":4},"end":{"line":570,"column":5}},"type":"if","locations":[{"start":{"line":565,"column":4},"end":{"line":570,"column":5}},{"start":{},"end":{}}],"line":565},"76":{"loc":{"start":{"line":568,"column":17},"end":{"line":568,"column":30}},"type":"binary-expr","locations":[{"start":{"line":568,"column":17},"end":{"line":568,"column":22}},{"start":{"line":568,"column":26},"end":{"line":568,"column":30}}],"line":568},"77":{"loc":{"start":{"line":584,"column":16},"end":{"line":584,"column":29}},"type":"binary-expr","locations":[{"start":{"line":584,"column":16},"end":{"line":584,"column":21}},{"start":{"line":584,"column":25},"end":{"line":584,"column":29}}],"line":584},"78":{"loc":{"start":{"line":585,"column":12},"end":{"line":589,"column":9}},"type":"binary-expr","locations":[{"start":{"line":585,"column":12},"end":{"line":585,"column":39}},{"start":{"line":585,"column":43},"end":{"line":589,"column":9}}],"line":585},"79":{"loc":{"start":{"line":586,"column":27},"end":{"line":586,"column":50}},"type":"binary-expr","locations":[{"start":{"line":586,"column":27},"end":{"line":586,"column":39}},{"start":{"line":586,"column":46},"end":{"line":586,"column":50}}],"line":586},"80":{"loc":{"start":{"line":587,"column":27},"end":{"line":587,"column":50}},"type":"binary-expr","locations":[{"start":{"line":587,"column":27},"end":{"line":587,"column":42}},{"start":{"line":587,"column":46},"end":{"line":587,"column":50}}],"line":587},"81":{"loc":{"start":{"line":588,"column":27},"end":{"line":588,"column":50}},"type":"binary-expr","locations":[{"start":{"line":588,"column":27},"end":{"line":588,"column":35}},{"start":{"line":588,"column":46},"end":{"line":588,"column":50}}],"line":588},"82":{"loc":{"start":{"line":590,"column":12},"end":{"line":594,"column":9}},"type":"binary-expr","locations":[{"start":{"line":590,"column":12},"end":{"line":590,"column":42}},{"start":{"line":590,"column":46},"end":{"line":594,"column":9}}],"line":590},"83":{"loc":{"start":{"line":591,"column":22},"end":{"line":591,"column":40}},"type":"binary-expr","locations":[{"start":{"line":591,"column":22},"end":{"line":591,"column":30}},{"start":{"line":591,"column":36},"end":{"line":591,"column":40}}],"line":591},"84":{"loc":{"start":{"line":592,"column":22},"end":{"line":592,"column":40}},"type":"binary-expr","locations":[{"start":{"line":592,"column":22},"end":{"line":592,"column":32}},{"start":{"line":592,"column":36},"end":{"line":592,"column":40}}],"line":592},"85":{"loc":{"start":{"line":595,"column":12},"end":{"line":597,"column":9}},"type":"binary-expr","locations":[{"start":{"line":595,"column":12},"end":{"line":595,"column":30}},{"start":{"line":595,"column":34},"end":{"line":597,"column":9}}],"line":595},"86":{"loc":{"start":{"line":596,"column":17},"end":{"line":596,"column":30}},"type":"binary-expr","locations":[{"start":{"line":596,"column":17},"end":{"line":596,"column":22}},{"start":{"line":596,"column":26},"end":{"line":596,"column":30}}],"line":596},"87":{"loc":{"start":{"line":605,"column":4},"end":{"line":606,"column":89}},"type":"if","locations":[{"start":{"line":605,"column":4},"end":{"line":606,"column":89}},{"start":{},"end":{}}],"line":605},"88":{"loc":{"start":{"line":632,"column":4},"end":{"line":635,"column":5}},"type":"if","locations":[{"start":{"line":632,"column":4},"end":{"line":635,"column":5}},{"start":{},"end":{}}],"line":632},"89":{"loc":{"start":{"line":666,"column":6},"end":{"line":667,"column":44}},"type":"if","locations":[{"start":{"line":666,"column":6},"end":{"line":667,"column":44}},{"start":{},"end":{}}],"line":666}},"s":{"0":1,"1":1,"2":1,"3":1,"4":1,"5":7,"6":7,"7":7,"8":2,"9":2,"10":2,"11":1,"12":1,"13":2,"14":2,"15":2,"16":5,"17":3,"18":3,"19":1,"20":1,"21":1,"22":0,"23":0,"24":1,"25":2,"26":1,"27":1,"28":1,"29":0,"30":0,"31":1,"32":1,"33":1,"34":1,"35":1,"36":0,"37":0,"38":1,"39":0,"40":0,"41":0,"42":0,"43":0,"44":0,"45":0,"46":0,"47":0,"48":0,"49":0,"50":0,"51":3,"52":3,"53":2,"54":2,"55":2,"56":0,"57":0,"58":2,"59":2,"60":1,"61":1,"62":1,"63":1,"64":5,"65":5,"66":5,"67":5,"68":5,"69":5,"70":5,"71":5,"72":0,"73":5,"74":6,"75":5,"76":5,"77":5,"78":5,"79":1,"80":1,"81":4,"82":4,"83":4,"84":4,"85":4,"86":4,"87":3,"88":1,"89":1,"90":2,"91":1,"92":1,"93":1,"94":1,"95":0,"96":1,"97":0,"98":1,"99":0,"100":1,"101":1,"102":1,"103":1,"104":1,"105":1,"106":0,"107":0,"108":0,"109":0,"110":0,"111":0,"112":0,"113":0,"114":0,"115":0,"116":0,"117":0,"118":2,"119":2,"120":1,"121":1,"122":1,"123":0,"124":0,"125":1,"126":0,"127":0,"128":0,"129":0,"130":1,"131":1,"132":2,"133":1,"134":1,"135":1,"136":1,"137":0,"138":5,"139":1,"140":0,"141":0,"142":0,"143":0,"144":0,"145":0,"146":0,"147":0,"148":1,"149":0,"150":0,"151":0,"152":0,"153":0,"154":0,"155":0,"156":0,"157":0,"158":0,"159":0,"160":0,"161":0,"162":0,"163":0,"164":0,"165":0,"166":0,"167":0,"168":0,"169":0,"170":0,"171":0,"172":0,"173":0,"174":0,"175":0,"176":0,"177":0,"178":1,"179":2,"180":2,"181":1,"182":1,"183":2,"184":2,"185":1,"186":1,"187":1,"188":1,"189":1,"190":1,"191":1,"192":1,"193":1,"194":1,"195":1,"196":1,"197":1,"198":1,"199":1,"200":1,"201":0,"202":1,"203":0,"204":1,"205":0,"206":2,"207":2,"208":1,"209":5,"210":5,"211":5,"212":5,"213":5,"214":1,"215":1,"216":4,"217":1,"218":1,"219":3,"220":3,"221":1,"222":1,"223":2,"224":2,"225":2,"226":2,"227":2,"228":2,"229":2,"230":1,"231":2,"232":1,"233":2,"234":0,"235":2,"236":2,"237":2,"238":0,"239":0,"240":0,"241":0,"242":0,"243":5,"244":1,"245":3,"246":3,"247":3,"248":3,"249":3,"250":1,"251":1,"252":3,"253":3,"254":2,"255":1,"256":1,"257":1,"258":0,"259":0,"260":0,"261":0,"262":0,"263":0,"264":0,"265":0,"266":0,"267":0,"268":0},"f":{"0":7,"1":5,"2":6,"3":4,"4":4,"5":1,"6":0,"7":0,"8":0,"9":2,"10":2,"11":1,"12":1,"13":5,"14":3,"15":0,"16":0,"17":0},"b":{"0":[2,5],"1":[1,1],"2":[3,2],"3":[1,2],"4":[0,1],"5":[1,1],"6":[0,1],"7":[1,0],"8":[0,1],"9":[0,0],"10":[0,0],"11":[0,0],"12":[0,2],"13":[0,5],"14":[5,0],"15":[5,1,0,0,0],"16":[5,0,0,0],"17":[5,0],"18":[1,4],"19":[5,1,1,1],"20":[4,0],"21":[1,2],"22":[1,1],"23":[1,0],"24":[0,1],"25":[0,1],"26":[0,1],"27":[1,0],"28":[0,1],"29":[0,0],"30":[0,0],"31":[0,0],"32":[0,0],"33":[0,0],"34":[1,1],"35":[0,1],"36":[0,1],"37":[0,0],"38":[0,0],"39":[1,0],"40":[0,0],"41":[0,0],"42":[0,0],"43":[0,0],"44":[0,0],"45":[0,0],"46":[0,0],"47":[0,0],"48":[0,0],"49":[0,0],"50":[0,0],"51":[0,0],"52":[0,0],"53":[0,0],"54":[0,0],"55":[2,0],"56":[1,0],"57":[1,0],"58":[1,0],"59":[0,1],"60":[0,1],"61":[0,0],"62":[1,4],"63":[5,4,4],"64":[1,3],"65":[1,2],"66":[1,1],"67":[1,1],"68":[1,0],"69":[1,1],"70":[1,1],"71":[1,1],"72":[1,1],"73":[1,0],"74":[1,1],"75":[0,2],"76":[0,0],"77":[2,1],"78":[2,1],"79":[1,1],"80":[1,1],"81":[1,1],"82":[2,1],"83":[1,0],"84":[1,1],"85":[2,0],"86":[0,0],"87":[0,0],"88":[1,2],"89":[0,0]},"_coverageSchema":"1a1c01bbd47fc00a2c39e90264f33305004495a9","hash":"18638312e34571c88ee472c1913637c67a91e57c"}
,"C:\\laragon\\www\\fyp\\backend\\controllers\\applicationControllers.js": {"path":"C:\\laragon\\www\\fyp\\backend\\controllers\\applicationControllers.js","statementMap":{"0":{"start":{"line":1,"column":15},"end":{"line":1,"column":40}},"1":{"start":{"line":2,"column":15},"end":{"line":2,"column":32}},"2":{"start":{"line":3,"column":15},"end":{"line":3,"column":30}},"3":{"start":{"line":4,"column":15},"end":{"line":4,"column":28}},"4":{"start":{"line":6,"column":39},"end":{"line":6,"column":70}},"5":{"start":{"line":9,"column":16},"end":{"line":19,"column":2}},"6":{"start":{"line":11,"column":16},"end":{"line":11,"column":63}},"7":{"start":{"line":12,"column":4},"end":{"line":12,"column":68}},"8":{"start":{"line":12,"column":29},"end":{"line":12,"column":68}},"9":{"start":{"line":13,"column":4},"end":{"line":13,"column":18}},"10":{"start":{"line":16,"column":16},"end":{"line":16,"column":61}},"11":{"start":{"line":17,"column":4},"end":{"line":17,"column":55}},"12":{"start":{"line":21,"column":15},"end":{"line":29,"column":2}},"13":{"start":{"line":25,"column":4},"end":{"line":27,"column":38}},"14":{"start":{"line":31,"column":0},"end":{"line":31,"column":51}},"15":{"start":{"line":36,"column":2},"end":{"line":36,"column":28}},"16":{"start":{"line":36,"column":21},"end":{"line":36,"column":28}},"17":{"start":{"line":37,"column":17},"end":{"line":39,"column":92}},"18":{"start":{"line":38,"column":17},"end":{"line":38,"column":36}},"19":{"start":{"line":39,"column":14},"end":{"line":39,"column":91}},"20":{"start":{"line":40,"column":2},"end":{"line":40,"column":29}},"21":{"start":{"line":40,"column":22},"end":{"line":40,"column":29}},"22":{"start":{"line":41,"column":2},"end":{"line":44,"column":4}},"23":{"start":{"line":55,"column":0},"end":{"line":272,"column":2}},"24":{"start":{"line":56,"column":2},"end":{"line":271,"column":3}},"25":{"start":{"line":57,"column":19},"end":{"line":57,"column":30}},"26":{"start":{"line":64,"column":8},"end":{"line":64,"column":16}},"27":{"start":{"line":73,"column":20},"end":{"line":73,"column":38}},"28":{"start":{"line":74,"column":20},"end":{"line":74,"column":51}},"29":{"start":{"line":76,"column":20},"end":{"line":76,"column":22}},"30":{"start":{"line":77,"column":4},"end":{"line":77,"column":72}},"31":{"start":{"line":77,"column":10},"end":{"line":77,"column":61}},"32":{"start":{"line":80,"column":4},"end":{"line":126,"column":5}},"33":{"start":{"line":81,"column":23},"end":{"line":84,"column":7}},"34":{"start":{"line":89,"column":21},"end":{"line":94,"column":7}},"35":{"start":{"line":102,"column":22},"end":{"line":102,"column":92}},"36":{"start":{"line":102,"column":65},"end":{"line":102,"column":75}},"37":{"start":{"line":102,"column":90},"end":{"line":102,"column":91}},"38":{"start":{"line":103,"column":6},"end":{"line":106,"column":7}},"39":{"start":{"line":104,"column":25},"end":{"line":104,"column":57}},"40":{"start":{"line":104,"column":42},"end":{"line":104,"column":56}},"41":{"start":{"line":105,"column":8},"end":{"line":105,"column":100}},"42":{"start":{"line":108,"column":6},"end":{"line":110,"column":7}},"43":{"start":{"line":109,"column":8},"end":{"line":109,"column":85}},"44":{"start":{"line":113,"column":25},"end":{"line":119,"column":7}},"45":{"start":{"line":120,"column":6},"end":{"line":122,"column":7}},"46":{"start":{"line":121,"column":8},"end":{"line":121,"column":94}},"47":{"start":{"line":123,"column":6},"end":{"line":125,"column":7}},"48":{"start":{"line":124,"column":8},"end":{"line":124,"column":115}},"49":{"start":{"line":128,"column":24},"end":{"line":128,"column":78}},"50":{"start":{"line":131,"column":23},"end":{"line":134,"column":5}},"51":{"start":{"line":138,"column":4},"end":{"line":266,"column":5}},"52":{"start":{"line":139,"column":6},"end":{"line":139,"column":41}},"53":{"start":{"line":144,"column":28},"end":{"line":144,"column":46}},"54":{"start":{"line":145,"column":31},"end":{"line":145,"column":53}},"55":{"start":{"line":146,"column":6},"end":{"line":150,"column":7}},"56":{"start":{"line":147,"column":8},"end":{"line":149,"column":11}},"57":{"start":{"line":152,"column":6},"end":{"line":167,"column":8}},"58":{"start":{"line":187,"column":6},"end":{"line":187,"column":90}},"59":{"start":{"line":188,"column":6},"end":{"line":188,"column":46}},"60":{"start":{"line":190,"column":6},"end":{"line":200,"column":7}},"61":{"start":{"line":192,"column":27},"end":{"line":192,"column":31}},"62":{"start":{"line":193,"column":8},"end":{"line":198,"column":9}},"63":{"start":{"line":194,"column":29},"end":{"line":196,"column":11}},"64":{"start":{"line":197,"column":10},"end":{"line":197,"column":60}},"65":{"start":{"line":199,"column":8},"end":{"line":199,"column":83}},"66":{"start":{"line":202,"column":6},"end":{"line":206,"column":9}},"67":{"start":{"line":210,"column":23},"end":{"line":224,"column":7}},"68":{"start":{"line":242,"column":6},"end":{"line":242,"column":30}},"69":{"start":{"line":243,"column":6},"end":{"line":243,"column":46}},"70":{"start":{"line":245,"column":6},"end":{"line":259,"column":7}},"71":{"start":{"line":246,"column":27},"end":{"line":248,"column":9}},"72":{"start":{"line":249,"column":32},"end":{"line":249,"column":49}},"73":{"start":{"line":251,"column":27},"end":{"line":251,"column":31}},"74":{"start":{"line":252,"column":8},"end":{"line":257,"column":9}},"75":{"start":{"line":253,"column":29},"end":{"line":255,"column":11}},"76":{"start":{"line":256,"column":10},"end":{"line":256,"column":60}},"77":{"start":{"line":258,"column":8},"end":{"line":258,"column":79}},"78":{"start":{"line":261,"column":6},"end":{"line":265,"column":9}},"79":{"start":{"line":269,"column":4},"end":{"line":269,"column":45}},"80":{"start":{"line":270,"column":4},"end":{"line":270,"column":88}},"81":{"start":{"line":278,"column":0},"end":{"line":311,"column":2}},"82":{"start":{"line":279,"column":2},"end":{"line":310,"column":3}},"83":{"start":{"line":280,"column":19},"end":{"line":280,"column":30}},"84":{"start":{"line":282,"column":19},"end":{"line":294,"column":5}},"85":{"start":{"line":296,"column":4},"end":{"line":296,"column":66}},"86":{"start":{"line":296,"column":27},"end":{"line":296,"column":66}},"87":{"start":{"line":298,"column":18},"end":{"line":298,"column":25}},"88":{"start":{"line":299,"column":18},"end":{"line":299,"column":36}},"89":{"start":{"line":301,"column":24},"end":{"line":303,"column":5}},"90":{"start":{"line":305,"column":4},"end":{"line":305,"column":60}},"91":{"start":{"line":308,"column":4},"end":{"line":308,"column":44}},"92":{"start":{"line":309,"column":4},"end":{"line":309,"column":88}},"93":{"start":{"line":317,"column":0},"end":{"line":443,"column":2}},"94":{"start":{"line":318,"column":15},"end":{"line":318,"column":39}},"95":{"start":{"line":319,"column":2},"end":{"line":442,"column":3}},"96":{"start":{"line":320,"column":4},"end":{"line":320,"column":34}},"97":{"start":{"line":322,"column":19},"end":{"line":322,"column":30}},"98":{"start":{"line":324,"column":19},"end":{"line":327,"column":5}},"99":{"start":{"line":329,"column":4},"end":{"line":332,"column":5}},"100":{"start":{"line":330,"column":6},"end":{"line":330,"column":28}},"101":{"start":{"line":331,"column":6},"end":{"line":331,"column":72}},"102":{"start":{"line":334,"column":4},"end":{"line":337,"column":5}},"103":{"start":{"line":335,"column":6},"end":{"line":335,"column":28}},"104":{"start":{"line":336,"column":6},"end":{"line":336,"column":98}},"105":{"start":{"line":339,"column":18},"end":{"line":339,"column":40}},"106":{"start":{"line":341,"column":4},"end":{"line":344,"column":6}},"107":{"start":{"line":346,"column":4},"end":{"line":349,"column":6}},"108":{"start":{"line":352,"column":22},"end":{"line":364,"column":5}},"109":{"start":{"line":366,"column":25},"end":{"line":366,"column":63}},"110":{"start":{"line":367,"column":25},"end":{"line":367,"column":69}},"111":{"start":{"line":371,"column":13},"end":{"line":371,"column":37}},"112":{"start":{"line":374,"column":15},"end":{"line":374,"column":20}},"113":{"start":{"line":375,"column":15},"end":{"line":375,"column":16}},"114":{"start":{"line":377,"column":0},"end":{"line":406,"column":1}},"115":{"start":{"line":378,"column":2},"end":{"line":378,"column":13}},"116":{"start":{"line":381,"column":20},"end":{"line":386,"column":3}},"117":{"start":{"line":388,"column":20},"end":{"line":388,"column":49}},"118":{"start":{"line":389,"column":20},"end":{"line":389,"column":52}},"119":{"start":{"line":390,"column":2},"end":{"line":390,"column":46}},"120":{"start":{"line":392,"column":2},"end":{"line":405,"column":3}},"121":{"start":{"line":393,"column":4},"end":{"line":397,"column":6}},"122":{"start":{"line":398,"column":4},"end":{"line":398,"column":20}},"123":{"start":{"line":400,"column":4},"end":{"line":403,"column":5}},"124":{"start":{"line":402,"column":6},"end":{"line":402,"column":15}},"125":{"start":{"line":404,"column":4},"end":{"line":404,"column":20}},"126":{"start":{"line":408,"column":4},"end":{"line":408,"column":24}},"127":{"start":{"line":410,"column":22},"end":{"line":412,"column":76}},"128":{"start":{"line":415,"column":22},"end":{"line":421,"column":5}},"129":{"start":{"line":422,"column":4},"end":{"line":429,"column":5}},"130":{"start":{"line":423,"column":6},"end":{"line":428,"column":8}},"131":{"start":{"line":431,"column":4},"end":{"line":434,"column":7}},"132":{"start":{"line":437,"column":4},"end":{"line":437,"column":26}},"133":{"start":{"line":438,"column":4},"end":{"line":438,"column":39}},"134":{"start":{"line":439,"column":4},"end":{"line":439,"column":88}},"135":{"start":{"line":441,"column":4},"end":{"line":441,"column":19}},"136":{"start":{"line":449,"column":0},"end":{"line":490,"column":2}},"137":{"start":{"line":450,"column":2},"end":{"line":489,"column":3}},"138":{"start":{"line":451,"column":19},"end":{"line":451,"column":30}},"139":{"start":{"line":453,"column":19},"end":{"line":456,"column":5}},"140":{"start":{"line":458,"column":4},"end":{"line":459,"column":72}},"141":{"start":{"line":459,"column":6},"end":{"line":459,"column":72}},"142":{"start":{"line":461,"column":29},"end":{"line":461,"column":43}},"143":{"start":{"line":462,"column":28},"end":{"line":462,"column":63}},"144":{"start":{"line":464,"column":4},"end":{"line":465,"column":84}},"145":{"start":{"line":465,"column":6},"end":{"line":465,"column":84}},"146":{"start":{"line":467,"column":4},"end":{"line":470,"column":6}},"147":{"start":{"line":472,"column":16},"end":{"line":474,"column":44}},"148":{"start":{"line":477,"column":22},"end":{"line":479,"column":5}},"149":{"start":{"line":480,"column":4},"end":{"line":482,"column":5}},"150":{"start":{"line":481,"column":6},"end":{"line":481,"column":86}},"151":{"start":{"line":484,"column":4},"end":{"line":484,"column":38}},"152":{"start":{"line":487,"column":4},"end":{"line":487,"column":40}},"153":{"start":{"line":488,"column":4},"end":{"line":488,"column":88}},"154":{"start":{"line":496,"column":0},"end":{"line":544,"column":2}},"155":{"start":{"line":497,"column":2},"end":{"line":543,"column":3}},"156":{"start":{"line":498,"column":31},"end":{"line":498,"column":40}},"157":{"start":{"line":500,"column":14},"end":{"line":513,"column":5}},"158":{"start":{"line":514,"column":19},"end":{"line":514,"column":21}},"159":{"start":{"line":516,"column":4},"end":{"line":519,"column":5}},"160":{"start":{"line":517,"column":6},"end":{"line":517,"column":33}},"161":{"start":{"line":518,"column":6},"end":{"line":518,"column":26}},"162":{"start":{"line":520,"column":4},"end":{"line":523,"column":5}},"163":{"start":{"line":521,"column":6},"end":{"line":521,"column":54}},"164":{"start":{"line":522,"column":6},"end":{"line":522,"column":48}},"165":{"start":{"line":524,"column":4},"end":{"line":524,"column":41}},"166":{"start":{"line":526,"column":19},"end":{"line":526,"column":46}},"167":{"start":{"line":529,"column":16},"end":{"line":531,"column":12}},"168":{"start":{"line":529,"column":23},"end":{"line":531,"column":12}},"169":{"start":{"line":533,"column":25},"end":{"line":536,"column":7}},"170":{"start":{"line":533,"column":40},"end":{"line":536,"column":5}},"171":{"start":{"line":538,"column":4},"end":{"line":538,"column":38}},"172":{"start":{"line":541,"column":4},"end":{"line":541,"column":44}},"173":{"start":{"line":542,"column":4},"end":{"line":542,"column":88}},"174":{"start":{"line":550,"column":0},"end":{"line":581,"column":2}},"175":{"start":{"line":551,"column":2},"end":{"line":580,"column":3}},"176":{"start":{"line":552,"column":19},"end":{"line":552,"column":29}},"177":{"start":{"line":554,"column":19},"end":{"line":565,"column":5}},"178":{"start":{"line":567,"column":4},"end":{"line":568,"column":73}},"179":{"start":{"line":568,"column":6},"end":{"line":568,"column":73}},"180":{"start":{"line":570,"column":16},"end":{"line":570,"column":23}},"181":{"start":{"line":571,"column":24},"end":{"line":573,"column":5}},"182":{"start":{"line":575,"column":4},"end":{"line":575,"column":60}},"183":{"start":{"line":578,"column":4},"end":{"line":578,"column":42}},"184":{"start":{"line":579,"column":4},"end":{"line":579,"column":88}},"185":{"start":{"line":587,"column":0},"end":{"line":616,"column":2}},"186":{"start":{"line":588,"column":15},"end":{"line":588,"column":39}},"187":{"start":{"line":589,"column":2},"end":{"line":615,"column":3}},"188":{"start":{"line":590,"column":4},"end":{"line":590,"column":34}},"189":{"start":{"line":592,"column":19},"end":{"line":592,"column":29}},"190":{"start":{"line":594,"column":4},"end":{"line":594,"column":90}},"191":{"start":{"line":595,"column":4},"end":{"line":595,"column":90}},"192":{"start":{"line":597,"column":21},"end":{"line":599,"column":5}},"193":{"start":{"line":601,"column":4},"end":{"line":604,"column":5}},"194":{"start":{"line":602,"column":6},"end":{"line":602,"column":28}},"195":{"start":{"line":603,"column":6},"end":{"line":603,"column":73}},"196":{"start":{"line":606,"column":4},"end":{"line":606,"column":24}},"197":{"start":{"line":607,"column":4},"end":{"line":607,"column":70}},"198":{"start":{"line":610,"column":4},"end":{"line":610,"column":26}},"199":{"start":{"line":611,"column":4},"end":{"line":611,"column":45}},"200":{"start":{"line":612,"column":4},"end":{"line":612,"column":88}},"201":{"start":{"line":614,"column":4},"end":{"line":614,"column":19}},"202":{"start":{"line":622,"column":0},"end":{"line":682,"column":2}},"203":{"start":{"line":623,"column":15},"end":{"line":623,"column":39}},"204":{"start":{"line":624,"column":2},"end":{"line":681,"column":3}},"205":{"start":{"line":625,"column":4},"end":{"line":625,"column":34}},"206":{"start":{"line":627,"column":19},"end":{"line":627,"column":29}},"207":{"start":{"line":628,"column":32},"end":{"line":628,"column":40}},"208":{"start":{"line":631,"column":18},"end":{"line":631,"column":72}},"209":{"start":{"line":633,"column":4},"end":{"line":636,"column":5}},"210":{"start":{"line":634,"column":6},"end":{"line":634,"column":28}},"211":{"start":{"line":635,"column":6},"end":{"line":635,"column":93}},"212":{"start":{"line":638,"column":21},"end":{"line":641,"column":5}},"213":{"start":{"line":643,"column":4},"end":{"line":646,"column":5}},"214":{"start":{"line":644,"column":6},"end":{"line":644,"column":28}},"215":{"start":{"line":645,"column":6},"end":{"line":645,"column":73}},"216":{"start":{"line":648,"column":4},"end":{"line":648,"column":24}},"217":{"start":{"line":651,"column":19},"end":{"line":657,"column":5}},"218":{"start":{"line":659,"column":24},"end":{"line":659,"column":39}},"219":{"start":{"line":661,"column":4},"end":{"line":668,"column":5}},"220":{"start":{"line":662,"column":6},"end":{"line":667,"column":8}},"221":{"start":{"line":670,"column":4},"end":{"line":673,"column":7}},"222":{"start":{"line":676,"column":4},"end":{"line":676,"column":26}},"223":{"start":{"line":677,"column":4},"end":{"line":677,"column":51}},"224":{"start":{"line":678,"column":4},"end":{"line":678,"column":88}},"225":{"start":{"line":680,"column":4},"end":{"line":680,"column":19}},"226":{"start":{"line":690,"column":0},"end":{"line":713,"column":2}},"227":{"start":{"line":691,"column":2},"end":{"line":712,"column":3}},"228":{"start":{"line":692,"column":19},"end":{"line":705,"column":5}},"229":{"start":{"line":707,"column":4},"end":{"line":707,"column":37}},"230":{"start":{"line":710,"column":4},"end":{"line":710,"column":46}},"231":{"start":{"line":711,"column":4},"end":{"line":711,"column":88}},"232":{"start":{"line":719,"column":0},"end":{"line":742,"column":2}},"233":{"start":{"line":720,"column":2},"end":{"line":741,"column":3}},"234":{"start":{"line":721,"column":19},"end":{"line":734,"column":5}},"235":{"start":{"line":736,"column":4},"end":{"line":736,"column":37}},"236":{"start":{"line":739,"column":4},"end":{"line":739,"column":46}},"237":{"start":{"line":740,"column":4},"end":{"line":740,"column":88}},"238":{"start":{"line":748,"column":0},"end":{"line":776,"column":2}},"239":{"start":{"line":749,"column":2},"end":{"line":775,"column":3}},"240":{"start":{"line":750,"column":35},"end":{"line":750,"column":43}},"241":{"start":{"line":752,"column":4},"end":{"line":753,"column":72}},"242":{"start":{"line":753,"column":6},"end":{"line":753,"column":72}},"243":{"start":{"line":755,"column":16},"end":{"line":755,"column":38}},"244":{"start":{"line":756,"column":4},"end":{"line":757,"column":86}},"245":{"start":{"line":757,"column":6},"end":{"line":757,"column":86}},"246":{"start":{"line":759,"column":4},"end":{"line":760,"column":88}},"247":{"start":{"line":760,"column":6},"end":{"line":760,"column":88}},"248":{"start":{"line":762,"column":21},"end":{"line":765,"column":5}},"249":{"start":{"line":767,"column":4},"end":{"line":770,"column":7}},"250":{"start":{"line":773,"column":4},"end":{"line":773,"column":47}},"251":{"start":{"line":774,"column":4},"end":{"line":774,"column":88}},"252":{"start":{"line":782,"column":0},"end":{"line":813,"column":2}},"253":{"start":{"line":783,"column":15},"end":{"line":783,"column":39}},"254":{"start":{"line":784,"column":2},"end":{"line":812,"column":3}},"255":{"start":{"line":785,"column":4},"end":{"line":785,"column":34}},"256":{"start":{"line":787,"column":19},"end":{"line":787,"column":29}},"257":{"start":{"line":790,"column":4},"end":{"line":792,"column":6}},"258":{"start":{"line":794,"column":21},"end":{"line":796,"column":5}},"259":{"start":{"line":798,"column":4},"end":{"line":801,"column":5}},"260":{"start":{"line":799,"column":6},"end":{"line":799,"column":28}},"261":{"start":{"line":800,"column":6},"end":{"line":800,"column":76}},"262":{"start":{"line":803,"column":4},"end":{"line":803,"column":24}},"263":{"start":{"line":804,"column":4},"end":{"line":804,"column":60}},"264":{"start":{"line":807,"column":4},"end":{"line":807,"column":26}},"265":{"start":{"line":808,"column":4},"end":{"line":808,"column":47}},"266":{"start":{"line":809,"column":4},"end":{"line":809,"column":88}},"267":{"start":{"line":811,"column":4},"end":{"line":811,"column":19}}},"fnMap":{"0":{"name":"(anonymous_0)","decl":{"start":{"line":10,"column":15},"end":{"line":10,"column":16}},"loc":{"start":{"line":10,"column":34},"end":{"line":14,"column":3}},"line":10},"1":{"name":"(anonymous_1)","decl":{"start":{"line":15,"column":12},"end":{"line":15,"column":13}},"loc":{"start":{"line":15,"column":31},"end":{"line":18,"column":3}},"line":15},"2":{"name":"(anonymous_2)","decl":{"start":{"line":24,"column":14},"end":{"line":24,"column":15}},"loc":{"start":{"line":24,"column":33},"end":{"line":28,"column":3}},"line":24},"3":{"name":"insertEducation","decl":{"start":{"line":35,"column":15},"end":{"line":35,"column":30}},"loc":{"start":{"line":35,"column":44},"end":{"line":45,"column":1}},"line":35},"4":{"name":"(anonymous_4)","decl":{"start":{"line":38,"column":12},"end":{"line":38,"column":13}},"loc":{"start":{"line":38,"column":17},"end":{"line":38,"column":36}},"line":38},"5":{"name":"(anonymous_5)","decl":{"start":{"line":39,"column":9},"end":{"line":39,"column":10}},"loc":{"start":{"line":39,"column":14},"end":{"line":39,"column":91}},"line":39},"6":{"name":"(anonymous_6)","decl":{"start":{"line":55,"column":28},"end":{"line":55,"column":29}},"loc":{"start":{"line":55,"column":48},"end":{"line":272,"column":1}},"line":55},"7":{"name":"(anonymous_7)","decl":{"start":{"line":102,"column":54},"end":{"line":102,"column":55}},"loc":{"start":{"line":102,"column":65},"end":{"line":102,"column":75}},"line":102},"8":{"name":"(anonymous_8)","decl":{"start":{"line":102,"column":81},"end":{"line":102,"column":82}},"loc":{"start":{"line":102,"column":90},"end":{"line":102,"column":91}},"line":102},"9":{"name":"(anonymous_9)","decl":{"start":{"line":104,"column":37},"end":{"line":104,"column":38}},"loc":{"start":{"line":104,"column":42},"end":{"line":104,"column":56}},"line":104},"10":{"name":"(anonymous_10)","decl":{"start":{"line":278,"column":27},"end":{"line":278,"column":28}},"loc":{"start":{"line":278,"column":47},"end":{"line":311,"column":1}},"line":278},"11":{"name":"(anonymous_11)","decl":{"start":{"line":317,"column":22},"end":{"line":317,"column":23}},"loc":{"start":{"line":317,"column":42},"end":{"line":443,"column":1}},"line":317},"12":{"name":"(anonymous_12)","decl":{"start":{"line":449,"column":23},"end":{"line":449,"column":24}},"loc":{"start":{"line":449,"column":43},"end":{"line":490,"column":1}},"line":449},"13":{"name":"(anonymous_13)","decl":{"start":{"line":496,"column":27},"end":{"line":496,"column":28}},"loc":{"start":{"line":496,"column":47},"end":{"line":544,"column":1}},"line":496},"14":{"name":"(anonymous_14)","decl":{"start":{"line":529,"column":16},"end":{"line":529,"column":17}},"loc":{"start":{"line":529,"column":23},"end":{"line":531,"column":12}},"line":529},"15":{"name":"(anonymous_15)","decl":{"start":{"line":533,"column":34},"end":{"line":533,"column":35}},"loc":{"start":{"line":533,"column":40},"end":{"line":536,"column":5}},"line":533},"16":{"name":"(anonymous_16)","decl":{"start":{"line":550,"column":25},"end":{"line":550,"column":26}},"loc":{"start":{"line":550,"column":45},"end":{"line":581,"column":1}},"line":550},"17":{"name":"(anonymous_17)","decl":{"start":{"line":587,"column":28},"end":{"line":587,"column":29}},"loc":{"start":{"line":587,"column":48},"end":{"line":616,"column":1}},"line":587},"18":{"name":"(anonymous_18)","decl":{"start":{"line":622,"column":34},"end":{"line":622,"column":35}},"loc":{"start":{"line":622,"column":54},"end":{"line":682,"column":1}},"line":622},"19":{"name":"(anonymous_19)","decl":{"start":{"line":690,"column":29},"end":{"line":690,"column":30}},"loc":{"start":{"line":690,"column":49},"end":{"line":713,"column":1}},"line":690},"20":{"name":"(anonymous_20)","decl":{"start":{"line":719,"column":29},"end":{"line":719,"column":30}},"loc":{"start":{"line":719,"column":49},"end":{"line":742,"column":1}},"line":719},"21":{"name":"(anonymous_21)","decl":{"start":{"line":748,"column":30},"end":{"line":748,"column":31}},"loc":{"start":{"line":748,"column":50},"end":{"line":776,"column":1}},"line":748},"22":{"name":"(anonymous_22)","decl":{"start":{"line":782,"column":30},"end":{"line":782,"column":31}},"loc":{"start":{"line":782,"column":50},"end":{"line":813,"column":1}},"line":782}},"branchMap":{"0":{"loc":{"start":{"line":12,"column":4},"end":{"line":12,"column":68}},"type":"if","locations":[{"start":{"line":12,"column":4},"end":{"line":12,"column":68}},{"start":{},"end":{}}],"line":12},"1":{"loc":{"start":{"line":25,"column":4},"end":{"line":27,"column":37}},"type":"cond-expr","locations":[{"start":{"line":26,"column":8},"end":{"line":26,"column":22}},{"start":{"line":27,"column":8},"end":{"line":27,"column":37}}],"line":25},"2":{"loc":{"start":{"line":36,"column":2},"end":{"line":36,"column":28}},"type":"if","locations":[{"start":{"line":36,"column":2},"end":{"line":36,"column":28}},{"start":{},"end":{}}],"line":36},"3":{"loc":{"start":{"line":39,"column":52},"end":{"line":39,"column":71}},"type":"binary-expr","locations":[{"start":{"line":39,"column":52},"end":{"line":39,"column":63}},{"start":{"line":39,"column":67},"end":{"line":39,"column":71}}],"line":39},"4":{"loc":{"start":{"line":39,"column":73},"end":{"line":39,"column":90}},"type":"binary-expr","locations":[{"start":{"line":39,"column":73},"end":{"line":39,"column":82}},{"start":{"line":39,"column":86},"end":{"line":39,"column":90}}],"line":39},"5":{"loc":{"start":{"line":40,"column":2},"end":{"line":40,"column":29}},"type":"if","locations":[{"start":{"line":40,"column":2},"end":{"line":40,"column":29}},{"start":{},"end":{}}],"line":40},"6":{"loc":{"start":{"line":63,"column":6},"end":{"line":63,"column":23}},"type":"default-arg","locations":[{"start":{"line":63,"column":15},"end":{"line":63,"column":23}}],"line":63},"7":{"loc":{"start":{"line":74,"column":20},"end":{"line":74,"column":51}},"type":"cond-expr","locations":[{"start":{"line":74,"column":30},"end":{"line":74,"column":37}},{"start":{"line":74,"column":40},"end":{"line":74,"column":51}}],"line":74},"8":{"loc":{"start":{"line":77,"column":33},"end":{"line":77,"column":59}},"type":"binary-expr","locations":[{"start":{"line":77,"column":33},"end":{"line":77,"column":51}},{"start":{"line":77,"column":55},"end":{"line":77,"column":59}}],"line":77},"9":{"loc":{"start":{"line":80,"column":4},"end":{"line":126,"column":5}},"type":"if","locations":[{"start":{"line":80,"column":4},"end":{"line":126,"column":5}},{"start":{},"end":{}}],"line":80},"10":{"loc":{"start":{"line":103,"column":6},"end":{"line":106,"column":7}},"type":"if","locations":[{"start":{"line":103,"column":6},"end":{"line":106,"column":7}},{"start":{},"end":{}}],"line":103},"11":{"loc":{"start":{"line":104,"column":42},"end":{"line":104,"column":56}},"type":"binary-expr","locations":[{"start":{"line":104,"column":42},"end":{"line":104,"column":51}},{"start":{"line":104,"column":55},"end":{"line":104,"column":56}}],"line":104},"12":{"loc":{"start":{"line":108,"column":6},"end":{"line":110,"column":7}},"type":"if","locations":[{"start":{"line":108,"column":6},"end":{"line":110,"column":7}},{"start":{},"end":{}}],"line":108},"13":{"loc":{"start":{"line":120,"column":6},"end":{"line":122,"column":7}},"type":"if","locations":[{"start":{"line":120,"column":6},"end":{"line":122,"column":7}},{"start":{},"end":{}}],"line":120},"14":{"loc":{"start":{"line":123,"column":6},"end":{"line":125,"column":7}},"type":"if","locations":[{"start":{"line":123,"column":6},"end":{"line":125,"column":7}},{"start":{},"end":{}}],"line":123},"15":{"loc":{"start":{"line":128,"column":24},"end":{"line":128,"column":78}},"type":"cond-expr","locations":[{"start":{"line":128,"column":42},"end":{"line":128,"column":71}},{"start":{"line":128,"column":74},"end":{"line":128,"column":78}}],"line":128},"16":{"loc":{"start":{"line":138,"column":4},"end":{"line":266,"column":5}},"type":"if","locations":[{"start":{"line":138,"column":4},"end":{"line":266,"column":5}},{"start":{"line":208,"column":11},"end":{"line":266,"column":5}}],"line":138},"17":{"loc":{"start":{"line":146,"column":6},"end":{"line":150,"column":7}},"type":"if","locations":[{"start":{"line":146,"column":6},"end":{"line":150,"column":7}},{"start":{},"end":{}}],"line":146},"18":{"loc":{"start":{"line":161,"column":10},"end":{"line":161,"column":21}},"type":"binary-expr","locations":[{"start":{"line":161,"column":10},"end":{"line":161,"column":13}},{"start":{"line":161,"column":17},"end":{"line":161,"column":21}}],"line":161},"19":{"loc":{"start":{"line":161,"column":23},"end":{"line":161,"column":37}},"type":"binary-expr","locations":[{"start":{"line":161,"column":23},"end":{"line":161,"column":29}},{"start":{"line":161,"column":33},"end":{"line":161,"column":37}}],"line":161},"20":{"loc":{"start":{"line":162,"column":10},"end":{"line":162,"column":23}},"type":"binary-expr","locations":[{"start":{"line":162,"column":10},"end":{"line":162,"column":15}},{"start":{"line":162,"column":19},"end":{"line":162,"column":23}}],"line":162},"21":{"loc":{"start":{"line":162,"column":25},"end":{"line":162,"column":44}},"type":"binary-expr","locations":[{"start":{"line":162,"column":25},"end":{"line":162,"column":36}},{"start":{"line":162,"column":40},"end":{"line":162,"column":44}}],"line":162},"22":{"loc":{"start":{"line":163,"column":10},"end":{"line":163,"column":28}},"type":"binary-expr","locations":[{"start":{"line":163,"column":10},"end":{"line":163,"column":20}},{"start":{"line":163,"column":24},"end":{"line":163,"column":28}}],"line":163},"23":{"loc":{"start":{"line":163,"column":30},"end":{"line":163,"column":43}},"type":"binary-expr","locations":[{"start":{"line":163,"column":30},"end":{"line":163,"column":35}},{"start":{"line":163,"column":39},"end":{"line":163,"column":43}}],"line":163},"24":{"loc":{"start":{"line":164,"column":10},"end":{"line":164,"column":29}},"type":"binary-expr","locations":[{"start":{"line":164,"column":10},"end":{"line":164,"column":21}},{"start":{"line":164,"column":25},"end":{"line":164,"column":29}}],"line":164},"25":{"loc":{"start":{"line":190,"column":6},"end":{"line":200,"column":7}},"type":"if","locations":[{"start":{"line":190,"column":6},"end":{"line":200,"column":7}},{"start":{},"end":{}}],"line":190},"26":{"loc":{"start":{"line":193,"column":8},"end":{"line":198,"column":9}},"type":"if","locations":[{"start":{"line":193,"column":8},"end":{"line":198,"column":9}},{"start":{},"end":{}}],"line":193},"27":{"loc":{"start":{"line":197,"column":25},"end":{"line":197,"column":59}},"type":"binary-expr","locations":[{"start":{"line":197,"column":25},"end":{"line":197,"column":51}},{"start":{"line":197,"column":55},"end":{"line":197,"column":59}}],"line":197},"28":{"loc":{"start":{"line":203,"column":17},"end":{"line":203,"column":68}},"type":"cond-expr","locations":[{"start":{"line":203,"column":27},"end":{"line":203,"column":41}},{"start":{"line":203,"column":44},"end":{"line":203,"column":68}}],"line":203},"29":{"loc":{"start":{"line":218,"column":10},"end":{"line":218,"column":21}},"type":"binary-expr","locations":[{"start":{"line":218,"column":10},"end":{"line":218,"column":13}},{"start":{"line":218,"column":17},"end":{"line":218,"column":21}}],"line":218},"30":{"loc":{"start":{"line":219,"column":10},"end":{"line":219,"column":24}},"type":"binary-expr","locations":[{"start":{"line":219,"column":10},"end":{"line":219,"column":16}},{"start":{"line":219,"column":20},"end":{"line":219,"column":24}}],"line":219},"31":{"loc":{"start":{"line":220,"column":10},"end":{"line":220,"column":23}},"type":"binary-expr","locations":[{"start":{"line":220,"column":10},"end":{"line":220,"column":15}},{"start":{"line":220,"column":19},"end":{"line":220,"column":23}}],"line":220},"32":{"loc":{"start":{"line":220,"column":25},"end":{"line":220,"column":44}},"type":"binary-expr","locations":[{"start":{"line":220,"column":25},"end":{"line":220,"column":36}},{"start":{"line":220,"column":40},"end":{"line":220,"column":44}}],"line":220},"33":{"loc":{"start":{"line":221,"column":10},"end":{"line":221,"column":28}},"type":"binary-expr","locations":[{"start":{"line":221,"column":10},"end":{"line":221,"column":20}},{"start":{"line":221,"column":24},"end":{"line":221,"column":28}}],"line":221},"34":{"loc":{"start":{"line":221,"column":30},"end":{"line":221,"column":43}},"type":"binary-expr","locations":[{"start":{"line":221,"column":30},"end":{"line":221,"column":35}},{"start":{"line":221,"column":39},"end":{"line":221,"column":43}}],"line":221},"35":{"loc":{"start":{"line":222,"column":10},"end":{"line":222,"column":29}},"type":"binary-expr","locations":[{"start":{"line":222,"column":10},"end":{"line":222,"column":21}},{"start":{"line":222,"column":25},"end":{"line":222,"column":29}}],"line":222},"36":{"loc":{"start":{"line":245,"column":6},"end":{"line":259,"column":7}},"type":"if","locations":[{"start":{"line":245,"column":6},"end":{"line":259,"column":7}},{"start":{},"end":{}}],"line":245},"37":{"loc":{"start":{"line":249,"column":32},"end":{"line":249,"column":49}},"type":"binary-expr","locations":[{"start":{"line":249,"column":32},"end":{"line":249,"column":43}},{"start":{"line":249,"column":47},"end":{"line":249,"column":49}}],"line":249},"38":{"loc":{"start":{"line":252,"column":8},"end":{"line":257,"column":9}},"type":"if","locations":[{"start":{"line":252,"column":8},"end":{"line":257,"column":9}},{"start":{},"end":{}}],"line":252},"39":{"loc":{"start":{"line":256,"column":25},"end":{"line":256,"column":59}},"type":"binary-expr","locations":[{"start":{"line":256,"column":25},"end":{"line":256,"column":51}},{"start":{"line":256,"column":55},"end":{"line":256,"column":59}}],"line":256},"40":{"loc":{"start":{"line":262,"column":17},"end":{"line":262,"column":68}},"type":"cond-expr","locations":[{"start":{"line":262,"column":27},"end":{"line":262,"column":41}},{"start":{"line":262,"column":44},"end":{"line":262,"column":68}}],"line":262},"41":{"loc":{"start":{"line":296,"column":4},"end":{"line":296,"column":66}},"type":"if","locations":[{"start":{"line":296,"column":4},"end":{"line":296,"column":66}},{"start":{},"end":{}}],"line":296},"42":{"loc":{"start":{"line":329,"col
[...]
ine":222,"column":74}},{"start":{},"end":{}}],"line":221},"28":{"loc":{"start":{"line":223,"column":4},"end":{"line":224,"column":111}},"type":"if","locations":[{"start":{"line":223,"column":4},"end":{"line":224,"column":111}},{"start":{},"end":{}}],"line":223},"29":{"loc":{"start":{"line":230,"column":4},"end":{"line":231,"column":82}},"type":"if","locations":[{"start":{"line":230,"column":4},"end":{"line":231,"column":82}},{"start":{},"end":{}}],"line":230},"30":{"loc":{"start":{"line":232,"column":4},"end":{"line":233,"column":75}},"type":"if","locations":[{"start":{"line":232,"column":4},"end":{"line":233,"column":75}},{"start":{},"end":{}}],"line":232}},"s":{"0":1,"1":1,"2":1,"3":1,"4":1,"5":1,"6":0,"7":0,"8":0,"9":0,"10":0,"11":0,"12":0,"13":0,"14":0,"15":1,"16":1,"17":1,"18":5,"19":5,"20":5,"21":1,"22":4,"23":1,"24":3,"25":3,"26":1,"27":2,"28":2,"29":1,"30":1,"31":1,"32":6,"33":6,"34":6,"35":1,"36":5,"37":5,"38":1,"39":4,"40":4,"41":1,"42":3,"43":1,"44":2,"45":1,"46":1,"47":1,"48":0,"49":0,"50":1,"51":7,"52":7,"53":7,"54":1,"55":6,"56":1,"57":5,"58":1,"59":4,"60":4,"61":1,"62":3,"63":1,"64":2,"65":2,"66":2,"67":1,"68":1,"69":0,"70":0,"71":1,"72":5,"73":5,"74":5,"75":5,"76":1,"77":4,"78":4,"79":1,"80":3,"81":1,"82":2,"83":1,"84":1,"85":1,"86":1,"87":1,"88":0,"89":0,"90":1,"91":0,"92":0,"93":1,"94":2,"95":2,"96":2,"97":2,"98":1,"99":1,"100":1,"101":1,"102":1,"103":1,"104":1,"105":0,"106":0,"107":1,"108":3,"109":3,"110":3,"111":3,"112":1,"113":2,"114":1,"115":1,"116":0,"117":0,"118":1,"119":6,"120":6,"121":6,"122":1,"123":5,"124":1,"125":4,"126":1,"127":3,"128":3,"129":1,"130":2,"131":1,"132":1,"133":1,"134":1,"135":0,"136":0},"f":{"0":0,"1":0,"2":0,"3":0,"4":1,"5":5,"6":6,"7":7,"8":5,"9":2,"10":3,"11":6},"b":{"0":[1,4],"1":[5,5,4],"2":[1,3],"3":[1,1],"4":[1,5],"5":[6,5,5],"6":[1,4],"7":[1,3],"8":[1,2],"9":[1,1],"10":[1,6],"11":[7,6,6],"12":[1,5],"13":[1,4],"14":[1,2],"15":[1,1],"16":[1,4],"17":[1,3],"18":[1,2],"19":[1,1],"20":[0,1],"21":[0,0],"22":[1,1],"23":[1,2],"24":[1,1],"25":[1,5],"26":[6,5,5],"27":[1,4],"28":[1,3],"29":[1,2],"30":[1,1]},"_coverageSchema":"1a1c01bbd47fc00a2c39e90264f33305004495a9","hash":"39f3ff3d8c8b9cbbd7087d102a671318be4769f8"}
,"C:\\laragon\\www\\fyp\\backend\\controllers\\intakeControllers.js": {"path":"C:\\laragon\\www\\fyp\\backend\\controllers\\intakeControllers.js","statementMap":{"0":{"start":{"line":2,"column":11},"end":{"line":2,"column":36}},"1":{"start":{"line":7,"column":0},"end":{"line":32,"column":2}},"2":{"start":{"line":8,"column":2},"end":{"line":31,"column":3}},"3":{"start":{"line":9,"column":19},"end":{"line":26,"column":6}},"4":{"start":{"line":27,"column":4},"end":{"line":27,"column":39}},"5":{"start":{"line":29,"column":4},"end":{"line":29,"column":45}},"6":{"start":{"line":30,"column":4},"end":{"line":30,"column":88}},"7":{"start":{"line":37,"column":0},"end":{"line":77,"column":2}},"8":{"start":{"line":38,"column":2},"end":{"line":76,"column":3}},"9":{"start":{"line":39,"column":64},"end":{"line":39,"column":72}},"10":{"start":{"line":41,"column":4},"end":{"line":43,"column":5}},"11":{"start":{"line":42,"column":6},"end":{"line":42,"column":116}},"12":{"start":{"line":45,"column":4},"end":{"line":47,"column":5}},"13":{"start":{"line":46,"column":6},"end":{"line":46,"column":86}},"14":{"start":{"line":49,"column":4},"end":{"line":51,"column":5}},"15":{"start":{"line":50,"column":6},"end":{"line":50,"column":83}},"16":{"start":{"line":53,"column":21},"end":{"line":57,"column":5}},"17":{"start":{"line":59,"column":19},"end":{"line":70,"column":25}},"18":{"start":{"line":72,"column":4},"end":{"line":72,"column":94}},"19":{"start":{"line":74,"column":4},"end":{"line":74,"column":46}},"20":{"start":{"line":75,"column":4},"end":{"line":75,"column":88}},"21":{"start":{"line":82,"column":0},"end":{"line":135,"column":2}},"22":{"start":{"line":83,"column":2},"end":{"line":134,"column":3}},"23":{"start":{"line":84,"column":19},"end":{"line":84,"column":29}},"24":{"start":{"line":85,"column":64},"end":{"line":85,"column":72}},"25":{"start":{"line":87,"column":4},"end":{"line":89,"column":5}},"26":{"start":{"line":88,"column":6},"end":{"line":88,"column":116}},"27":{"start":{"line":91,"column":4},"end":{"line":93,"column":5}},"28":{"start":{"line":92,"column":6},"end":{"line":92,"column":86}},"29":{"start":{"line":96,"column":24},"end":{"line":98,"column":5}},"30":{"start":{"line":99,"column":4},"end":{"line":103,"column":5}},"31":{"start":{"line":100,"column":6},"end":{"line":102,"column":9}},"32":{"start":{"line":105,"column":21},"end":{"line":109,"column":5}},"33":{"start":{"line":111,"column":4},"end":{"line":113,"column":5}},"34":{"start":{"line":112,"column":6},"end":{"line":112,"column":68}},"35":{"start":{"line":115,"column":19},"end":{"line":128,"column":12}},"36":{"start":{"line":130,"column":4},"end":{"line":130,"column":82}},"37":{"start":{"line":132,"column":4},"end":{"line":132,"column":46}},"38":{"start":{"line":133,"column":4},"end":{"line":133,"column":88}},"39":{"start":{"line":140,"column":0},"end":{"line":164,"column":2}},"40":{"start":{"line":141,"column":2},"end":{"line":163,"column":3}},"41":{"start":{"line":142,"column":19},"end":{"line":142,"column":29}},"42":{"start":{"line":145,"column":24},"end":{"line":147,"column":5}},"43":{"start":{"line":148,"column":4},"end":{"line":152,"column":5}},"44":{"start":{"line":149,"column":6},"end":{"line":151,"column":9}},"45":{"start":{"line":154,"column":21},"end":{"line":154,"column":84}},"46":{"start":{"line":155,"column":4},"end":{"line":157,"column":5}},"47":{"start":{"line":156,"column":6},"end":{"line":156,"column":68}},"48":{"start":{"line":159,"column":4},"end":{"line":159,"column":65}},"49":{"start":{"line":161,"column":4},"end":{"line":161,"column":46}},"50":{"start":{"line":162,"column":4},"end":{"line":162,"column":88}}},"fnMap":{"0":{"name":"(anonymous_0)","decl":{"start":{"line":7,"column":22},"end":{"line":7,"column":23}},"loc":{"start":{"line":7,"column":42},"end":{"line":32,"column":1}},"line":7},"1":{"name":"(anonymous_1)","decl":{"start":{"line":37,"column":23},"end":{"line":37,"column":24}},"loc":{"start":{"line":37,"column":43},"end":{"line":77,"column":1}},"line":37},"2":{"name":"(anonymous_2)","decl":{"start":{"line":82,"column":23},"end":{"line":82,"column":24}},"loc":{"start":{"line":82,"column":43},"end":{"line":135,"column":1}},"line":82},"3":{"name":"(anonymous_3)","decl":{"start":{"line":140,"column":23},"end":{"line":140,"column":24}},"loc":{"start":{"line":140,"column":43},"end":{"line":164,"column":1}},"line":140}},"branchMap":{"0":{"loc":{"start":{"line":41,"column":4},"end":{"line":43,"column":5}},"type":"if","locations":[{"start":{"line":41,"column":4},"end":{"line":43,"column":5}},{"start":{},"end":{}}],"line":41},"1":{"loc":{"start":{"line":41,"column":8},"end":{"line":41,"column":73}},"type":"binary-expr","locations":[{"start":{"line":41,"column":8},"end":{"line":41,"column":28}},{"start":{"line":41,"column":32},"end":{"line":41,"column":43}},{"start":{"line":41,"column":47},"end":{"line":41,"column":56}},{"start":{"line":41,"column":60},"end":{"line":41,"column":73}}],"line":41},"2":{"loc":{"start":{"line":45,"column":4},"end":{"line":47,"column":5}},"type":"if","locations":[{"start":{"line":45,"column":4},"end":{"line":47,"column":5}},{"start":{},"end":{}}],"line":45},"3":{"loc":{"start":{"line":49,"column":4},"end":{"line":51,"column":5}},"type":"if","locations":[{"start":{"line":49,"column":4},"end":{"line":51,"column":5}},{"start":{},"end":{}}],"line":49},"4":{"loc":{"start":{"line":87,"column":4},"end":{"line":89,"column":5}},"type":"if","locations":[{"start":{"line":87,"column":4},"end":{"line":89,"column":5}},{"start":{},"end":{}}],"line":87},"5":{"loc":{"start":{"line":87,"column":8},"end":{"line":87,"column":73}},"type":"binary-expr","locations":[{"start":{"line":87,"column":8},"end":{"line":87,"column":28}},{"start":{"line":87,"column":32},"end":{"line":87,"column":43}},{"start":{"line":87,"column":47},"end":{"line":87,"column":56}},{"start":{"line":87,"column":60},"end":{"line":87,"column":73}}],"line":87},"6":{"loc":{"start":{"line":91,"column":4},"end":{"line":93,"column":5}},"type":"if","locations":[{"start":{"line":91,"column":4},"end":{"line":93,"column":5}},{"start":{},"end":{}}],"line":91},"7":{"loc":{"start":{"line":99,"column":4},"end":{"line":103,"column":5}},"type":"if","locations":[{"start":{"line":99,"column":4},"end":{"line":103,"column":5}},{"start":{},"end":{}}],"line":99},"8":{"loc":{"start":{"line":111,"column":4},"end":{"line":113,"column":5}},"type":"if","locations":[{"start":{"line":111,"column":4},"end":{"line":113,"column":5}},{"start":{},"end":{}}],"line":111},"9":{"loc":{"start":{"line":148,"column":4},"end":{"line":152,"column":5}},"type":"if","locations":[{"start":{"line":148,"column":4},"end":{"line":152,"column":5}},{"start":{},"end":{}}],"line":148},"10":{"loc":{"start":{"line":155,"column":4},"end":{"line":157,"column":5}},"type":"if","locations":[{"start":{"line":155,"column":4},"end":{"line":157,"column":5}},{"start":{},"end":{}}],"line":155}},"s":{"0":1,"1":1,"2":3,"3":3,"4":2,"5":1,"6":1,"7":1,"8":8,"9":8,"10":8,"11":3,"12":5,"13":2,"14":3,"15":1,"16":2,"17":1,"18":1,"19":1,"20":1,"21":1,"22":5,"23":5,"24":5,"25":5,"26":1,"27":4,"28":1,"29":3,"30":3,"31":1,"32":2,"33":2,"34":1,"35":1,"36":1,"37":0,"38":0,"39":1,"40":4,"41":4,"42":4,"43":3,"44":1,"45":2,"46":2,"47":1,"48":1,"49":1,"50":1},"f":{"0":3,"1":8,"2":5,"3":4},"b":{"0":[3,5],"1":[8,6,6,6],"2":[2,3],"3":[1,2],"4":[1,4],"5":[5,4,4,4],"6":[1,3],"7":[1,2],"8":[1,1],"9":[1,2],"10":[1,1]},"_coverageSchema":"1a1c01bbd47fc00a2c39e90264f33305004495a9","hash":"b495d845044a07b7c49bb9cc846c1380b448eded"}
,"C:\\laragon\\www\\fyp\\backend\\controllers\\profileControllers.js": {"path":"C:\\laragon\\www\\fyp\\backend\\controllers\\profileControllers.js","statementMap":{"0":{"start":{"line":2,"column":11},"end":{"line":2,"column":36}},"1":{"start":{"line":3,"column":15},"end":{"line":3,"column":34}},"2":{"start":{"line":8,"column":0},"end":{"line":24,"column":2}},"3":{"start":{"line":9,"column":2},"end":{"line":23,"column":3}},"4":{"start":{"line":10,"column":19},"end":{"line":10,"column":30}},"5":{"start":{"line":12,"column":19},"end":{"line":15,"column":5}},"6":{"start":{"line":17,"column":4},"end":{"line":17,"column":82}},"7":{"start":{"line":17,"column":22},"end":{"line":17,"column":82}},"8":{"start":{"line":19,"column":4},"end":{"line":19,"column":32}},"9":{"start":{"line":21,"column":4},"end":{"line":21,"column":44}},"10":{"start":{"line":22,"column":4},"end":{"line":22,"column":81}},"11":{"start":{"line":29,"column":0},"end":{"line":66,"column":2}},"12":{"start":{"line":30,"column":2},"end":{"line":65,"column":3}},"13":{"start":{"line":31,"column":19},"end":{"line":31,"column":30}},"14":{"start":{"line":32,"column":26},"end":{"line":32,"column":34}},"15":{"start":{"line":34,"column":4},"end":{"line":35,"column":79}},"16":{"start":{"line":35,"column":6},"end":{"line":35,"column":79}},"17":{"start":{"line":37,"column":4},"end":{"line":37,"column":23}},"18":{"start":{"line":38,"column":4},"end":{"line":38,"column":25}},"19":{"start":{"line":40,"column":4},"end":{"line":41,"column":73}},"20":{"start":{"line":41,"column":6},"end":{"line":41,"column":73}},"21":{"start":{"line":43,"column":23},"end":{"line":46,"column":5}},"22":{"start":{"line":48,"column":4},"end":{"line":49,"column":99}},"23":{"start":{"line":49,"column":6},"end":{"line":49,"column":99}},"24":{"start":{"line":51,"column":21},"end":{"line":54,"column":5}},"25":{"start":{"line":56,"column":4},"end":{"line":56,"column":90}},"26":{"start":{"line":56,"column":30},"end":{"line":56,"column":90}},"27":{"start":{"line":58,"column":4},"end":{"line":58,"column":82}},"28":{"start":{"line":60,"column":4},"end":{"line":60,"column":47}},"29":{"start":{"line":62,"column":4},"end":{"line":63,"column":99}},"30":{"start":{"line":63,"column":6},"end":{"line":63,"column":99}},"31":{"start":{"line":64,"column":4},"end":{"line":64,"column":81}},"32":{"start":{"line":71,"column":0},"end":{"line":106,"column":2}},"33":{"start":{"line":72,"column":2},"end":{"line":105,"column":3}},"34":{"start":{"line":73,"column":19},"end":{"line":73,"column":30}},"35":{"start":{"line":74,"column":62},"end":{"line":74,"column":70}},"36":{"start":{"line":76,"column":4},"end":{"line":77,"column":84}},"37":{"start":{"line":77,"column":6},"end":{"line":77,"column":84}},"38":{"start":{"line":79,"column":4},"end":{"line":80,"column":74}},"39":{"start":{"line":80,"column":6},"end":{"line":80,"column":74}},"40":{"start":{"line":82,"column":4},"end":{"line":85,"column":9}},"41":{"start":{"line":83,"column":6},"end":{"line":85,"column":9}},"42":{"start":{"line":87,"column":19},"end":{"line":87,"column":91}},"43":{"start":{"line":89,"column":4},"end":{"line":89,"column":82}},"44":{"start":{"line":89,"column":22},"end":{"line":89,"column":82}},"45":{"start":{"line":91,"column":4},"end":{"line":92,"column":81}},"46":{"start":{"line":92,"column":6},"end":{"line":92,"column":81}},"47":{"start":{"line":94,"column":4},"end":{"line":95,"column":109}},"48":{"start":{"line":95,"column":6},"end":{"line":95,"column":109}},"49":{"start":{"line":97,"column":19},"end":{"line":97,"column":50}},"50":{"start":{"line":99,"column":4},"end":{"line":99,"column":88}},"51":{"start":{"line":101,"column":4},"end":{"line":101,"column":60}},"52":{"start":{"line":103,"column":4},"end":{"line":103,"column":48}},"53":{"start":{"line":104,"column":4},"end":{"line":104,"column":81}}},"fnMap":{"0":{"name":"(anonymous_0)","decl":{"start":{"line":8,"column":21},"end":{"line":8,"column":22}},"loc":{"start":{"line":8,"column":41},"end":{"line":24,"column":1}},"line":8},"1":{"name":"(anonymous_1)","decl":{"start":{"line":29,"column":24},"end":{"line":29,"column":25}},"loc":{"start":{"line":29,"column":44},"end":{"line":66,"column":1}},"line":29},"2":{"name":"(anonymous_2)","decl":{"start":{"line":71,"column":25},"end":{"line":71,"column":26}},"loc":{"start":{"line":71,"column":45},"end":{"line":106,"column":1}},"line":71}},"branchMap":{"0":{"loc":{"start":{"line":17,"column":4},"end":{"line":17,"column":82}},"type":"if","locations":[{"start":{"line":17,"column":4},"end":{"line":17,"column":82}},{"start":{},"end":{}}],"line":17},"1":{"loc":{"start":{"line":34,"column":4},"end":{"line":35,"column":79}},"type":"if","locations":[{"start":{"line":34,"column":4},"end":{"line":35,"column":79}},{"start":{},"end":{}}],"line":34},"2":{"loc":{"start":{"line":34,"column":8},"end":{"line":34,"column":39}},"type":"binary-expr","locations":[{"start":{"line":34,"column":8},"end":{"line":34,"column":21}},{"start":{"line":34,"column":25},"end":{"line":34,"column":39}}],"line":34},"3":{"loc":{"start":{"line":40,"column":4},"end":{"line":41,"column":73}},"type":"if","locations":[{"start":{"line":40,"column":4},"end":{"line":41,"column":73}},{"start":{},"end":{}}],"line":40},"4":{"loc":{"start":{"line":48,"column":4},"end":{"line":49,"column":99}},"type":"if","locations":[{"start":{"line":48,"column":4},"end":{"line":49,"column":99}},{"start":{},"end":{}}],"line":48},"5":{"loc":{"start":{"line":56,"column":4},"end":{"line":56,"column":90}},"type":"if","locations":[{"start":{"line":56,"column":4},"end":{"line":56,"column":90}},{"start":{},"end":{}}],"line":56},"6":{"loc":{"start":{"line":62,"column":4},"end":{"line":63,"column":99}},"type":"if","locations":[{"start":{"line":62,"column":4},"end":{"line":63,"column":99}},{"start":{},"end":{}}],"line":62},"7":{"loc":{"start":{"line":76,"column":4},"end":{"line":77,"column":84}},"type":"if","locations":[{"start":{"line":76,"column":4},"end":{"line":77,"column":84}},{"start":{},"end":{}}],"line":76},"8":{"loc":{"start":{"line":76,"column":8},"end":{"line":76,"column":60}},"type":"binary-expr","locations":[{"start":{"line":76,"column":8},"end":{"line":76,"column":24}},{"start":{"line":76,"column":28},"end":{"line":76,"column":40}},{"start":{"line":76,"column":44},"end":{"line":76,"column":60}}],"line":76},"9":{"loc":{"start":{"line":79,"column":4},"end":{"line":80,"column":74}},"type":"if","locations":[{"start":{"line":79,"column":4},"end":{"line":80,"column":74}},{"start":{},"end":{}}],"line":79},"10":{"loc":{"start":{"line":82,"column":4},"end":{"line":85,"column":9}},"type":"if","locations":[{"start":{"line":82,"column":4},"end":{"line":85,"column":9}},{"start":{},"end":{}}],"line":82},"11":{"loc":{"start":{"line":89,"column":4},"end":{"line":89,"column":82}},"type":"if","locations":[{"start":{"line":89,"column":4},"end":{"line":89,"column":82}},{"start":{},"end":{}}],"line":89},"12":{"loc":{"start":{"line":91,"column":4},"end":{"line":92,"column":81}},"type":"if","locations":[{"start":{"line":91,"column":4},"end":{"line":92,"column":81}},{"start":{},"end":{}}],"line":91},"13":{"loc":{"start":{"line":94,"column":4},"end":{"line":95,"column":109}},"type":"if","locations":[{"start":{"line":94,"column":4},"end":{"line":95,"column":109}},{"start":{},"end":{}}],"line":94}},"s":{"0":1,"1":1,"2":1,"3":3,"4":3,"5":3,"6":2,"7":1,"8":1,"9":1,"10":1,"11":1,"12":6,"13":6,"14":6,"15":6,"16":1,"17":5,"18":5,"19":5,"20":1,"21":4,"22":4,"23":1,"24":3,"25":2,"26":1,"27":1,"28":1,"29":1,"30":1,"31":0,"32":1,"33":7,"34":7,"35":7,"36":7,"37":1,"38":6,"39":1,"40":5,"41":1,"42":4,"43":4,"44":1,"45":3,"46":1,"47":2,"48":1,"49":1,"50":1,"51":1,"52":0,"53":0},"f":{"0":3,"1":6,"2":7},"b":{"0":[1,1],"1":[1,5],"2":[6,5],"3":[1,4],"4":[1,3],"5":[1,1],"6":[1,0],"7":[1,6],"8":[7,6,6],"9":[1,5],"10":[1,4],"11":[1,3],"12":[1,2],"13":[1,1]},"_coverageSchema":"1a1c01bbd47fc00a2c39e90264f33305004495a9","hash":"ecad2100ccc5d5db9e9126c8c4c841c4005f7726"}
,"C:\\laragon\\www\\fyp\\backend\\database\\db.js": {"path":"C:\\laragon\\www\\fyp\\backend\\database\\db.js","statementMap":{"0":{"start":{"line":1,"column":14},"end":{"line":1,"column":39}},"1":{"start":{"line":2,"column":15},"end":{"line":2,"column":32}},"2":{"start":{"line":3,"column":0},"end":{"line":3,"column":16}},"3":{"start":{"line":5,"column":11},"end":{"line":14,"column":2}},"4":{"start":{"line":16,"column":0},"end":{"line":23,"column":5}},"5":{"start":{"line":18,"column":4},"end":{"line":18,"column":51}},"6":{"start":{"line":19,"column":4},"end":{"line":19,"column":19}},"7":{"start":{"line":22,"column":4},"end":{"line":22,"column":60}},"8":{"start":{"line":25,"column":0},"end":{"line":25,"column":20}}},"fnMap":{"0":{"name":"(anonymous_0)","decl":{"start":{"line":17,"column":8},"end":{"line":17,"column":9}},"loc":{"start":{"line":17,"column":16},"end":{"line":20,"column":3}},"line":17},"1":{"name":"(anonymous_1)","decl":{"start":{"line":21,"column":9},"end":{"line":21,"column":10}},"loc":{"start":{"line":21,"column":16},"end":{"line":23,"column":3}},"line":21}},"branchMap":{"0":{"loc":{"start":{"line":6,"column":12},"end":{"line":6,"column":50}},"type":"binary-expr","locations":[{"start":{"line":6,"column":12},"end":{"line":6,"column":31}},{"start":{"line":6,"column":39},"end":{"line":6,"column":50}}],"line":6},"1":{"loc":{"start":{"line":7,"column":12},"end":{"line":7,"column":45}},"type":"binary-expr","locations":[{"start":{"line":7,"column":12},"end":{"line":7,"column":31}},{"start":{"line":7,"column":39},"end":{"line":7,"column":45}}],"line":7},"2":{"loc":{"start":{"line":8,"column":12},"end":{"line":8,"column":41}},"type":"binary-expr","locations":[{"start":{"line":8,"column":12},"end":{"line":8,"column":35}},{"start":{"line":8,"column":39},"end":{"line":8,"column":41}}],"line":8},"3":{"loc":{"start":{"line":9,"column":12},"end":{"line":9,"column":45}},"type":"binary-expr","locations":[{"start":{"line":9,"column":12},"end":{"line":9,"column":31}},{"start":{"line":9,"column":39},"end":{"line":9,"column":45}}],"line":9}},"s":{"0":5,"1":5,"2":5,"3":5,"4":5,"5":0,"6":0,"7":0,"8":5},"f":{"0":0,"1":0},"b":{"0":[5,0],"1":[5,0],"2":[5,5],"3":[5,0]},"_coverageSchema":"1a1c01bbd47fc00a2c39e90264f33305004495a9","hash":"d021746bbc0f1b52033a3b5142a1efb3094cdfee"}
}
