TN:
SF:controllers\adminControllers.js
FN:20,(anonymous_0)
FN:147,(anonymous_1)
FN:161,(anonymous_2)
FN:168,(anonymous_3)
FN:169,(anonymous_4)
FN:216,(anonymous_5)
FN:246,(anonymous_6)
FN:314,(anonymous_7)
FN:321,(anonymous_8)
FN:334,(anonymous_9)
FN:352,(anonymous_10)
FN:372,(anonymous_11)
FN:450,(anonymous_12)
FNF:13
FNH:11
FNDA:7,(anonymous_0)
FNDA:5,(anonymous_1)
FNDA:6,(anonymous_2)
FNDA:4,(anonymous_3)
FNDA:4,(anonymous_4)
FNDA:0,(anonymous_5)
FNDA:0,(anonymous_6)
FNDA:2,(anonymous_7)
FNDA:2,(anonymous_8)
FNDA:1,(anonymous_9)
FNDA:1,(anonymous_10)
FNDA:5,(anonymous_11)
FNDA:3,(anonymous_12)
DA:3,1
DA:4,1
DA:5,1
DA:7,1
DA:10,1
DA:20,1
DA:21,7
DA:22,7
DA:26,7
DA:27,2
DA:37,2
DA:39,2
DA:40,1
DA:41,1
DA:43,2
DA:45,2
DA:46,2
DA:50,5
DA:52,3
DA:54,3
DA:55,1
DA:62,1
DA:63,1
DA:64,0
DA:65,0
DA:67,1
DA:69,2
DA:70,1
DA:77,1
DA:78,1
DA:79,0
DA:80,0
DA:82,1
DA:84,1
DA:85,1
DA:101,1
DA:102,1
DA:103,0
DA:104,0
DA:106,1
DA:110,0
DA:114,0
DA:115,0
DA:116,0
DA:117,0
DA:119,0
DA:121,3
DA:122,3
DA:126,2
DA:127,2
DA:128,2
DA:129,0
DA:130,0
DA:132,2
DA:134,2
DA:135,1
DA:138,1
DA:139,1
DA:147,1
DA:148,5
DA:149,5
DA:150,5
DA:152,5
DA:153,5
DA:154,5
DA:158,5
DA:159,5
DA:161,6
DA:163,5
DA:164,1
DA:165,1
DA:168,4
DA:169,4
DA:171,4
DA:173,3
DA:174,1
DA:175,1
DA:179,2
DA:180,1
DA:181,1
DA:185,0
DA:186,0
DA:193,2
DA:195,2
DA:199,2
DA:202,1
DA:203,1
DA:204,1
DA:205,1
DA:206,0
DA:208,5
DA:216,1
DA:217,0
DA:218,0
DA:219,0
DA:221,0
DA:222,0
DA:223,0
DA:224,0
DA:225,0
DA:226,0
DA:229,0
DA:230,0
DA:232,0
DA:233,0
DA:234,0
DA:237,0
DA:238,0
DA:246,1
DA:247,0
DA:248,0
DA:250,0
DA:251,0
DA:253,0
DA:254,0
DA:256,0
DA:257,0
DA:258,0
DA:259,0
DA:260,0
DA:261,0
DA:262,0
DA:264,0
DA:271,0
DA:273,0
DA:274,0
DA:278,0
DA:279,0
DA:285,0
DA:287,0
DA:290,0
DA:298,0
DA:305,0
DA:306,0
DA:314,1
DA:315,2
DA:316,2
DA:320,1
DA:321,1
DA:322,2
DA:325,1
DA:329,1
DA:334,1
DA:335,1
DA:336,1
DA:339,1
DA:351,1
DA:352,1
DA:353,1
DA:354,1
DA:355,1
DA:356,1
DA:357,1
DA:360,1
DA:363,1
DA:364,1
DA:372,1
DA:373,5
DA:374,5
DA:375,5
DA:377,5
DA:379,5
DA:380,1
DA:381,1
DA:384,4
DA:385,1
DA:386,1
DA:389,3
DA:390,3
DA:391,1
DA:392,1
DA:395,2
DA:396,2
DA:397,2
DA:398,2
DA:400,2
DA:406,2
DA:408,2
DA:409,1
DA:414,2
DA:415,1
DA:421,2
DA:423,2
DA:425,2
DA:436,0
DA:437,0
DA:438,0
DA:439,0
DA:440,0
DA:442,5
DA:450,1
DA:451,3
DA:452,3
DA:454,3
DA:460,3
DA:461,3
DA:462,1
DA:463,1
DA:465,3
DA:467,3
DA:468,2
DA:471,1
DA:472,1
LF:203
LH:140
BRDA:26,0,0,2
BRDA:26,0,1,5
BRDA:39,1,0,1
BRDA:39,1,1,1
BRDA:50,2,0,3
BRDA:50,2,1,2
BRDA:54,3,0,1
BRDA:54,3,1,2
BRDA:63,4,0,0
BRDA:63,4,1,1
BRDA:69,5,0,1
BRDA:69,5,1,1
BRDA:78,6,0,0
BRDA:78,6,1,1
BRDA:84,7,0,1
BRDA:84,7,1,0
BRDA:102,8,0,0
BRDA:102,8,1,1
BRDA:115,9,0,0
BRDA:115,9,1,0
BRDA:128,10,0,0
BRDA:128,10,1,2
BRDA:159,11,0,0
BRDA:159,11,1,5
BRDA:159,12,0,5
BRDA:159,12,1,0
BRDA:163,13,0,1
BRDA:163,13,1,4
BRDA:173,14,0,1
BRDA:173,14,1,2
BRDA:179,15,0,1
BRDA:179,15,1,1
BRDA:180,16,0,1
BRDA:180,16,1,0
BRDA:185,17,0,0
BRDA:185,17,1,0
BRDA:204,18,0,1
BRDA:204,18,1,0
BRDA:221,19,0,0
BRDA:221,19,1,0
BRDA:222,20,0,0
BRDA:222,20,1,0
BRDA:225,21,0,0
BRDA:225,21,1,0
BRDA:229,22,0,0
BRDA:229,22,1,0
BRDA:233,23,0,0
BRDA:233,23,1,0
BRDA:250,24,0,0
BRDA:250,24,1,0
BRDA:250,25,0,0
BRDA:250,25,1,0
BRDA:273,26,0,0
BRDA:273,26,1,0
BRDA:276,27,0,0
BRDA:276,27,1,0
BRDA:276,28,0,0
BRDA:276,28,1,0
BRDA:276,29,0,0
BRDA:276,29,1,0
BRDA:278,30,0,0
BRDA:278,30,1,0
BRDA:281,31,0,0
BRDA:281,31,1,0
BRDA:281,32,0,0
BRDA:281,32,1,0
BRDA:281,33,0,0
BRDA:281,33,1,0
BRDA:293,34,0,0
BRDA:293,34,1,0
BRDA:322,35,0,2
BRDA:322,35,1,0
BRDA:335,36,0,1
BRDA:335,36,1,0
BRDA:354,37,0,1
BRDA:354,37,1,0
BRDA:355,38,0,1
BRDA:355,38,1,0
BRDA:356,39,0,0
BRDA:356,39,1,1
BRDA:357,40,0,0
BRDA:357,40,1,1
BRDA:379,41,0,1
BRDA:379,41,1,4
BRDA:379,42,0,5
BRDA:379,42,1,4
BRDA:379,42,2,4
BRDA:384,43,0,1
BRDA:384,43,1,3
BRDA:390,44,0,1
BRDA:390,44,1,2
BRDA:408,45,0,1
BRDA:408,45,1,1
BRDA:411,46,0,1
BRDA:411,46,1,0
BRDA:411,47,0,1
BRDA:411,47,1,1
BRDA:411,48,0,1
BRDA:411,48,1,1
BRDA:414,49,0,1
BRDA:414,49,1,1
BRDA:417,50,0,1
BRDA:417,50,1,1
BRDA:417,51,0,1
BRDA:417,51,1,0
BRDA:417,52,0,1
BRDA:417,52,1,0
BRDA:429,53,0,2
BRDA:429,53,1,1
BRDA:430,54,0,2
BRDA:430,54,1,1
BRDA:430,55,0,1
BRDA:430,55,1,1
BRDA:430,56,0,1
BRDA:430,56,1,1
BRDA:431,57,0,2
BRDA:431,57,1,1
BRDA:431,58,0,1
BRDA:431,58,1,0
BRDA:431,59,0,1
BRDA:431,59,1,0
BRDA:438,60,0,0
BRDA:438,60,1,0
BRDA:461,61,0,1
BRDA:461,61,1,2
BRF:125
BRH:67
end_of_record
TN:
SF:controllers\applicationControllers.js
FN:10,(anonymous_0)
FN:15,(anonymous_1)
FN:24,(anonymous_2)
FN:37,(anonymous_3)
FN:51,(anonymous_4)
FN:51,(anonymous_5)
FN:60,(anonymous_6)
FN:117,insertEducation
FN:120,(anonymous_8)
FN:121,(anonymous_9)
FN:129,insertSkills
FN:132,(anonymous_11)
FN:133,(anonymous_12)
FN:145,(anonymous_13)
FN:186,(anonymous_14)
FN:279,(anonymous_15)
FN:315,(anonymous_16)
FN:354,(anonymous_17)
FN:395,(anonymous_18)
FN:432,(anonymous_19)
FNF:20
FNH:12
FNDA:0,(anonymous_0)
FNDA:0,(anonymous_1)
FNDA:0,(anonymous_2)
FNDA:5,(anonymous_3)
FNDA:55,(anonymous_4)
FNDA:21,(anonymous_5)
FNDA:21,(anonymous_6)
FNDA:2,insertEducation
FNDA:0,(anonymous_8)
FNDA:0,(anonymous_9)
FNDA:2,insertSkills
FNDA:0,(anonymous_11)
FNDA:0,(anonymous_12)
FNDA:3,(anonymous_13)
FNDA:3,(anonymous_14)
FNDA:0,(anonymous_15)
FNDA:4,(anonymous_16)
FNDA:2,(anonymous_17)
FNDA:2,(anonymous_18)
FNDA:7,(anonymous_19)
DA:1,1
DA:2,1
DA:3,1
DA:4,1
DA:6,1
DA:9,1
DA:11,0
DA:12,0
DA:13,0
DA:16,0
DA:17,0
DA:21,1
DA:25,0
DA:31,1
DA:37,1
DA:38,5
DA:39,5
DA:44,5
DA:46,5
DA:47,5
DA:48,5
DA:50,5
DA:51,55
DA:53,5
DA:54,2
DA:60,21
DA:61,2
DA:64,3
DA:71,2
DA:72,1
DA:74,1
DA:85,1
DA:86,1
DA:87,1
DA:88,1
DA:90,1
DA:93,1
DA:102,1
DA:103,1
DA:104,1
DA:106,1
DA:110,1
DA:111,1
DA:118,2
DA:119,0
DA:120,0
DA:121,0
DA:122,0
DA:123,0
DA:130,2
DA:131,0
DA:132,0
DA:133,0
DA:134,0
DA:135,0
DA:145,1
DA:146,3
DA:147,3
DA:149,3
DA:162,2
DA:164,1
DA:165,1
DA:167,1
DA:170,1
DA:174,1
DA:177,1
DA:178,1
DA:186,1
DA:187,3
DA:188,3
DA:189,3
DA:191,3
DA:193,3
DA:198,3
DA:199,1
DA:200,1
DA:203,2
DA:204,1
DA:205,1
DA:208,1
DA:210,1
DA:215,1
DA:220,1
DA:236,1
DA:237,1
DA:239,1
DA:241,1
DA:245,1
DA:246,1
DA:248,1
DA:254,1
DA:256,1
DA:260,1
DA:267,0
DA:268,0
DA:269,0
DA:271,3
DA:279,1
DA:280,0
DA:281,0
DA:283,0
DA:288,0
DA:289,0
DA:291,0
DA:292,0
DA:293,0
DA:298,0
DA:303,0
DA:306,0
DA:307,0
DA:315,1
DA:316,4
DA:317,4
DA:319,4
DA:329,4
DA:331,4
DA:332,1
DA:333,1
DA:335,4
DA:336,1
DA:337,1
DA:339,4
DA:341,4
DA:342,3
DA:345,1
DA:346,1
DA:354,1
DA:355,2
DA:356,2
DA:358,2
DA:372,2
DA:373,1
DA:375,1
DA:376,1
DA:379,1
DA:383,1
DA:386,0
DA:387,0
DA:395,1
DA:396,2
DA:397,2
DA:398,2
DA:400,2
DA:402,2
DA:403,2
DA:404,2
DA:405,2
DA:407,2
DA:411,2
DA:412,1
DA:413,1
DA:416,1
DA:417,1
DA:420,0
DA:421,0
DA:422,0
DA:424,2
DA:432,1
DA:433,7
DA:434,7
DA:435,7
DA:437,7
DA:438,7
DA:440,7
DA:447,7
DA:448,1
DA:449,1
DA:452,6
DA:457,5
DA:458,1
DA:459,1
DA:463,4
DA:464,2
DA:465,1
DA:466,1
DA:471,1
DA:484,3
DA:487,3
DA:498,3
DA:510,3
DA:511,3
DA:520,3
DA:530,3
DA:536,1
DA:537,1
DA:538,1
DA:540,7
LF:187
LH:151
BRDA:12,0,0,0
BRDA:12,0,1,0
BRDA:25,1,0,0
BRDA:25,1,1,0
BRDA:47,2,0,5
BRDA:47,2,1,5
BRDA:48,3,0,5
BRDA:48,3,1,5
BRDA:53,4,0,2
BRDA:53,4,1,3
BRDA:60,5,0,21
BRDA:60,5,1,0
BRDA:71,6,0,1
BRDA:71,6,1,1
BRDA:118,7,0,2
BRDA:118,7,1,0
BRDA:121,8,0,0
BRDA:121,8,1,0
BRDA:121,9,0,0
BRDA:121,9,1,0
BRDA:122,10,0,0
BRDA:122,10,1,0
BRDA:130,11,0,2
BRDA:130,11,1,0
BRDA:134,12,0,0
BRDA:134,12,1,0
BRDA:162,13,0,1
BRDA:162,13,1,1
BRDA:198,14,0,1
BRDA:198,14,1,2
BRDA:203,15,0,1
BRDA:203,15,1,1
BRDA:236,16,0,1
BRDA:236,16,1,0
BRDA:237,17,0,1
BRDA:237,17,1,0
BRDA:256,18,0,1
BRDA:256,18,1,0
BRDA:263,19,0,1
BRDA:263,19,1,0
BRDA:288,20,0,0
BRDA:288,20,1,0
BRDA:292,21,0,0
BRDA:292,21,1,0
BRDA:331,22,0,1
BRDA:331,22,1,3
BRDA:331,23,0,4
BRDA:331,23,1,1
BRDA:335,24,0,1
BRDA:335,24,1,3
BRDA:372,25,0,1
BRDA:372,25,1,1
BRDA:411,26,0,1
BRDA:411,26,1,1
BRDA:447,27,0,1
BRDA:447,27,1,6
BRDA:457,28,0,1
BRDA:457,28,1,4
BRDA:463,29,0,2
BRDA:463,29,1,2
BRDA:464,30,0,1
BRDA:464,30,1,1
BRDA:464,31,0,2
BRDA:464,31,1,1
BRDA:464,31,2,1
BRDA:480,32,0,1
BRDA:480,32,1,1
BRDA:498,33,0,3
BRDA:498,33,1,0
BRDA:510,34,0,3
BRDA:510,34,1,0
BRDA:511,35,0,1
BRDA:511,35,1,2
BRDA:516,36,0,1
BRDA:516,36,1,1
BRF:75
BRH:50
end_of_record
TN:
SF:controllers\authControllers.js
FN:10,(anonymous_0)
FN:14,(anonymous_1)
FN:14,(anonymous_2)
FN:16,(anonymous_3)
FN:19,(anonymous_4)
FN:23,(anonymous_5)
FN:51,(anonymous_6)
FN:88,(anonymous_7)
FN:124,(anonymous_8)
FN:157,(anonymous_9)
FN:187,(anonymous_10)
FN:208,(anonymous_11)
FNF:12
FNH:8
FNDA:0,(anonymous_0)
FNDA:0,(anonymous_1)
FNDA:0,(anonymous_2)
FNDA:0,(anonymous_3)
FNDA:1,(anonymous_4)
FNDA:5,(anonymous_5)
FNDA:6,(anonymous_6)
FNDA:7,(anonymous_7)
FNDA:5,(anonymous_8)
FNDA:2,(anonymous_9)
FNDA:3,(anonymous_10)
FNDA:6,(anonymous_11)
DA:1,1
DA:2,1
DA:3,1
DA:4,1
DA:6,1
DA:10,1
DA:11,0
DA:12,0
DA:13,0
DA:14,0
DA:15,0
DA:16,0
DA:19,1
DA:23,1
DA:24,5
DA:25,5
DA:26,5
DA:27,1
DA:29,4
DA:30,1
DA:32,3
DA:34,3
DA:39,1
DA:41,2
DA:43,2
DA:44,1
DA:45,1
DA:51,1
DA:52,6
DA:53,6
DA:54,6
DA:55,1
DA:57,5
DA:61,5
DA:62,1
DA:64,4
DA:66,4
DA:67,1
DA:68,3
DA:69,1
DA:70,2
DA:71,1
DA:73,1
DA:79,1
DA:81,0
DA:82,0
DA:88,1
DA:89,7
DA:90,7
DA:91,7
DA:92,1
DA:93,6
DA:94,1
DA:95,5
DA:96,1
DA:99,4
DA:100,1
DA:102,3
DA:103,1
DA:105,2
DA:107,2
DA:112,2
DA:113,1
DA:115,1
DA:117,0
DA:118,0
DA:124,1
DA:125,5
DA:126,5
DA:127,5
DA:131,5
DA:132,1
DA:134,4
DA:137,4
DA:138,1
DA:139,3
DA:140,1
DA:142,2
DA:143,1
DA:145,1
DA:146,1
DA:148,1
DA:150,0
DA:151,0
DA:157,1
DA:158,2
DA:159,2
DA:160,2
DA:164,2
DA:165,1
DA:167,1
DA:168,1
DA:169,1
DA:171,1
DA:176,1
DA:178,1
DA:180,0
DA:181,0
DA:187,1
DA:188,3
DA:189,3
DA:190,3
DA:194,3
DA:195,1
DA:196,2
DA:197,1
DA:199,1
DA:201,0
DA:202,0
DA:208,1
DA:209,6
DA:210,6
DA:211,6
DA:212,1
DA:213,5
DA:214,1
DA:215,4
DA:216,1
DA:218,3
DA:222,3
DA:223,1
DA:224,2
DA:225,1
DA:227,1
DA:228,1
DA:233,1
DA:235,0
DA:236,0
LF:128
LH:110
BRDA:26,0,0,1
BRDA:26,0,1,4
BRDA:26,1,0,5
BRDA:26,1,1,5
BRDA:26,1,2,4
BRDA:29,2,0,1
BRDA:29,2,1,3
BRDA:43,3,0,1
BRDA:43,3,1,1
BRDA:54,4,0,1
BRDA:54,4,1,5
BRDA:54,5,0,6
BRDA:54,5,1,5
BRDA:54,5,2,5
BRDA:61,6,0,1
BRDA:61,6,1,4
BRDA:66,7,0,1
BRDA:66,7,1,3
BRDA:68,8,0,1
BRDA:68,8,1,2
BRDA:70,9,0,1
BRDA:70,9,1,1
BRDA:91,10,0,1
BRDA:91,10,1,6
BRDA:91,11,0,7
BRDA:91,11,1,6
BRDA:91,11,2,6
BRDA:93,12,0,1
BRDA:93,12,1,5
BRDA:95,13,0,1
BRDA:95,13,1,4
BRDA:102,14,0,1
BRDA:102,14,1,2
BRDA:112,15,0,1
BRDA:112,15,1,1
BRDA:131,16,0,1
BRDA:131,16,1,4
BRDA:137,17,0,1
BRDA:137,17,1,3
BRDA:139,18,0,1
BRDA:139,18,1,2
BRDA:142,19,0,1
BRDA:142,19,1,1
BRDA:164,20,0,1
BRDA:164,20,1,1
BRDA:194,21,0,1
BRDA:194,21,1,2
BRDA:196,22,0,1
BRDA:196,22,1,1
BRDA:211,23,0,1
BRDA:211,23,1,5
BRDA:211,24,0,6
BRDA:211,24,1,5
BRDA:211,24,2,5
BRDA:213,25,0,1
BRDA:213,25,1,4
BRDA:215,26,0,1
BRDA:215,26,1,3
BRDA:222,27,0,1
BRDA:222,27,1,2
BRDA:224,28,0,1
BRDA:224,28,1,1
BRF:62
BRH:62
end_of_record
TN:
SF:controllers\intakeControllers.js
FN:7,(anonymous_0)
FN:37,(anonymous_1)
FN:82,(anonymous_2)
FN:140,(anonymous_3)
FNF:4
FNH:4
FNDA:3,(anonymous_0)
FNDA:8,(anonymous_1)
FNDA:5,(anonymous_2)
FNDA:4,(anonymous_3)
DA:2,1
DA:7,1
DA:8,3
DA:9,3
DA:27,2
DA:29,1
DA:30,1
DA:37,1
DA:38,8
DA:39,8
DA:41,8
DA:42,3
DA:45,5
DA:46,2
DA:49,3
DA:50,1
DA:53,2
DA:59,1
DA:72,1
DA:74,1
DA:75,1
DA:82,1
DA:83,5
DA:84,5
DA:85,5
DA:87,5
DA:88,1
DA:91,4
DA:92,1
DA:96,3
DA:99,3
DA:100,1
DA:105,2
DA:111,2
DA:112,1
DA:115,1
DA:130,1
DA:132,0
DA:133,0
DA:140,1
DA:141,4
DA:142,4
DA:145,4
DA:148,3
DA:149,1
DA:154,2
DA:155,2
DA:156,1
DA:159,1
DA:161,1
DA:162,1
LF:51
LH:49
BRDA:41,0,0,3
BRDA:41,0,1,5
BRDA:41,1,0,8
BRDA:41,1,1,6
BRDA:41,1,2,6
BRDA:41,1,3,6
BRDA:45,2,0,2
BRDA:45,2,1,3
BRDA:49,3,0,1
BRDA:49,3,1,2
BRDA:87,4,0,1
BRDA:87,4,1,4
BRDA:87,5,0,5
BRDA:87,5,1,4
BRDA:87,5,2,4
BRDA:87,5,3,4
BRDA:91,6,0,1
BRDA:91,6,1,3
BRDA:99,7,0,1
BRDA:99,7,1,2
BRDA:111,8,0,1
BRDA:111,8,1,1
BRDA:148,9,0,1
BRDA:148,9,1,2
BRDA:155,10,0,1
BRDA:155,10,1,1
BRF:26
BRH:26
end_of_record
TN:
SF:controllers\profileControllers.js
FN:8,(anonymous_0)
FN:29,(anonymous_1)
FN:71,(anonymous_2)
FNF:3
FNH:3
FNDA:3,(anonymous_0)
FNDA:6,(anonymous_1)
FNDA:7,(anonymous_2)
DA:2,1
DA:3,1
DA:8,1
DA:9,3
DA:10,3
DA:12,3
DA:17,2
DA:19,1
DA:21,1
DA:22,1
DA:29,1
DA:30,6
DA:31,6
DA:32,6
DA:34,6
DA:35,1
DA:37,5
DA:38,5
DA:40,5
DA:41,1
DA:43,4
DA:48,4
DA:49,1
DA:51,3
DA:56,2
DA:58,1
DA:60,1
DA:62,1
DA:63,1
DA:64,0
DA:71,1
DA:72,7
DA:73,7
DA:74,7
DA:76,7
DA:77,1
DA:79,6
DA:80,1
DA:82,5
DA:83,1
DA:87,4
DA:89,4
DA:91,3
DA:92,1
DA:94,2
DA:95,1
DA:97,1
DA:99,1
DA:101,1
DA:103,0
DA:104,0
LF:51
LH:48
BRDA:17,0,0,1
BRDA:17,0,1,1
BRDA:34,1,0,1
BRDA:34,1,1,5
BRDA:34,2,0,6
BRDA:34,2,1,5
BRDA:40,3,0,1
BRDA:40,3,1,4
BRDA:48,4,0,1
BRDA:48,4,1,3
BRDA:56,5,0,1
BRDA:56,5,1,1
BRDA:62,6,0,1
BRDA:62,6,1,0
BRDA:76,7,0,1
BRDA:76,7,1,6
BRDA:76,8,0,7
BRDA:76,8,1,6
BRDA:76,8,2,6
BRDA:79,9,0,1
BRDA:79,9,1,5
BRDA:82,10,0,1
BRDA:82,10,1,4
BRDA:89,11,0,1
BRDA:89,11,1,3
BRDA:91,12,0,1
BRDA:91,12,1,2
BRDA:94,13,0,1
BRDA:94,13,1,1
BRF:29
BRH:28
end_of_record
TN:
SF:database\db.js
FN:17,(anonymous_0)
FN:21,(anonymous_1)
FNF:2
FNH:0
FNDA:0,(anonymous_0)
FNDA:0,(anonymous_1)
DA:1,5
DA:2,5
DA:3,5
DA:5,5
DA:16,5
DA:18,0
DA:19,0
DA:22,0
DA:25,5
LF:9
LH:6
BRDA:6,0,0,5
BRDA:6,0,1,0
BRDA:7,1,0,5
BRDA:7,1,1,0
BRDA:8,2,0,5
BRDA:8,2,1,5
BRDA:9,3,0,5
BRDA:9,3,1,0
BRF:8
BRH:5
end_of_record
