TN:
SF:controllers\adminControllers.js
FN:12,(anonymous_0)
FN:198,(anonymous_1)
FN:210,(anonymous_2)
FN:226,(anonymous_3)
FN:227,(anonymous_4)
FN:244,(anonymous_5)
FN:256,(anonymous_6)
FN:364,(anonymous_7)
FN:385,(anonymous_8)
FN:466,(anonymous_9)
FN:473,(anonymous_10)
FN:495,(anonymous_11)
FN:518,(anonymous_12)
FN:550,(anonymous_13)
FN:667,(anonymous_14)
FN:700,(anonymous_15)
FN:715,(anonymous_16)
FN:730,(anonymous_17)
FN:735,(anonymous_18)
FNF:19
FNH:12
FNDA:7,(anonymous_0)
FNDA:5,(anonymous_1)
FNDA:6,(anonymous_2)
FNDA:4,(anonymous_3)
FNDA:4,(anonymous_4)
FNDA:1,(anonymous_5)
FNDA:0,(anonymous_6)
FNDA:0,(anonymous_7)
FNDA:0,(anonymous_8)
FNDA:2,(anonymous_9)
FNDA:2,(anonymous_10)
FNDA:1,(anonymous_11)
FNDA:1,(anonymous_12)
FNDA:5,(anonymous_13)
FNDA:3,(anonymous_14)
FNDA:0,(anonymous_15)
FNDA:0,(anonymous_16)
FNDA:0,(anonymous_17)
FNDA:0,(anonymous_18)
DA:3,1
DA:4,1
DA:5,1
DA:7,1
DA:12,1
DA:13,7
DA:14,7
DA:17,7
DA:18,2
DA:33,2
DA:34,2
DA:35,1
DA:36,1
DA:38,2
DA:40,2
DA:41,2
DA:45,5
DA:47,3
DA:49,3
DA:50,1
DA:65,1
DA:66,1
DA:67,0
DA:68,0
DA:70,1
DA:72,2
DA:73,1
DA:89,1
DA:90,1
DA:91,0
DA:92,0
DA:94,1
DA:96,1
DA:97,1
DA:117,1
DA:118,1
DA:119,0
DA:120,0
DA:122,1
DA:124,0
DA:125,0
DA:137,0
DA:138,0
DA:139,0
DA:141,0
DA:143,0
DA:144,0
DA:156,0
DA:157,0
DA:158,0
DA:160,0
DA:163,0
DA:164,0
DA:165,0
DA:166,0
DA:167,0
DA:169,0
DA:172,3
DA:173,3
DA:177,2
DA:178,2
DA:179,2
DA:180,0
DA:181,0
DA:183,2
DA:185,2
DA:186,1
DA:189,1
DA:190,1
DA:198,1
DA:199,5
DA:200,5
DA:201,5
DA:203,5
DA:204,5
DA:205,5
DA:207,5
DA:208,5
DA:210,6
DA:212,5
DA:215,5
DA:217,5
DA:218,5
DA:220,5
DA:221,1
DA:222,1
DA:225,4
DA:226,4
DA:227,4
DA:228,4
DA:230,3
DA:231,1
DA:232,1
DA:236,2
DA:237,1
DA:238,1
DA:239,1
DA:240,1
DA:241,1
DA:243,1
DA:244,1
DA:245,1
DA:246,1
DA:249,1
DA:250,0
DA:251,0
DA:252,0
DA:253,0
DA:255,0
DA:256,0
DA:257,0
DA:258,0
DA:262,2
DA:266,2
DA:267,1
DA:283,1
DA:285,1
DA:286,0
DA:303,0
DA:305,1
DA:306,0
DA:307,0
DA:312,0
DA:320,0
DA:322,1
DA:323,0
DA:324,0
DA:329,0
DA:337,0
DA:340,1
DA:344,1
DA:347,2
DA:350,1
DA:351,1
DA:352,1
DA:353,1
DA:354,0
DA:356,5
DA:364,1
DA:365,0
DA:366,0
DA:368,0
DA:370,0
DA:371,0
DA:373,0
DA:376,0
DA:377,0
DA:385,1
DA:386,0
DA:387,0
DA:388,0
DA:390,0
DA:391,0
DA:393,0
DA:394,0
DA:396,0
DA:397,0
DA:398,0
DA:399,0
DA:400,0
DA:401,0
DA:402,0
DA:404,0
DA:411,0
DA:413,0
DA:414,0
DA:420,0
DA:421,0
DA:425,0
DA:426,0
DA:430,0
DA:431,0
DA:437,0
DA:439,0
DA:442,0
DA:450,0
DA:457,0
DA:458,0
DA:466,1
DA:467,2
DA:468,2
DA:472,1
DA:473,1
DA:474,2
DA:477,1
DA:481,1
DA:495,1
DA:496,1
DA:497,1
DA:500,1
DA:502,1
DA:505,1
DA:517,1
DA:518,1
DA:519,1
DA:520,1
DA:521,1
DA:522,1
DA:523,1
DA:526,1
DA:533,0
DA:541,2
DA:542,2
DA:550,1
DA:551,5
DA:552,5
DA:553,5
DA:562,5
DA:564,5
DA:565,1
DA:566,1
DA:569,4
DA:570,1
DA:571,1
DA:574,3
DA:575,3
DA:576,1
DA:577,1
DA:580,2
DA:581,2
DA:582,2
DA:583,2
DA:585,2
DA:590,2
DA:592,2
DA:593,1
DA:601,2
DA:602,1
DA:608,2
DA:609,0
DA:615,2
DA:616,0
DA:622,2
DA:623,2
DA:625,2
DA:653,0
DA:654,0
DA:655,0
DA:656,0
DA:657,0
DA:659,5
DA:667,1
DA:668,3
DA:669,3
DA:671,3
DA:681,3
DA:682,3
DA:683,1
DA:684,1
DA:686,3
DA:688,3
DA:689,2
DA:692,1
DA:693,1
DA:700,1
DA:701,0
DA:702,0
DA:708,0
DA:710,0
DA:711,0
DA:715,1
DA:716,0
DA:717,0
DA:721,0
DA:730,0
DA:731,0
DA:732,0
DA:735,0
DA:737,0
DA:740,0
DA:741,0
LF:271
LH:165
BRDA:17,0,0,2
BRDA:17,0,1,5
BRDA:34,1,0,1
BRDA:34,1,1,1
BRDA:45,2,0,3
BRDA:45,2,1,2
BRDA:49,3,0,1
BRDA:49,3,1,2
BRDA:66,4,0,0
BRDA:66,4,1,1
BRDA:72,5,0,1
BRDA:72,5,1,1
BRDA:90,6,0,0
BRDA:90,6,1,1
BRDA:96,7,0,1
BRDA:96,7,1,0
BRDA:118,8,0,0
BRDA:118,8,1,1
BRDA:124,9,0,0
BRDA:124,9,1,0
BRDA:137,10,0,0
BRDA:137,10,1,0
BRDA:143,11,0,0
BRDA:143,11,1,0
BRDA:156,12,0,0
BRDA:156,12,1,0
BRDA:165,13,0,0
BRDA:165,13,1,0
BRDA:179,14,0,0
BRDA:179,14,1,2
BRDA:208,15,0,0
BRDA:208,15,1,5
BRDA:208,16,0,5
BRDA:208,16,1,0
BRDA:212,17,0,5
BRDA:212,17,1,1
BRDA:212,17,2,0
BRDA:212,17,3,0
BRDA:212,17,4,0
BRDA:215,18,0,5
BRDA:215,18,1,0
BRDA:215,18,2,0
BRDA:215,18,3,0
BRDA:217,19,0,5
BRDA:217,19,1,0
BRDA:218,20,0,5
BRDA:218,20,1,0
BRDA:220,21,0,1
BRDA:220,21,1,4
BRDA:220,22,0,5
BRDA:220,22,1,1
BRDA:220,22,2,1
BRDA:220,22,3,1
BRDA:225,23,0,4
BRDA:225,23,1,0
BRDA:230,24,0,1
BRDA:230,24,1,2
BRDA:236,25,0,1
BRDA:236,25,1,1
BRDA:238,26,0,1
BRDA:238,26,1,0
BRDA:239,27,0,0
BRDA:239,27,1,1
BRDA:240,28,0,0
BRDA:240,28,1,1
BRDA:241,29,0,0
BRDA:241,29,1,1
BRDA:243,30,0,1
BRDA:243,30,1,0
BRDA:249,31,0,0
BRDA:249,31,1,1
BRDA:251,32,0,0
BRDA:251,32,1,0
BRDA:252,33,0,0
BRDA:252,33,1,0
BRDA:253,34,0,0
BRDA:253,34,1,0
BRDA:253,35,0,0
BRDA:253,35,1,0
BRDA:255,36,0,0
BRDA:255,36,1,0
BRDA:266,37,0,1
BRDA:266,37,1,1
BRDA:285,38,0,0
BRDA:285,38,1,1
BRDA:305,39,0,0
BRDA:305,39,1,1
BRDA:306,40,0,0
BRDA:306,40,1,0
BRDA:309,41,0,0
BRDA:309,41,1,0
BRDA:322,42,0,0
BRDA:322,42,1,1
BRDA:323,43,0,0
BRDA:323,43,1,0
BRDA:326,44,0,0
BRDA:326,44,1,0
BRDA:352,45,0,1
BRDA:352,45,1,0
BRDA:370,46,0,0
BRDA:370,46,1,0
BRDA:390,47,0,0
BRDA:390,47,1,0
BRDA:390,48,0,0
BRDA:390,48,1,0
BRDA:413,49,0,0
BRDA:413,49,1,0
BRDA:418,50,0,0
BRDA:418,50,1,0
BRDA:418,51,0,0
BRDA:418,51,1,0
BRDA:418,52,0,0
BRDA:418,52,1,0
BRDA:418,53,0,0
BRDA:418,53,1,0
BRDA:420,54,0,0
BRDA:420,54,1,0
BRDA:423,55,0,0
BRDA:423,55,1,0
BRDA:423,56,0,0
BRDA:423,56,1,0
BRDA:423,57,0,0
BRDA:423,57,1,0
BRDA:425,58,0,0
BRDA:425,58,1,0
BRDA:428,59,0,0
BRDA:428,59,1,0
BRDA:430,60,0,0
BRDA:430,60,1,0
BRDA:433,61,0,0
BRDA:433,61,1,0
BRDA:445,62,0,0
BRDA:445,62,1,0
BRDA:474,63,0,2
BRDA:474,63,1,0
BRDA:496,64,0,1
BRDA:496,64,1,0
BRDA:520,65,0,1
BRDA:520,65,1,0
BRDA:521,66,0,1
BRDA:521,66,1,0
BRDA:522,67,0,0
BRDA:522,67,1,1
BRDA:523,68,0,0
BRDA:523,68,1,1
BRDA:537,69,0,0
BRDA:537,69,1,0
BRDA:564,70,0,1
BRDA:564,70,1,4
BRDA:564,71,0,5
BRDA:564,71,1,4
BRDA:564,71,2,4
BRDA:569,72,0,1
BRDA:569,72,1,3
BRDA:575,73,0,1
BRDA:575,73,1,2
BRDA:592,74,0,1
BRDA:592,74,1,1
BRDA:597,75,0,1
BRDA:597,75,1,1
BRDA:597,76,0,1
BRDA:597,76,1,0
BRDA:597,77,0,1
BRDA:597,77,1,1
BRDA:597,78,0,1
BRDA:597,78,1,1
BRDA:601,79,0,1
BRDA:601,79,1,1
BRDA:604,80,0,1
BRDA:604,80,1,1
BRDA:604,81,0,1
BRDA:604,81,1,0
BRDA:604,82,0,1
BRDA:604,82,1,1
BRDA:608,83,0,0
BRDA:608,83,1,2
BRDA:611,84,0,0
BRDA:611,84,1,0
BRDA:615,85,0,0
BRDA:615,85,1,2
BRDA:618,86,0,0
BRDA:618,86,1,0
BRDA:634,87,0,2
BRDA:634,87,1,1
BRDA:635,88,0,2
BRDA:635,88,1,1
BRDA:636,89,0,1
BRDA:636,89,1,1
BRDA:637,90,0,1
BRDA:637,90,1,1
BRDA:638,91,0,1
BRDA:638,91,1,1
BRDA:640,92,0,2
BRDA:640,92,1,1
BRDA:641,93,0,1
BRDA:641,93,1,0
BRDA:642,94,0,1
BRDA:642,94,1,1
BRDA:645,95,0,2
BRDA:645,95,1,2
BRDA:645,95,2,0
BRDA:646,96,0,0
BRDA:646,96,1,0
BRDA:655,97,0,0
BRDA:655,97,1,0
BRDA:682,98,0,1
BRDA:682,98,1,2
BRDA:731,99,0,0
BRDA:731,99,1,0
BRF:209
BRH:97
end_of_record
TN:
SF:controllers\applicationControllers.js
FN:10,(anonymous_0)
FN:15,(anonymous_1)
FN:24,(anonymous_2)
FN:35,insertEducation
FN:38,(anonymous_4)
FN:39,(anonymous_5)
FN:55,(anonymous_6)
FN:85,(anonymous_7)
FN:85,(anonymous_8)
FN:87,(anonymous_9)
FN:227,(anonymous_10)
FN:266,(anonymous_11)
FN:407,(anonymous_12)
FN:461,(anonymous_13)
FN:497,(anonymous_14)
FN:501,(anonymous_15)
FN:518,(anonymous_16)
FN:555,(anonymous_17)
FN:590,(anonymous_18)
FN:681,(anonymous_19)
FN:712,(anonymous_20)
FN:735,(anonymous_21)
FN:745,(anonymous_22)
FN:761,(anonymous_23)
FN:790,(anonymous_24)
FN:804,(anonymous_25)
FN:831,(anonymous_26)
FN:867,(anonymous_27)
FN:904,(anonymous_28)
FN:920,(anonymous_29)
FNF:30
FNH:6
FNDA:0,(anonymous_0)
FNDA:0,(anonymous_1)
FNDA:0,(anonymous_2)
FNDA:0,insertEducation
FNDA:0,(anonymous_4)
FNDA:0,(anonymous_5)
FNDA:5,(anonymous_6)
FNDA:50,(anonymous_7)
FNDA:22,(anonymous_8)
FNDA:22,(anonymous_9)
FNDA:3,(anonymous_10)
FNDA:3,(anonymous_11)
FNDA:0,(anonymous_12)
FNDA:0,(anonymous_13)
FNDA:0,(anonymous_14)
FNDA:0,(anonymous_15)
FNDA:0,(anonymous_16)
FNDA:0,(anonymous_17)
FNDA:0,(anonymous_18)
FNDA:0,(anonymous_19)
FNDA:0,(anonymous_20)
FNDA:0,(anonymous_21)
FNDA:0,(anonymous_22)
FNDA:0,(anonymous_23)
FNDA:0,(anonymous_24)
FNDA:0,(anonymous_25)
FNDA:0,(anonymous_26)
FNDA:0,(anonymous_27)
FNDA:0,(anonymous_28)
FNDA:0,(anonymous_29)
DA:1,1
DA:2,1
DA:3,1
DA:4,1
DA:6,1
DA:9,1
DA:11,0
DA:12,0
DA:13,0
DA:16,0
DA:17,0
DA:21,1
DA:25,0
DA:31,1
DA:36,0
DA:37,0
DA:38,0
DA:39,0
DA:40,0
DA:41,0
DA:55,1
DA:56,5
DA:57,5
DA:64,5
DA:66,5
DA:67,5
DA:69,5
DA:70,5
DA:73,5
DA:74,5
DA:78,5
DA:85,50
DA:86,5
DA:87,22
DA:88,5
DA:91,0
DA:92,0
DA:96,0
DA:103,0
DA:104,0
DA:106,0
DA:107,0
DA:111,0
DA:114,0
DA:121,0
DA:122,0
DA:127,0
DA:128,0
DA:129,0
DA:130,0
DA:135,0
DA:152,0
DA:153,0
DA:155,0
DA:157,0
DA:158,0
DA:159,0
DA:162,0
DA:164,0
DA:167,0
DA:175,0
DA:191,0
DA:192,0
DA:194,0
DA:195,0
DA:198,0
DA:200,0
DA:201,0
DA:202,0
DA:205,0
DA:207,0
DA:210,0
DA:218,0
DA:219,0
DA:227,1
DA:228,3
DA:229,3
DA:231,3
DA:245,3
DA:247,2
DA:248,2
DA:250,1
DA:254,1
DA:257,1
DA:258,1
DA:266,1
DA:267,3
DA:268,3
DA:269,3
DA:271,3
DA:273,3
DA:278,3
DA:279,1
DA:280,1
DA:283,2
DA:284,2
DA:285,2
DA:288,0
DA:290,0
DA:295,0
DA:301,0
DA:315,0
DA:316,0
DA:320,0
DA:323,0
DA:324,0
DA:326,0
DA:327,0
DA:330,0
DA:337,0
DA:338,0
DA:339,0
DA:341,0
DA:342,0
DA:347,0
DA:349,0
DA:351,0
DA:353,0
DA:357,0
DA:359,0
DA:364,0
DA:371,0
DA:372,0
DA:381,0
DA:382,0
DA:388,0
DA:395,0
DA:396,0
DA:397,0
DA:399,3
DA:407,1
DA:408,0
DA:409,0
DA:411,0
DA:416,0
DA:417,0
DA:419,0
DA:420,0
DA:422,0
DA:423,0
DA:425,0
DA:432,0
DA:438,0
DA:445,0
DA:446,0
DA:449,0
DA:452,0
DA:453,0
DA:461,1
DA:462,0
DA:463,0
DA:465,0
DA:483,0
DA:485,0
DA:486,0
DA:487,0
DA:489,0
DA:490,0
DA:491,0
DA:493,0
DA:495,0
DA:497,0
DA:501,0
DA:506,0
DA:509,0
DA:510,0
DA:518,1
DA:519,0
DA:520,0
DA:522,0
DA:535,0
DA:536,0
DA:538,0
DA:539,0
DA:543,0
DA:546,0
DA:547,0
DA:555,1
DA:556,0
DA:557,0
DA:558,0
DA:560,0
DA:562,0
DA:563,0
DA:565,0
DA:569,0
DA:570,0
DA:571,0
DA:574,0
DA:575,0
DA:578,0
DA:579,0
DA:580,0
DA:582,0
DA:590,1
DA:591,0
DA:592,0
DA:593,0
DA:595,0
DA:596,0
DA:599,0
DA:605,0
DA:608,0
DA:609,0
DA:610,0
DA:612,0
DA:615,0
DA:616,0
DA:617,0
DA:621,0
DA:622,0
DA:623,0
DA:624,0
DA:629,0
DA:634,0
DA:635,0
DA:636,0
DA:639,0
DA:642,0
DA:650,0
DA:652,0
DA:653,0
DA:661,0
DA:667,0
DA:668,0
DA:669,0
DA:671,0
DA:681,1
DA:682,0
DA:683,0
DA:698,0
DA:701,0
DA:702,0
DA:712,1
DA:713,0
DA:714,0
DA:735,0
DA:736,0
DA:742,0
DA:745,0
DA:749,0
DA:752,0
DA:753,0
DA:761,1
DA:762,0
DA:763,0
DA:764,0
DA:766,0
DA:768,0
DA:769,0
DA:771,0
DA:772,0
DA:773,0
DA:775,0
DA:776,0
DA:778,0
DA:779,0
DA:788,0
DA:789,0
DA:790,0
DA:791,0
DA:795,0
DA:800,0
DA:803,0
DA:804,0
DA:805,0
DA:811,0
DA:813,0
DA:819,0
DA:820,0
DA:821,0
DA:823,0
DA:831,1
DA:832,0
DA:833,0
DA:834,0
DA:836,0
DA:839,0
DA:843,0
DA:847,0
DA:848,0
DA:849,0
DA:852,0
DA:853,0
DA:856,0
DA:857,0
DA:858,0
DA:860,0
DA:867,1
DA:868,0
DA:869,0
DA:870,0
DA:872,0
DA:873,0
DA:875,0
DA:876,0
DA:878,0
DA:879,0
DA:880,0
DA:883,0
DA:886,0
DA:887,0
DA:888,0
DA:891,0
DA:892,0
DA:902,0
DA:903,0
DA:904,0
DA:905,0
DA:910,0
DA:916,0
DA:919,0
DA:920,0
DA:921,0
DA:927,0
DA:929,0
DA:935,0
DA:936,0
DA:937,0
DA:939,0
LF:320
LH:57
BRDA:12,0,0,0
BRDA:12,0,1,0
BRDA:25,1,0,0
BRDA:25,1,1,0
BRDA:36,2,0,0
BRDA:36,2,1,0
BRDA:39,3,0,0
BRDA:39,3,1,0
BRDA:39,4,0,0
BRDA:39,4,1,0
BRDA:40,5,0,0
BRDA:40,5,1,0
BRDA:63,6,0,5
BRDA:67,7,0,0
BRDA:67,7,1,5
BRDA:70,8,0,5
BRDA:70,8,1,5
BRDA:73,9,0,5
BRDA:73,9,1,0
BRDA:86,10,0,5
BRDA:86,10,1,0
BRDA:87,11,0,22
BRDA:87,11,1,0
BRDA:91,12,0,0
BRDA:91,12,1,0
BRDA:103,13,0,0
BRDA:103,13,1,0
BRDA:106,14,0,0
BRDA:106,14,1,0
BRDA:111,15,0,0
BRDA:111,15,1,0
BRDA:121,16,0,0
BRDA:121,16,1,0
BRDA:129,17,0,0
BRDA:129,17,1,0
BRDA:144,18,0,0
BRDA:144,18,1,0
BRDA:144,19,0,0
BRDA:144,19,1,0
BRDA:144,20,0,0
BRDA:144,20,1,0
BRDA:145,21,0,0
BRDA:145,21,1,0
BRDA:145,22,0,0
BRDA:145,22,1,0
BRDA:146,23,0,0
BRDA:146,23,1,0
BRDA:146,24,0,0
BRDA:146,24,1,0
BRDA:147,25,0,0
BRDA:147,25,1,0
BRDA:155,26,0,0
BRDA:155,26,1,0
BRDA:158,27,0,0
BRDA:158,27,1,0
BRDA:162,28,0,0
BRDA:162,28,1,0
BRDA:168,29,0,0
BRDA:168,29,1,0
BRDA:183,30,0,0
BRDA:183,30,1,0
BRDA:183,31,0,0
BRDA:183,31,1,0
BRDA:184,32,0,0
BRDA:184,32,1,0
BRDA:185,33,0,0
BRDA:185,33,1,0
BRDA:185,34,0,0
BRDA:185,34,1,0
BRDA:186,35,0,0
BRDA:186,35,1,0
BRDA:186,36,0,0
BRDA:186,36,1,0
BRDA:187,37,0,0
BRDA:187,37,1,0
BRDA:194,38,0,0
BRDA:194,38,1,0
BRDA:198,39,0,0
BRDA:198,39,1,0
BRDA:201,40,0,0
BRDA:201,40,1,0
BRDA:205,41,0,0
BRDA:205,41,1,0
BRDA:211,42,0,0
BRDA:211,42,1,0
BRDA:245,43,0,1
BRDA:245,43,1,2
BRDA:278,44,0,1
BRDA:278,44,1,2
BRDA:283,45,0,2
BRDA:283,45,1,0
BRDA:315,46,0,0
BRDA:315,46,1,0
BRDA:316,47,0,0
BRDA:316,47,1,0
BRDA:326,48,0,0
BRDA:326,48,1,0
BRDA:337,49,0,0
BRDA:337,49,1,0
BRDA:349,50,0,0
BRDA:349,50,1,0
BRDA:349,51,0,0
BRDA:349,51,1,0
BRDA:359,52,0,0
BRDA:359,52,1,0
BRDA:371,53,0,0
BRDA:371,53,1,0
BRDA:376,54,0,0
BRDA:376,54,1,0
BRDA:416,55,0,0
BRDA:416,55,1,0
BRDA:422,56,0,0
BRDA:422,56,1,0
BRDA:426,57,0,0
BRDA:426,57,1,0
BRDA:429,58,0,0
BRDA:429,58,1,0
BRDA:432,59,0,0
BRDA:432,59,1,0
BRDA:445,60,0,0
BRDA:445,60,1,0
BRDA:485,61,0,0
BRDA:485,61,1,0
BRDA:485,62,0,0
BRDA:485,62,1,0
BRDA:489,63,0,0
BRDA:489,63,1,0
BRDA:497,64,0,0
BRDA:497,64,1,0
BRDA:503,65,0,0
BRDA:503,65,1,0
BRDA:535,66,0,0
BRDA:535,66,1,0
BRDA:569,67,0,0
BRDA:569,67,1,0
BRDA:608,68,0,0
BRDA:608,68,1,0
BRDA:615,69,0,0
BRDA:615,69,1,0
BRDA:621,70,0,0
BRDA:621,70,1,0
BRDA:622,71,0,0
BRDA:622,71,1,0
BRDA:625,72,0,0
BRDA:625,72,1,0
BRDA:631,73,0,0
BRDA:631,73,1,0
BRDA:634,74,0,0
BRDA:634,74,1,0
BRDA:650,75,0,0
BRDA:650,75,1,0
BRDA:652,76,0,0
BRDA:652,76,1,0
BRDA:736,77,0,0
BRDA:736,77,1,0
BRDA:738,78,0,0
BRDA:738,78,1,0
BRDA:766,79,0,0
BRDA:768,80,0,0
BRDA:768,80,1,0
BRDA:772,81,0,0
BRDA:772,81,1,0
BRDA:772,82,0,0
BRDA:772,82,1,0
BRDA:775,83,0,0
BRDA:775,83,1,0
BRDA:778,84,0,0
BRDA:778,84,1,0
BRDA:778,85,0,0
BRDA:778,85,1,0
BRDA:788,86,0,0
BRDA:788,86,1,0
BRDA:803,87,0,0
BRDA:803,87,1,0
BRDA:803,88,0,0
BRDA:803,88,1,0
BRDA:847,89,0,0
BRDA:847,89,1,0
BRDA:873,90,0,0
BRDA:875,91,0,0
BRDA:875,91,1,0
BRDA:879,92,0,0
BRDA:879,92,1,0
BRDA:879,93,0,0
BRDA:879,93,1,0
BRDA:886,94,0,0
BRDA:886,94,1,0
BRDA:891,95,0,0
BRDA:891,95,1,0
BRDA:891,96,0,0
BRDA:891,96,1,0
BRDA:902,97,0,0
BRDA:902,97,1,0
BRDA:919,98,0,0
BRDA:919,98,1,0
BRDA:919,99,0,0
BRDA:919,99,1,0
BRF:197
BRH:12
end_of_record
TN:
SF:controllers\authControllers.js
FN:10,(anonymous_0)
FN:14,(anonymous_1)
FN:14,(anonymous_2)
FN:16,(anonymous_3)
FN:19,(anonymous_4)
FN:23,(anonymous_5)
FN:51,(anonymous_6)
FN:88,(anonymous_7)
FN:124,(anonymous_8)
FN:165,(anonymous_9)
FN:195,(anonymous_10)
FN:216,(anonymous_11)
FNF:12
FNH:8
FNDA:0,(anonymous_0)
FNDA:0,(anonymous_1)
FNDA:0,(anonymous_2)
FNDA:0,(anonymous_3)
FNDA:1,(anonymous_4)
FNDA:5,(anonymous_5)
FNDA:6,(anonymous_6)
FNDA:7,(anonymous_7)
FNDA:5,(anonymous_8)
FNDA:2,(anonymous_9)
FNDA:3,(anonymous_10)
FNDA:6,(anonymous_11)
DA:1,1
DA:2,1
DA:3,1
DA:4,1
DA:6,1
DA:10,1
DA:11,0
DA:12,0
DA:13,0
DA:14,0
DA:15,0
DA:16,0
DA:19,1
DA:23,1
DA:24,5
DA:25,5
DA:26,5
DA:27,1
DA:29,4
DA:30,1
DA:32,3
DA:34,3
DA:39,1
DA:41,2
DA:43,2
DA:44,1
DA:45,1
DA:51,1
DA:52,6
DA:53,6
DA:54,6
DA:55,1
DA:57,5
DA:61,5
DA:62,1
DA:64,4
DA:66,4
DA:67,1
DA:68,3
DA:69,1
DA:70,2
DA:71,1
DA:73,1
DA:79,1
DA:81,0
DA:82,0
DA:88,1
DA:89,7
DA:90,7
DA:91,7
DA:92,1
DA:93,6
DA:94,1
DA:95,5
DA:96,1
DA:99,4
DA:100,1
DA:102,3
DA:103,1
DA:105,2
DA:107,2
DA:112,2
DA:113,1
DA:115,1
DA:117,0
DA:118,0
DA:124,1
DA:125,5
DA:126,5
DA:127,5
DA:131,5
DA:132,1
DA:133,4
DA:136,4
DA:137,1
DA:138,3
DA:139,1
DA:141,2
DA:142,1
DA:144,1
DA:145,1
DA:147,1
DA:148,1
DA:149,0
DA:153,0
DA:156,1
DA:158,0
DA:159,0
DA:165,1
DA:166,2
DA:167,2
DA:168,2
DA:172,2
DA:173,1
DA:175,1
DA:176,1
DA:177,1
DA:179,1
DA:184,1
DA:186,1
DA:188,0
DA:189,0
DA:195,1
DA:196,3
DA:197,3
DA:198,3
DA:202,3
DA:203,1
DA:204,2
DA:205,1
DA:207,1
DA:209,0
DA:210,0
DA:216,1
DA:217,6
DA:218,6
DA:219,6
DA:220,1
DA:221,5
DA:222,1
DA:223,4
DA:224,1
DA:226,3
DA:230,3
DA:231,1
DA:232,2
DA:233,1
DA:235,1
DA:236,1
DA:241,1
DA:243,0
DA:244,0
LF:132
LH:112
BRDA:26,0,0,1
BRDA:26,0,1,4
BRDA:26,1,0,5
BRDA:26,1,1,5
BRDA:26,1,2,4
BRDA:29,2,0,1
BRDA:29,2,1,3
BRDA:43,3,0,1
BRDA:43,3,1,1
BRDA:54,4,0,1
BRDA:54,4,1,5
BRDA:54,5,0,6
BRDA:54,5,1,5
BRDA:54,5,2,5
BRDA:61,6,0,1
BRDA:61,6,1,4
BRDA:66,7,0,1
BRDA:66,7,1,3
BRDA:68,8,0,1
BRDA:68,8,1,2
BRDA:70,9,0,1
BRDA:70,9,1,1
BRDA:91,10,0,1
BRDA:91,10,1,6
BRDA:91,11,0,7
BRDA:91,11,1,6
BRDA:91,11,2,6
BRDA:93,12,0,1
BRDA:93,12,1,5
BRDA:95,13,0,1
BRDA:95,13,1,4
BRDA:102,14,0,1
BRDA:102,14,1,2
BRDA:112,15,0,1
BRDA:112,15,1,1
BRDA:131,16,0,1
BRDA:131,16,1,4
BRDA:136,17,0,1
BRDA:136,17,1,3
BRDA:138,18,0,1
BRDA:138,18,1,2
BRDA:141,19,0,1
BRDA:141,19,1,1
BRDA:148,20,0,0
BRDA:148,20,1,1
BRDA:153,21,0,0
BRDA:153,21,1,0
BRDA:172,22,0,1
BRDA:172,22,1,1
BRDA:202,23,0,1
BRDA:202,23,1,2
BRDA:204,24,0,1
BRDA:204,24,1,1
BRDA:219,25,0,1
BRDA:219,25,1,5
BRDA:219,26,0,6
BRDA:219,26,1,5
BRDA:219,26,2,5
BRDA:221,27,0,1
BRDA:221,27,1,4
BRDA:223,28,0,1
BRDA:223,28,1,3
BRDA:230,29,0,1
BRDA:230,29,1,2
BRDA:232,30,0,1
BRDA:232,30,1,1
BRF:66
BRH:63
end_of_record
TN:
SF:controllers\intakeControllers.js
FN:7,(anonymous_0)
FN:39,(anonymous_1)
FN:125,(anonymous_2)
FN:225,(anonymous_3)
FN:258,(anonymous_4)
FNF:5
FNH:4
FNDA:3,(anonymous_0)
FNDA:8,(anonymous_1)
FNDA:5,(anonymous_2)
FNDA:4,(anonymous_3)
FNDA:0,(anonymous_4)
DA:2,1
DA:7,1
DA:8,3
DA:9,3
DA:29,2
DA:31,1
DA:32,1
DA:39,1
DA:40,8
DA:46,8
DA:48,8
DA:49,8
DA:52,0
DA:53,0
DA:56,0
DA:57,0
DA:61,0
DA:62,0
DA:67,0
DA:68,0
DA:71,0
DA:72,0
DA:73,0
DA:75,0
DA:76,0
DA:78,0
DA:79,0
DA:83,0
DA:87,0
DA:88,0
DA:91,0
DA:99,0
DA:115,0
DA:117,0
DA:118,0
DA:125,1
DA:126,5
DA:127,5
DA:133,5
DA:135,5
DA:136,5
DA:139,0
DA:140,0
DA:144,0
DA:147,0
DA:148,0
DA:154,0
DA:155,0
DA:157,0
DA:158,0
DA:160,0
DA:161,0
DA:163,0
DA:164,0
DA:165,0
DA:167,0
DA:168,0
DA:170,0
DA:171,0
DA:175,0
DA:179,0
DA:180,0
DA:183,0
DA:193,0
DA:194,0
DA:197,0
DA:215,0
DA:217,0
DA:218,0
DA:225,1
DA:226,4
DA:227,4
DA:230,4
DA:233,4
DA:234,1
DA:239,2
DA:240,2
DA:241,1
DA:244,1
DA:246,1
DA:247,1
DA:258,1
DA:259,0
DA:260,0
DA:273,0
DA:274,0
DA:276,0
DA:277,0
LF:88
LH:31
BRDA:48,0,0,8
BRDA:48,0,1,0
BRDA:48,1,0,8
BRDA:48,1,1,6
BRDA:48,1,2,0
BRDA:48,1,3,0
BRDA:52,2,0,0
BRDA:52,2,1,0
BRDA:56,3,0,0
BRDA:56,3,1,0
BRDA:61,4,0,0
BRDA:61,4,1,0
BRDA:61,5,0,0
BRDA:61,5,1,0
BRDA:71,6,0,0
BRDA:71,6,1,0
BRDA:71,7,0,0
BRDA:71,7,1,0
BRDA:72,8,0,0
BRDA:72,8,1,0
BRDA:75,9,0,0
BRDA:75,9,1,0
BRDA:78,10,0,0
BRDA:78,10,1,0
BRDA:87,11,0,0
BRDA:87,11,1,0
BRDA:135,12,0,5
BRDA:135,12,1,0
BRDA:135,13,0,5
BRDA:135,13,1,4
BRDA:135,13,2,0
BRDA:135,13,3,0
BRDA:139,14,0,0
BRDA:139,14,1,0
BRDA:147,15,0,0
BRDA:147,15,1,0
BRDA:154,16,0,0
BRDA:154,16,1,0
BRDA:155,17,0,0
BRDA:155,17,1,0
BRDA:157,18,0,0
BRDA:157,18,1,0
BRDA:157,19,0,0
BRDA:157,19,1,0
BRDA:160,20,0,0
BRDA:160,20,1,0
BRDA:160,21,0,0
BRDA:160,21,1,0
BRDA:163,22,0,0
BRDA:163,22,1,0
BRDA:163,23,0,0
BRDA:163,23,1,0
BRDA:164,24,0,0
BRDA:164,24,1,0
BRDA:167,25,0,0
BRDA:167,25,1,0
BRDA:170,26,0,0
BRDA:170,26,1,0
BRDA:179,27,0,0
BRDA:179,27,1,0
BRDA:193,28,0,0
BRDA:193,28,1,0
BRDA:233,29,0,1
BRDA:233,29,1,2
BRDA:240,30,0,1
BRDA:240,30,1,1
BRDA:274,31,0,0
BRDA:274,31,1,0
BRF:68
BRH:10
end_of_record
TN:
SF:controllers\profileControllers.js
FN:8,(anonymous_0)
FN:29,(anonymous_1)
FN:71,(anonymous_2)
FNF:3
FNH:3
FNDA:3,(anonymous_0)
FNDA:6,(anonymous_1)
FNDA:7,(anonymous_2)
DA:2,1
DA:3,1
DA:8,1
DA:9,3
DA:10,3
DA:12,3
DA:17,2
DA:19,1
DA:21,1
DA:22,1
DA:29,1
DA:30,6
DA:31,6
DA:32,6
DA:34,6
DA:35,1
DA:37,5
DA:38,5
DA:40,5
DA:41,1
DA:43,4
DA:48,4
DA:49,1
DA:51,3
DA:56,2
DA:58,1
DA:60,1
DA:62,1
DA:63,1
DA:64,0
DA:71,1
DA:72,7
DA:73,7
DA:74,7
DA:76,7
DA:77,1
DA:79,6
DA:80,1
DA:82,5
DA:83,1
DA:87,4
DA:89,4
DA:91,3
DA:92,1
DA:94,2
DA:95,1
DA:97,1
DA:99,1
DA:101,1
DA:103,0
DA:104,0
LF:51
LH:48
BRDA:17,0,0,1
BRDA:17,0,1,1
BRDA:34,1,0,1
BRDA:34,1,1,5
BRDA:34,2,0,6
BRDA:34,2,1,5
BRDA:40,3,0,1
BRDA:40,3,1,4
BRDA:48,4,0,1
BRDA:48,4,1,3
BRDA:56,5,0,1
BRDA:56,5,1,1
BRDA:62,6,0,1
BRDA:62,6,1,0
BRDA:76,7,0,1
BRDA:76,7,1,6
BRDA:76,8,0,7
BRDA:76,8,1,6
BRDA:76,8,2,6
BRDA:79,9,0,1
BRDA:79,9,1,5
BRDA:82,10,0,1
BRDA:82,10,1,4
BRDA:89,11,0,1
BRDA:89,11,1,3
BRDA:91,12,0,1
BRDA:91,12,1,2
BRDA:94,13,0,1
BRDA:94,13,1,1
BRF:29
BRH:28
end_of_record
TN:
SF:database\db.js
FN:17,(anonymous_0)
FN:21,(anonymous_1)
FNF:2
FNH:0
FNDA:0,(anonymous_0)
FNDA:0,(anonymous_1)
DA:1,5
DA:2,5
DA:3,5
DA:5,5
DA:16,5
DA:18,0
DA:19,0
DA:22,0
DA:25,5
LF:9
LH:6
BRDA:6,0,0,5
BRDA:6,0,1,0
BRDA:7,1,0,5
BRDA:7,1,1,0
BRDA:8,2,0,5
BRDA:8,2,1,5
BRDA:9,3,0,5
BRDA:9,3,1,0
BRF:8
BRH:5
end_of_record
